{"C:\\source\\repos\\bpm\\internal\\python-skill-builder\\static\\js\\app.js": {"path":"C:\\source\\repos\\bpm\\internal\\python-skill-builder\\static\\js\\app.js","statementMap":{"0":{"start":{"line":43,"column":4},"end":{"line":43,"column":37}},"1":{"start":{"line":44,"column":4},"end":{"line":44,"column":38}},"2":{"start":{"line":45,"column":4},"end":{"line":45,"column":29}},"3":{"start":{"line":52,"column":4},"end":{"line":72,"column":5}},"4":{"start":{"line":54,"column":6},"end":{"line":54,"column":37}},"5":{"start":{"line":57,"column":6},"end":{"line":57,"column":31}},"6":{"start":{"line":60,"column":6},"end":{"line":60,"column":33}},"7":{"start":{"line":63,"column":6},"end":{"line":65,"column":7}},"8":{"start":{"line":64,"column":8},"end":{"line":64,"column":29}},"9":{"start":{"line":67,"column":6},"end":{"line":67,"column":30}},"10":{"start":{"line":68,"column":6},"end":{"line":68,"column":58}},"11":{"start":{"line":70,"column":6},"end":{"line":70,"column":64}},"12":{"start":{"line":71,"column":6},"end":{"line":71,"column":63}},"13":{"start":{"line":79,"column":4},"end":{"line":87,"column":5}},"14":{"start":{"line":80,"column":6},"end":{"line":80,"column":39}},"15":{"start":{"line":81,"column":22},"end":{"line":81,"column":56}},"16":{"start":{"line":82,"column":6},"end":{"line":82,"column":53}},"17":{"start":{"line":83,"column":6},"end":{"line":83,"column":29}},"18":{"start":{"line":85,"column":6},"end":{"line":85,"column":54}},"19":{"start":{"line":86,"column":6},"end":{"line":86,"column":63}},"20":{"start":{"line":94,"column":20},"end":{"line":94,"column":59}},"21":{"start":{"line":95,"column":4},"end":{"line":97,"column":7}},"22":{"start":{"line":96,"column":6},"end":{"line":96,"column":32}},"23":{"start":{"line":104,"column":4},"end":{"line":114,"column":5}},"24":{"start":{"line":105,"column":21},"end":{"line":105,"column":62}},"25":{"start":{"line":106,"column":6},"end":{"line":106,"column":58}},"26":{"start":{"line":108,"column":6},"end":{"line":110,"column":7}},"27":{"start":{"line":109,"column":8},"end":{"line":109,"column":74}},"28":{"start":{"line":112,"column":6},"end":{"line":112,"column":53}},"29":{"start":{"line":113,"column":6},"end":{"line":113,"column":56}},"30":{"start":{"line":121,"column":19},"end":{"line":121,"column":64}},"31":{"start":{"line":122,"column":4},"end":{"line":122,"column":75}},"32":{"start":{"line":125,"column":4},"end":{"line":125,"column":29}},"33":{"start":{"line":126,"column":4},"end":{"line":126,"column":69}},"34":{"start":{"line":129,"column":4},"end":{"line":140,"column":5}},"35":{"start":{"line":130,"column":6},"end":{"line":130,"column":43}},"36":{"start":{"line":131,"column":30},"end":{"line":135,"column":7}},"37":{"start":{"line":136,"column":25},"end":{"line":136,"column":89}},"38":{"start":{"line":137,"column":6},"end":{"line":137,"column":38}},"39":{"start":{"line":139,"column":6},"end":{"line":139,"column":49}},"40":{"start":{"line":143,"column":4},"end":{"line":143,"column":29}},"41":{"start":{"line":144,"column":4},"end":{"line":144,"column":35}},"42":{"start":{"line":147,"column":4},"end":{"line":147,"column":34}},"43":{"start":{"line":150,"column":4},"end":{"line":154,"column":5}},"44":{"start":{"line":151,"column":6},"end":{"line":153,"column":9}},"45":{"start":{"line":152,"column":8},"end":{"line":152,"column":39}},"46":{"start":{"line":161,"column":19},"end":{"line":161,"column":64}},"47":{"start":{"line":162,"column":22},"end":{"line":167,"column":5}},"48":{"start":{"line":168,"column":4},"end":{"line":168,"column":65}},"49":{"start":{"line":170,"column":4},"end":{"line":172,"column":5}},"50":{"start":{"line":171,"column":6},"end":{"line":171,"column":33}},"51":{"start":{"line":179,"column":21},"end":{"line":179,"column":79}},"52":{"start":{"line":180,"column":19},"end":{"line":180,"column":75}},"53":{"start":{"line":182,"column":4},"end":{"line":182,"column":37}},"54":{"start":{"line":182,"column":30},"end":{"line":182,"column":37}},"55":{"start":{"line":184,"column":4},"end":{"line":184,"column":37}},"56":{"start":{"line":185,"column":4},"end":{"line":185,"column":26}},"57":{"start":{"line":187,"column":4},"end":{"line":192,"column":7}},"58":{"start":{"line":188,"column":21},"end":{"line":188,"column":53}},"59":{"start":{"line":189,"column":6},"end":{"line":189,"column":33}},"60":{"start":{"line":190,"column":6},"end":{"line":190,"column":42}},"61":{"start":{"line":191,"column":6},"end":{"line":191,"column":33}},"62":{"start":{"line":194,"column":4},"end":{"line":194,"column":65}},"63":{"start":{"line":194,"column":29},"end":{"line":194,"column":64}},"64":{"start":{"line":201,"column":21},"end":{"line":201,"column":68}},"65":{"start":{"line":202,"column":19},"end":{"line":202,"column":64}},"66":{"start":{"line":203,"column":21},"end":{"line":203,"column":70}},"67":{"start":{"line":205,"column":4},"end":{"line":205,"column":26}},"68":{"start":{"line":205,"column":19},"end":{"line":205,"column":26}},"69":{"start":{"line":207,"column":4},"end":{"line":207,"column":72}},"70":{"start":{"line":210,"column":19},"end":{"line":210,"column":75}},"71":{"start":{"line":211,"column":4},"end":{"line":211,"column":42}},"72":{"start":{"line":211,"column":16},"end":{"line":211,"column":42}},"73":{"start":{"line":213,"column":24},"end":{"line":213,"column":85}},"74":{"start":{"line":214,"column":4},"end":{"line":214,"column":68}},"75":{"start":{"line":214,"column":21},"end":{"line":214,"column":68}},"76":{"start":{"line":217,"column":22},"end":{"line":222,"column":5}},"77":{"start":{"line":223,"column":4},"end":{"line":223,"column":65}},"78":{"start":{"line":226,"column":21},"end":{"line":226,"column":64}},"79":{"start":{"line":227,"column":4},"end":{"line":227,"column":75}},"80":{"start":{"line":228,"column":4},"end":{"line":228,"column":38}},"81":{"start":{"line":231,"column":4},"end":{"line":231,"column":29}},"82":{"start":{"line":232,"column":4},"end":{"line":234,"column":5}},"83":{"start":{"line":233,"column":6},"end":{"line":233,"column":33}},"84":{"start":{"line":241,"column":22},"end":{"line":241,"column":78}},"85":{"start":{"line":242,"column":4},"end":{"line":242,"column":27}},"86":{"start":{"line":242,"column":20},"end":{"line":242,"column":27}},"87":{"start":{"line":244,"column":4},"end":{"line":244,"column":29}},"88":{"start":{"line":245,"column":18},"end":{"line":245,"column":47}},"89":{"start":{"line":247,"column":4},"end":{"line":253,"column":7}},"90":{"start":{"line":248,"column":21},"end":{"line":248,"column":53}},"91":{"start":{"line":249,"column":6},"end":{"line":249,"column":49}},"92":{"start":{"line":250,"column":6},"end":{"line":250,"column":64}},"93":{"start":{"line":251,"column":6},"end":{"line":251,"column":58}},"94":{"start":{"line":251,"column":29},"end":{"line":251,"column":57}},"95":{"start":{"line":252,"column":6},"end":{"line":252,"column":36}},"96":{"start":{"line":260,"column":22},"end":{"line":260,"column":78}},"97":{"start":{"line":261,"column":4},"end":{"line":261,"column":27}},"98":{"start":{"line":261,"column":20},"end":{"line":261,"column":27}},"99":{"start":{"line":263,"column":20},"end":{"line":263,"column":77}},"100":{"start":{"line":264,"column":20},"end":{"line":264,"column":49}},"101":{"start":{"line":265,"column":4},"end":{"line":265,"column":44}},"102":{"start":{"line":266,"column":4},"end":{"line":266,"column":35}},"103":{"start":{"line":268,"column":4},"end":{"line":268,"column":40}},"104":{"start":{"line":269,"column":4},"end":{"line":269,"column":44}},"105":{"start":{"line":276,"column":30},"end":{"line":276,"column":76}},"106":{"start":{"line":277,"column":4},"end":{"line":277,"column":35}},"107":{"start":{"line":277,"column":28},"end":{"line":277,"column":35}},"108":{"start":{"line":280,"column":4},"end":{"line":280,"column":45}},"109":{"start":{"line":283,"column":4},"end":{"line":283,"column":37}},"110":{"start":{"line":286,"column":26},"end":{"line":286,"column":55}},"111":{"start":{"line":287,"column":4},"end":{"line":287,"column":47}},"112":{"start":{"line":290,"column":24},"end":{"line":290,"column":56}},"113":{"start":{"line":291,"column":4},"end":{"line":291,"column":55}},"114":{"start":{"line":292,"column":4},"end":{"line":292,"column":42}},"115":{"start":{"line":293,"column":4},"end":{"line":293,"column":78}},"116":{"start":{"line":293,"column":32},"end":{"line":293,"column":77}},"117":{"start":{"line":295,"column":23},"end":{"line":295,"column":55}},"118":{"start":{"line":296,"column":4},"end":{"line":296,"column":47}},"119":{"start":{"line":297,"column":4},"end":{"line":297,"column":43}},"120":{"start":{"line":298,"column":4},"end":{"line":298,"column":76}},"121":{"start":{"line":298,"column":31},"end":{"line":298,"column":75}},"122":{"start":{"line":300,"column":22},"end":{"line":300,"column":54}},"123":{"start":{"line":301,"column":4},"end":{"line":301,"column":46}},"124":{"start":{"line":302,"column":4},"end":{"line":302,"column":40}},"125":{"start":{"line":303,"column":4},"end":{"line":303,"column":74}},"126":{"start":{"line":303,"column":30},"end":{"line":303,"column":73}},"127":{"start":{"line":305,"column":4},"end":{"line":305,"column":43}},"128":{"start":{"line":306,"column":4},"end":{"line":306,"column":42}},"129":{"start":{"line":307,"column":4},"end":{"line":307,"column":41}},"130":{"start":{"line":309,"column":4},"end":{"line":309,"column":49}},"131":{"start":{"line":312,"column":30},"end":{"line":312,"column":59}},"132":{"start":{"line":313,"column":4},"end":{"line":313,"column":51}},"133":{"start":{"line":314,"column":4},"end":{"line":314,"column":65}},"134":{"start":{"line":316,"column":29},"end":{"line":316,"column":58}},"135":{"start":{"line":317,"column":4},"end":{"line":317,"column":49}},"136":{"start":{"line":318,"column":4},"end":{"line":318,"column":57}},"137":{"start":{"line":320,"column":28},"end":{"line":320,"column":57}},"138":{"start":{"line":321,"column":4},"end":{"line":321,"column":47}},"139":{"start":{"line":322,"column":4},"end":{"line":322,"column":56}},"140":{"start":{"line":324,"column":4},"end":{"line":324,"column":53}},"141":{"start":{"line":325,"column":4},"end":{"line":325,"column":52}},"142":{"start":{"line":326,"column":4},"end":{"line":326,"column":51}},"143":{"start":{"line":329,"column":4},"end":{"line":331,"column":7}},"144":{"start":{"line":330,"column":6},"end":{"line":330,"column":61}},"145":{"start":{"line":334,"column":27},"end":{"line":334,"column":58}},"146":{"start":{"line":335,"column":4},"end":{"line":335,"column":66}},"147":{"start":{"line":338,"column":4},"end":{"line":343,"column":7}},"148":{"start":{"line":340,"column":6},"end":{"line":342,"column":9}},"149":{"start":{"line":341,"column":8},"end":{"line":341,"column":63}},"150":{"start":{"line":351,"column":20},"end":{"line":351,"column":72}},"151":{"start":{"line":352,"column":4},"end":{"line":352,"column":59}},"152":{"start":{"line":352,"column":27},"end":{"line":352,"column":57}},"153":{"start":{"line":354,"column":4},"end":{"line":356,"column":70}},"154":{"start":{"line":354,"column":32},"end":{"line":354,"column":67}},"155":{"start":{"line":355,"column":9},"end":{"line":356,"column":70}},"156":{"start":{"line":355,"column":36},"end":{"line":355,"column":71}},"157":{"start":{"line":356,"column":9},"end":{"line":356,"column":70}},"158":{"start":{"line":356,"column":35},"end":{"line":356,"column":70}},"159":{"start":{"line":359,"column":21},"end":{"line":359,"column":72}},"160":{"start":{"line":360,"column":4},"end":{"line":360,"column":68}},"161":{"start":{"line":360,"column":32},"end":{"line":360,"column":66}},"162":{"start":{"line":362,"column":4},"end":{"line":364,"column":107}},"163":{"start":{"line":362,"column":32},"end":{"line":362,"column":106}},"164":{"start":{"line":363,"column":9},"end":{"line":364,"column":107}},"165":{"start":{"line":363,"column":36},"end":{"line":363,"column":109}},"166":{"start":{"line":364,"column":9},"end":{"line":364,"column":107}},"167":{"start":{"line":364,"column":35},"end":{"line":364,"column":107}},"168":{"start":{"line":371,"column":19},"end":{"line":371,"column":64}},"169":{"start":{"line":372,"column":21},"end":{"line":372,"column":68}},"170":{"start":{"line":373,"column":17},"end":{"line":373,"column":44}},"171":{"start":{"line":374,"column":23},"end":{"line":374,"column":72}},"172":{"start":{"line":376,"column":4},"end":{"line":376,"column":38}},"173":{"start":{"line":378,"column":4},"end":{"line":410,"column":5}},"174":{"start":{"line":379,"column":21},"end":{"line":384,"column":7}},"175":{"start":{"line":386,"column":6},"end":{"line":386,"column":40}},"176":{"start":{"line":389,"column":6},"end":{"line":392,"column":7}},"177":{"start":{"line":390,"column":22},"end":{"line":390,"column":53}},"178":{"start":{"line":391,"column":8},"end":{"line":391,"column":86}},"179":{"start":{"line":395,"column":6},"end":{"line":404,"column":7}},"180":{"start":{"line":396,"column":29},"end":{"line":396,"column":93}},"181":{"start":{"line":397,"column":8},"end":{"line":403,"column":9}},"182":{"start":{"line":398,"column":10},"end":{"line":402,"column":12}},"183":{"start":{"line":406,"column":6},"end":{"line":406,"column":49}},"184":{"start":{"line":407,"column":6},"end":{"line":407,"column":46}},"185":{"start":{"line":409,"column":6},"end":{"line":409,"column":39}},"186":{"start":{"line":417,"column":21},"end":{"line":417,"column":68}},"187":{"start":{"line":418,"column":23},"end":{"line":418,"column":72}},"188":{"start":{"line":420,"column":24},"end":{"line":422,"column":28}},"189":{"start":{"line":424,"column":4},"end":{"line":424,"column":49}},"190":{"start":{"line":425,"column":4},"end":{"line":425,"column":29}},"191":{"start":{"line":432,"column":4},"end":{"line":432,"column":66}},"192":{"start":{"line":432,"column":59},"end":{"line":432,"column":66}},"193":{"start":{"line":434,"column":19},"end":{"line":434,"column":64}},"194":{"start":{"line":435,"column":25},"end":{"line":435,"column":77}},"195":{"start":{"line":436,"column":29},"end":{"line":436,"column":63}},"196":{"start":{"line":438,"column":4},"end":{"line":438,"column":58}},"197":{"start":{"line":445,"column":4},"end":{"line":445,"column":62}},"198":{"start":{"line":445,"column":55},"end":{"line":445,"column":62}},"199":{"start":{"line":447,"column":19},"end":{"line":447,"column":64}},"200":{"start":{"line":448,"column":25},"end":{"line":448,"column":77}},"201":{"start":{"line":449,"column":25},"end":{"line":449,"column":59}},"202":{"start":{"line":451,"column":4},"end":{"line":451,"column":54}},"203":{"start":{"line":458,"column":24},"end":{"line":458,"column":72}},"204":{"start":{"line":459,"column":20},"end":{"line":459,"column":64}},"205":{"start":{"line":460,"column":4},"end":{"line":460,"column":60}},"206":{"start":{"line":467,"column":4},"end":{"line":467,"column":22}},"207":{"start":{"line":468,"column":4},"end":{"line":468,"column":29}},"208":{"start":{"line":469,"column":4},"end":{"line":469,"column":30}},"209":{"start":{"line":470,"column":4},"end":{"line":470,"column":54}},"210":{"start":{"line":471,"column":4},"end":{"line":471,"column":27}},"211":{"start":{"line":478,"column":19},"end":{"line":478,"column":71}},"212":{"start":{"line":479,"column":4},"end":{"line":479,"column":24}},"213":{"start":{"line":479,"column":17},"end":{"line":479,"column":24}},"214":{"start":{"line":482,"column":4},"end":{"line":487,"column":7}},"215":{"start":{"line":483,"column":6},"end":{"line":483,"column":32}},"216":{"start":{"line":484,"column":6},"end":{"line":486,"column":39}},"217":{"start":{"line":485,"column":8},"end":{"line":485,"column":24}},"218":{"start":{"line":494,"column":19},"end":{"line":494,"column":64}},"219":{"start":{"line":495,"column":21},"end":{"line":495,"column":68}},"220":{"start":{"line":496,"column":17},"end":{"line":496,"column":44}},"221":{"start":{"line":497,"column":23},"end":{"line":497,"column":72}},"222":{"start":{"line":499,"column":4},"end":{"line":499,"column":37}},"223":{"start":{"line":499,"column":30},"end":{"line":499,"column":37}},"224":{"start":{"line":501,"column":21},"end":{"line":501,"column":64}},"225":{"start":{"line":502,"column":4},"end":{"line":502,"column":75}},"226":{"start":{"line":503,"column":4},"end":{"line":503,"column":38}},"227":{"start":{"line":510,"column":20},"end":{"line":510,"column":69}},"228":{"start":{"line":511,"column":22},"end":{"line":511,"column":73}},"229":{"start":{"line":512,"column":21},"end":{"line":512,"column":71}},"230":{"start":{"line":513,"column":20},"end":{"line":513,"column":78}},"231":{"start":{"line":514,"column":20},"end":{"line":514,"column":78}},"232":{"start":{"line":516,"column":4},"end":{"line":516,"column":64}},"233":{"start":{"line":516,"column":17},"end":{"line":516,"column":64}},"234":{"start":{"line":516,"column":41},"end":{"line":516,"column":63}},"235":{"start":{"line":517,"column":4},"end":{"line":517,"column":63}},"236":{"start":{"line":517,"column":19},"end":{"line":517,"column":63}},"237":{"start":{"line":517,"column":45},"end":{"line":517,"column":62}},"238":{"start":{"line":518,"column":4},"end":{"line":518,"column":60}},"239":{"start":{"line":518,"column":18},"end":{"line":518,"column":60}},"240":{"start":{"line":518,"column":43},"end":{"line":518,"column":59}},"241":{"start":{"line":519,"column":4},"end":{"line":519,"column":65}},"242":{"start":{"line":519,"column":17},"end":{"line":519,"column":65}},"243":{"start":{"line":519,"column":41},"end":{"line":519,"column":64}},"244":{"start":{"line":520,"column":4},"end":{"line":520,"column":61}},"245":{"start":{"line":520,"column":17},"end":{"line":520,"column":61}},"246":{"start":{"line":520,"column":41},"end":{"line":520,"column":60}},"247":{"start":{"line":525,"column":0},"end":{"line":528,"column":3}},"248":{"start":{"line":526,"column":14},"end":{"line":526,"column":37}},"249":{"start":{"line":527,"column":2},"end":{"line":527,"column":19}}},"fnMap":{"0":{"name":"(anonymous_0)","decl":{"start":{"line":42,"column":2},"end":{"line":42,"column":3}},"loc":{"start":{"line":42,"column":16},"end":{"line":46,"column":3}},"line":42},"1":{"name":"(anonymous_1)","decl":{"start":{"line":51,"column":2},"end":{"line":51,"column":3}},"loc":{"start":{"line":51,"column":21},"end":{"line":73,"column":3}},"line":51},"2":{"name":"(anonymous_2)","decl":{"start":{"line":78,"column":2},"end":{"line":78,"column":3}},"loc":{"start":{"line":78,"column":22},"end":{"line":88,"column":3}},"line":78},"3":{"name":"(anonymous_3)","decl":{"start":{"line":93,"column":2},"end":{"line":93,"column":3}},"loc":{"start":{"line":93,"column":20},"end":{"line":98,"column":3}},"line":93},"4":{"name":"(anonymous_4)","decl":{"start":{"line":95,"column":67},"end":{"line":95,"column":68}},"loc":{"start":{"line":95,"column":81},"end":{"line":97,"column":5}},"line":95},"5":{"name":"(anonymous_5)","decl":{"start":{"line":103,"column":2},"end":{"line":103,"column":3}},"loc":{"start":{"line":103,"column":48},"end":{"line":115,"column":3}},"line":103},"6":{"name":"(anonymous_6)","decl":{"start":{"line":120,"column":2},"end":{"line":120,"column":3}},"loc":{"start":{"line":120,"column":40},"end":{"line":155,"column":3}},"line":120},"7":{"name":"(anonymous_7)","decl":{"start":{"line":151,"column":50},"end":{"line":151,"column":51}},"loc":{"start":{"line":151,"column":56},"end":{"line":153,"column":7}},"line":151},"8":{"name":"(anonymous_8)","decl":{"start":{"line":160,"column":2},"end":{"line":160,"column":3}},"loc":{"start":{"line":160,"column":40},"end":{"line":173,"column":3}},"line":160},"9":{"name":"(anonymous_9)","decl":{"start":{"line":178,"column":2},"end":{"line":178,"column":3}},"loc":{"start":{"line":178,"column":34},"end":{"line":195,"column":3}},"line":178},"10":{"name":"(anonymous_10)","decl":{"start":{"line":187,"column":52},"end":{"line":187,"column":53}},"loc":{"start":{"line":187,"column":64},"end":{"line":192,"column":5}},"line":187},"11":{"name":"(anonymous_11)","decl":{"start":{"line":194,"column":22},"end":{"line":194,"column":23}},"loc":{"start":{"line":194,"column":29},"end":{"line":194,"column":64}},"line":194},"12":{"name":"(anonymous_12)","decl":{"start":{"line":200,"column":2},"end":{"line":200,"column":3}},"loc":{"start":{"line":200,"column":29},"end":{"line":235,"column":3}},"line":200},"13":{"name":"(anonymous_13)","decl":{"start":{"line":240,"column":2},"end":{"line":240,"column":3}},"loc":{"start":{"line":240,"column":24},"end":{"line":254,"column":3}},"line":240},"14":{"name":"(anonymous_14)","decl":{"start":{"line":247,"column":18},"end":{"line":247,"column":19}},"loc":{"start":{"line":247,"column":35},"end":{"line":253,"column":5}},"line":247},"15":{"name":"(anonymous_15)","decl":{"start":{"line":251,"column":23},"end":{"line":251,"column":24}},"loc":{"start":{"line":251,"column":29},"end":{"line":251,"column":57}},"line":251},"16":{"name":"(anonymous_16)","decl":{"start":{"line":259,"column":2},"end":{"line":259,"column":3}},"loc":{"start":{"line":259,"column":30},"end":{"line":270,"column":3}},"line":259},"17":{"name":"(anonymous_17)","decl":{"start":{"line":275,"column":2},"end":{"line":275,"column":3}},"loc":{"start":{"line":275,"column":27},"end":{"line":344,"column":3}},"line":275},"18":{"name":"(anonymous_18)","decl":{"start":{"line":293,"column":26},"end":{"line":293,"column":27}},"loc":{"start":{"line":293,"column":32},"end":{"line":293,"column":77}},"line":293},"19":{"name":"(anonymous_19)","decl":{"start":{"line":298,"column":25},"end":{"line":298,"column":26}},"loc":{"start":{"line":298,"column":31},"end":{"line":298,"column":75}},"line":298},"20":{"name":"(anonymous_20)","decl":{"start":{"line":303,"column":24},"end":{"line":303,"column":25}},"loc":{"start":{"line":303,"column":30},"end":{"line":303,"column":73}},"line":303},"21":{"name":"(anonymous_21)","decl":{"start":{"line":329,"column":65},"end":{"line":329,"column":66}},"loc":{"start":{"line":329,"column":89},"end":{"line":331,"column":5}},"line":329},"22":{"name":"(anonymous_22)","decl":{"start":{"line":338,"column":61},"end":{"line":338,"column":62}},"loc":{"start":{"line":338,"column":67},"end":{"line":343,"column":5}},"line":338},"23":{"name":"(anonymous_23)","decl":{"start":{"line":340,"column":67},"end":{"line":340,"column":68}},"loc":{"start":{"line":340,"column":91},"end":{"line":342,"column":7}},"line":340},"24":{"name":"(anonymous_24)","decl":{"start":{"line":349,"column":2},"end":{"line":349,"column":3}},"loc":{"start":{"line":349,"column":40},"end":{"line":365,"column":3}},"line":349},"25":{"name":"(anonymous_25)","decl":{"start":{"line":352,"column":20},"end":{"line":352,"column":21}},"loc":{"start":{"line":352,"column":27},"end":{"line":352,"column":57}},"line":352},"26":{"name":"(anonymous_26)","decl":{"start":{"line":360,"column":21},"end":{"line":360,"column":22}},"loc":{"start":{"line":360,"column":32},"end":{"line":360,"column":66}},"line":360},"27":{"name":"(anonymous_27)","decl":{"start":{"line":370,"column":2},"end":{"line":370,"column":3}},"loc":{"start":{"line":370,"column":21},"end":{"line":411,"column":3}},"line":370},"28":{"name":"(anonymous_28)","decl":{"start":{"line":416,"column":2},"end":{"line":416,"column":3}},"loc":{"start":{"line":416,"column":14},"end":{"line":426,"column":3}},"line":416},"29":{"name":"(anonymous_29)","decl":{"start":{"line":431,"column":2},"end":{"line":431,"column":3}},"loc":{"start":{"line":431,"column":21},"end":{"line":439,"column":3}},"line":431},"30":{"name":"(anonymous_30)","decl":{"start":{"line":444,"column":2},"end":{"line":444,"column":3}},"loc":{"start":{"line":444,"column":17},"end":{"line":452,"column":3}},"line":444},"31":{"name":"(anonymous_31)","decl":{"start":{"line":457,"column":2},"end":{"line":457,"column":3}},"loc":{"start":{"line":457,"column":28},"end":{"line":461,"column":3}},"line":457},"32":{"name":"(anonymous_32)","decl":{"start":{"line":466,"column":2},"end":{"line":466,"column":3}},"loc":{"start":{"line":466,"column":20},"end":{"line":472,"column":3}},"line":466},"33":{"name":"(anonymous_33)","decl":{"start":{"line":477,"column":2},"end":{"line":477,"column":3}},"loc":{"start":{"line":477,"column":18},"end":{"line":488,"column":3}},"line":477},"34":{"name":"(anonymous_34)","decl":{"start":{"line":482,"column":37},"end":{"line":482,"column":38}},"loc":{"start":{"line":482,"column":43},"end":{"line":487,"column":5}},"line":482},"35":{"name":"(anonymous_35)","decl":{"start":{"line":484,"column":31},"end":{"line":484,"column":32}},"loc":{"start":{"line":484,"column":37},"end":{"line":486,"column":7}},"line":484},"36":{"name":"(anonymous_36)","decl":{"start":{"line":493,"column":2},"end":{"line":493,"column":3}},"loc":{"start":{"line":493,"column":13},"end":{"line":504,"column":3}},"line":493},"37":{"name":"(anonymous_37)","decl":{"start":{"line":509,"column":2},"end":{"line":509,"column":3}},"loc":{"start":{"line":509,"column":24},"end":{"line":521,"column":3}},"line":509},"38":{"name":"(anonymous_38)","decl":{"start":{"line":516,"column":35},"end":{"line":516,"column":36}},"loc":{"start":{"line":516,"column":41},"end":{"line":516,"column":63}},"line":516},"39":{"name":"(anonymous_39)","decl":{"start":{"line":517,"column":39},"end":{"line":517,"column":40}},"loc":{"start":{"line":517,"column":45},"end":{"line":517,"column":62}},"line":517},"40":{"name":"(anonymous_40)","decl":{"start":{"line":518,"column":37},"end":{"line":518,"column":38}},"loc":{"start":{"line":518,"column":43},"end":{"line":518,"column":59}},"line":518},"41":{"name":"(anonymous_41)","decl":{"start":{"line":519,"column":35},"end":{"line":519,"column":36}},"loc":{"start":{"line":519,"column":41},"end":{"line":519,"column":64}},"line":519},"42":{"name":"(anonymous_42)","decl":{"start":{"line":520,"column":35},"end":{"line":520,"column":36}},"loc":{"start":{"line":520,"column":41},"end":{"line":520,"column":60}},"line":520},"43":{"name":"(anonymous_43)","decl":{"start":{"line":525,"column":46},"end":{"line":525,"column":47}},"loc":{"start":{"line":525,"column":52},"end":{"line":528,"column":1}},"line":525}},"branchMap":{"0":{"loc":{"start":{"line":63,"column":6},"end":{"line":65,"column":7}},"type":"if","locations":[{"start":{"line":63,"column":6},"end":{"line":65,"column":7}},{"start":{},"end":{}}],"line":63},"1":{"loc":{"start":{"line":103,"column":29},"end":{"line":103,"column":46}},"type":"default-arg","locations":[{"start":{"line":103,"column":45},"end":{"line":103,"column":46}}],"line":103},"2":{"loc":{"start":{"line":108,"column":6},"end":{"line":110,"column":7}},"type":"if","locations":[{"start":{"line":108,"column":6},"end":{"line":110,"column":7}},{"start":{},"end":{}}],"line":108},"3":{"loc":{"start":{"line":108,"column":10},"end":{"line":108,"column":57}},"type":"binary-expr","locations":[{"start":{"line":108,"column":10},"end":{"line":108,"column":26}},{"start":{"line":108,"column":30},"end":{"line":108,"column":57}}],"line":108},"4":{"loc":{"start":{"line":129,"column":4},"end":{"line":140,"column":5}},"type":"if","locations":[{"start":{"line":129,"column":4},"end":{"line":140,"column":5}},{"start":{"line":138,"column":11},"end":{"line":140,"column":5}}],"line":129},"5":{"loc":{"start":{"line":136,"column":25},"end":{"line":136,"column":89}},"type":"binary-expr","locations":[{"start":{"line":136,"column":25},"end":{"line":136,"column":40}},{"start":{"line":136,"column":44},"end":{"line":136,"column":89}}],"line":136},"6":{"loc":{"start":{"line":150,"column":4},"end":{"line":154,"column":5}},"type":"if","locations":[{"start":{"line":150,"column":4},"end":{"line":154,"column":5}},{"start":{},"end":{}}],"line":150},"7":{"loc":{"start":{"line":150,"column":8},"end":{"line":150,"column":65}},"type":"binary-expr","locations":[{"start":{"line":150,"column":8},"end":{"line":150,"column":36}},{"start":{"line":150,"column":40},"end":{"line":150,"column":65}}],"line":150},"8":{"loc":{"start":{"line":168,"column":30},"end":{"line":168,"column":63}},"type":"binary-expr","locations":[{"start":{"line":168,"column":30},"end":{"line":168,"column":39}},{"start":{"line":168,"column":43},"end":{"line":168,"column":63}}],"line":168},"9":{"loc":{"start":{"line":170,"column":4},"end":{"line":172,"column":5}},"type":"if","locations":[{"start":{"line":170,"column":4},"end":{"line":172,"column":5}},{"start":{},"end":{}}],"line":170},"10":{"loc":{"start":{"line":170,"column":8},"end":{"line":170,"column":69}},"type":"binary-expr","locations":[{"start":{"line":170,"column":8},"end":{"line":170,"column":36}},{"start":{"line":170,"column":40},"end":{"line":170,"column":69}}],"line":170},"11":{"loc":{"start":{"line":182,"column":4},"end":{"line":182,"column":37}},"type":"if","locations":[{"start":{"line":182,"column":4},"end":{"line":182,"column":37}},{"start":{},"end":{}}],"line":182},"12":{"loc":{"start":{"line":182,"column":8},"end":{"line":182,"column":28}},"type":"binary-expr","locations":[{"start":{"line":182,"column":8},"end":{"line":182,"column":17}},{"start":{"line":182,"column":21},"end":{"line":182,"column":28}}],"line":182},"13":{"loc":{"start":{"line":205,"column":4},"end":{"line":205,"column":26}},"type":"if","locations":[{"start":{"line":205,"column":4},"end":{"line":205,"column":26}},{"start":{},"end":{}}],"line":205},"14":{"loc":{"start":{"line":211,"column":4},"end":{"line":211,"column":42}},"type":"if","locations":[{"start":{"line":211,"column":4},"end":{"line":211,"column":42}},{"start":{},"end":{}}],"line":211},"15":{"loc":{"start":{"line":214,"column":4},"end":{"line":214,"column":68}},"type":"if","locations":[{"start":{"line":214,"column":4},"end":{"line":214,"column":68}},{"start":{},"end":{}}],"line":214},"16":{"loc":{"start":{"line":223,"column":30},"end":{"line":223,"column":63}},"type":"binary-expr","locations":[{"start":{"line":223,"column":30},"end":{"line":223,"column":39}},{"start":{"line":223,"column":43},"end":{"line":223,"column":63}}],"line":223},"17":{"loc":{"start":{"line":232,"column":4},"end":{"line":234,"column":5}},"type":"if","locations":[{"start":{"line":232,"column":4},"end":{"line":234,"column":5}},{"start":{},"end":{}}],"line":232},"18":{"loc":{"start":{"line":232,"column":8},"end":{"line":232,"column":69}},"type":"binary-expr","locations":[{"start":{"line":232,"column":8},"end":{"line":232,"column":36}},{"start":{"line":232,"column":40},"end":{"line":232,"column":69}}],"line":232},"19":{"loc":{"start":{"line":242,"column":4},"end":{"line":242,"column":27}},"type":"if","locations":[{"start":{"line":242,"column":4},"end":{"line":242,"column":27}},{"start":{},"end":{}}],"line":242},"20":{"loc":{"start":{"line":261,"column":4},"end":{"line":261,"column":27}},"type":"if","locations":[{"start":{"line":261,"column":4},"end":{"line":261,"column":27}},{"start":{},"end":{}}],"line":261},"21":{"loc":{"start":{"line":277,"column":4},"end":{"line":277,"column":35}},"type":"if","locations":[{"start":{"line":277,"column":4},"end":{"line":277,"column":35}},{"start":{},"end":{}}],"line":277},"22":{"loc":{"start":{"line":354,"column":4},"end":{"line":356,"column":70}},"type":"if","locations":[{"start":{"line":354,"column":4},"end":{"line":356,"column":70}},{"start":{"line":355,"column":9},"end":{"line":356,"column":70}}],"line":354},"23":{"loc":{"start":{"line":355,"column":9},"end":{"line":356,"column":70}},"type":"if","locations":[{"start":{"line":355,"column":9},"end":{"line":356,"column":70}},{"start":{"line":356,"column":9},"end":{"line":356,"column":70}}],"line":355},"24":{"loc":{"start":{"line":356,"column":9},"end":{"line":356,"column":70}},"type":"if","locations":[{"start":{"line":356,"column":9},"end":{"line":356,"column":70}},{"start":{},"end":{}}],"line":356},"25":{"loc":{"start":{"line":362,"column":4},"end":{"line":364,"column":107}},"type":"if","locations":[{"start":{"line":362,"column":4},"end":{"line":364,"column":107}},{"start":{"line":363,"column":9},"end":{"line":364,"column":107}}],"line":362},"26":{"loc":{"start":{"line":363,"column":9},"end":{"line":364,"column":107}},"type":"if","locations":[{"start":{"line":363,"column":9},"end":{"line":364,"column":107}},{"start":{"line":364,"column":9},"end":{"line":364,"column":107}}],"line":363},"27":{"loc":{"start":{"line":364,"column":9},"end":{"line":364,"column":107}},"type":"if","locations":[{"start":{"line":364,"column":9},"end":{"line":364,"column":107}},{"start":{},"end":{}}],"line":364},"28":{"loc":{"start":{"line":389,"column":6},"end":{"line":392,"column":7}},"type":"if","locations":[{"start":{"line":389,"column":6},"end":{"line":392,"column":7}},{"start":{},"end":{}}],"line":389},"29":{"loc":{"start":{"line":395,"column":6},"end":{"line":404,"column":7}},"type":"if","locations":[{"start":{"line":395,"column":6},"end":{"line":404,"column":7}},{"start":{},"end":{}}],"line":395},"30":{"loc":{"start":{"line":395,"column":10},"end":{"line":395,"column":91}},"type":"binary-expr","locations":[{"start":{"line":395,"column":10},"end":{"line":395,"column":47}},{"start":{"line":395,"column":51},"end":{"line":395,"column":91}}],"line":395},"31":{"loc":{"start":{"line":397,"column":8},"end":{"line":403,"column":9}},"type":"if","locations":[{"start":{"line":397,"column":8},"end":{"line":403,"column":9}},{"start":{},"end":{}}],"line":397},"32":{"loc":{"start":{"line":420,"column":24},"end":{"line":422,"column":28}},"type":"cond-expr","locations":[{"start":{"line":421,"column":8},"end":{"line":421,"column":70}},{"start":{"line":422,"column":8},"end":{"line":422,"column":28}}],"line":420},"33":{"loc":{"start":{"line":424,"column":30},"end":{"line":424,"column":47}},"type":"binary-expr","locations":[{"start":{"line":424,"column":30},"end":{"line":424,"column":41}},{"start":{"line":424,"column":45},"end":{"line":424,"column":47}}],"line":424},"34":{"loc":{"start":{"line":432,"column":4},"end":{"line":432,"column":66}},"type":"if","locations":[{"start":{"line":432,"column":4},"end":{"line":432,"column":66}},{"start":{},"end":{}}],"line":432},"35":{"loc":{"start":{"line":445,"column":4},"end":{"line":445,"column":62}},"type":"if","locations":[{"start":{"line":445,"column":4},"end":{"line":445,"column":62}},{"start":{},"end":{}}],"line":445},"36":{"loc":{"start":{"line":479,"column":4},"end":{"line":479,"column":24}},"type":"if","locations":[{"start":{"line":479,"column":4},"end":{"line":479,"column":24}},{"start":{},"end":{}}],"line":479},"37":{"loc":{"start":{"line":499,"column":4},"end":{"line":499,"column":37}},"type":"if","locations":[{"start":{"line":499,"column":4},"end":{"line":499,"column":37}},{"start":{},"end":{}}],"line":499},"38":{"loc":{"start":{"line":499,"column":8},"end":{"line":499,"column":28}},"type":"binary-expr","locations":[{"start":{"line":499,"column":8},"end":{"line":499,"column":15}},{"start":{"line":499,"column":19},"end":{"line":499,"column":28}}],"line":499},"39":{"loc":{"start":{"line":516,"column":4},"end":{"line":516,"column":64}},"type":"if","locations":[{"start":{"line":516,"column":4},"end":{"line":516,"column":64}},{"start":{},"end":{}}],"line":516},"40":{"loc":{"start":{"line":517,"column":4},"end":{"line":517,"column":63}},"type":"if","locations":[{"start":{"line":517,"column":4},"end":{"line":517,"column":63}},{"start":{},"end":{}}],"line":517},"41":{"loc":{"start":{"line":518,"column":4},"end":{"line":518,"column":60}},"type":"if","locations":[{"start":{"line":518,"column":4},"end":{"line":518,"column":60}},{"start":{},"end":{}}],"line":518},"42":{"loc":{"start":{"line":519,"column":4},"end":{"line":519,"column":65}},"type":"if","locations":[{"start":{"line":519,"column":4},"end":{"line":519,"column":65}},{"start":{},"end":{}}],"line":519},"43":{"loc":{"start":{"line":520,"column":4},"end":{"line":520,"column":61}},"type":"if","locations":[{"start":{"line":520,"column":4},"end":{"line":520,"column":61}},{"start":{},"end":{}}],"line":520}},"s":{"0":0,"1":0,"2":0,"3":0,"4":0,"5":0,"6":0,"7":0,"8":0,"9":0,"10":0,"11":0,"12":0,"13":0,"14":0,"15":0,"16":0,"17":0,"18":0,"19":0,"20":0,"21":0,"22":0,"23":0,"24":0,"25":0,"26":0,"27":0,"28":0,"29":0,"30":0,"31":0,"32":0,"33":0,"34":0,"35":0,"36":0,"37":0,"38":0,"39":0,"40":0,"41":0,"42":0,"43":0,"44":0,"45":0,"46":0,"47":0,"48":0,"49":0,"50":0,"51":0,"52":0,"53":0,"54":0,"55":0,"56":0,"57":0,"58":0,"59":0,"60":0,"61":0,"62":0,"63":0,"64":0,"65":0,"66":0,"67":0,"68":0,"69":0,"70":0,"71":0,"72":0,"73":0,"74":0,"75":0,"76":0,"77":0,"78":0,"79":0,"80":0,"81":0,"82":0,"83":0,"84":0,"85":0,"86":0,"87":0,"88":0,"89":0,"90":0,"91":0,"92":0,"93":0,"94":0,"95":0,"96":0,"97":0,"98":0,"99":0,"100":0,"101":0,"102":0,"103":0,"104":0,"105":0,"106":0,"107":0,"108":0,"109":0,"110":0,"111":0,"112":0,"113":0,"114":0,"115":0,"116":0,"117":0,"118":0,"119":0,"120":0,"121":0,"122":0,"123":0,"124":0,"125":0,"126":0,"127":0,"128":0,"129":0,"130":0,"131":0,"132":0,"133":0,"134":0,"135":0,"136":0,"137":0,"138":0,"139":0,"140":0,"141":0,"142":0,"143":0,"144":0,"145":0,"146":0,"147":0,"148":0,"149":0,"150":0,"151":0,"152":0,"153":0,"154":0,"155":0,"156":0,"157":0,"158":0,"159":0,"160":0,"161":0,"162":0,"163":0,"164":0,"165":0,"166":0,"167":0,"168":0,"169":0,"170":0,"171":0,"172":0,"173":0,"174":0,"175":0,"176":0,"177":0,"178":0,"179":0,"180":0,"181":0,"182":0,"183":0,"184":0,"185":0,"186":0,"187":0,"188":0,"189":0,"190":0,"191":0,"192":0,"193":0,"194":0,"195":0,"196":0,"197":0,"198":0,"199":0,"200":0,"201":0,"202":0,"203":0,"204":0,"205":0,"206":0,"207":0,"208":0,"209":0,"210":0,"211":0,"212":0,"213":0,"214":0,"215":0,"216":0,"217":0,"218":0,"219":0,"220":0,"221":0,"222":0,"223":0,"224":0,"225":0,"226":0,"227":0,"228":0,"229":0,"230":0,"231":0,"232":0,"233":0,"234":0,"235":0,"236":0,"237":0,"238":0,"239":0,"240":0,"241":0,"242":0,"243":0,"244":0,"245":0,"246":0,"247":0,"248":0,"249":0},"f":{"0":0,"1":0,"2":0,"3":0,"4":0,"5":0,"6":0,"7":0,"8":0,"9":0,"10":0,"11":0,"12":0,"13":0,"14":0,"15":0,"16":0,"17":0,"18":0,"19":0,"20":0,"21":0,"22":0,"23":0,"24":0,"25":0,"26":0,"27":0,"28":0,"29":0,"30":0,"31":0,"32":0,"33":0,"34":0,"35":0,"36":0,"37":0,"38":0,"39":0,"40":0,"41":0,"42":0,"43":0},"b":{"0":[0,0],"1":[0],"2":[0,0],"3":[0,0],"4":[0,0],"5":[0,0],"6":[0,0],"7":[0,0],"8":[0,0],"9":[0,0],"10":[0,0],"11":[0,0],"12":[0,0],"13":[0,0],"14":[0,0],"15":[0,0],"16":[0,0],"17":[0,0],"18":[0,0],"19":[0,0],"20":[0,0],"21":[0,0],"22":[0,0],"23":[0,0],"24":[0,0],"25":[0,0],"26":[0,0],"27":[0,0],"28":[0,0],"29":[0,0],"30":[0,0],"31":[0,0],"32":[0,0],"33":[0,0],"34":[0,0],"35":[0,0],"36":[0,0],"37":[0,0],"38":[0,0],"39":[0,0],"40":[0,0],"41":[0,0],"42":[0,0],"43":[0,0]}}
,"C:\\source\\repos\\bpm\\internal\\python-skill-builder\\static\\js\\config.js": {"path":"C:\\source\\repos\\bpm\\internal\\python-skill-builder\\static\\js\\config.js","statementMap":{"0":{"start":{"line":6,"column":22},"end":{"line":93,"column":1}},"1":{"start":{"line":10,"column":33},"end":{"line":10,"column":59}}},"fnMap":{"0":{"name":"(anonymous_0)","decl":{"start":{"line":10,"column":19},"end":{"line":10,"column":20}},"loc":{"start":{"line":10,"column":33},"end":{"line":10,"column":59}},"line":10}},"branchMap":{},"s":{"0":1,"1":0},"f":{"0":0},"b":{},"_coverageSchema":"1a1c01bbd47fc00a2c39e90264f33305004495a9","hash":"98999b48e575a297d352fdce9a49d7e394a8ee75"}
,"C:\\source\\repos\\bpm\\internal\\python-skill-builder\\static\\js\\components\\achievement-badge.js": {"path":"C:\\source\\repos\\bpm\\internal\\python-skill-builder\\static\\js\\components\\achievement-badge.js","statementMap":{"0":{"start":{"line":16,"column":18},"end":{"line":16,"column":47}},"1":{"start":{"line":17,"column":4},"end":{"line":17,"column":128}},"2":{"start":{"line":18,"column":4},"end":{"line":18,"column":42}},"3":{"start":{"line":19,"column":4},"end":{"line":19,"column":62}},"4":{"start":{"line":22,"column":4},"end":{"line":27,"column":6}},"5":{"start":{"line":29,"column":4},"end":{"line":29,"column":17}},"6":{"start":{"line":40,"column":18},"end":{"line":40,"column":57}},"7":{"start":{"line":41,"column":4},"end":{"line":41,"column":41}},"8":{"start":{"line":44,"column":24},"end":{"line":44,"column":53}},"9":{"start":{"line":45,"column":4},"end":{"line":45,"column":49}},"10":{"start":{"line":47,"column":25},"end":{"line":47,"column":54}},"11":{"start":{"line":48,"column":4},"end":{"line":48,"column":51}},"12":{"start":{"line":49,"column":4},"end":{"line":49,"column":62}},"13":{"start":{"line":51,"column":25},"end":{"line":51,"column":54}},"14":{"start":{"line":52,"column":4},"end":{"line":52,"column":51}},"15":{"start":{"line":55,"column":21},"end":{"line":55,"column":45}},"16":{"start":{"line":56,"column":4},"end":{"line":59,"column":5}},"17":{"start":{"line":57,"column":34},"end":{"line":57,"column":52}},"18":{"start":{"line":58,"column":6},"end":{"line":58,"column":56}},"19":{"start":{"line":61,"column":4},"end":{"line":61,"column":42}},"20":{"start":{"line":62,"column":4},"end":{"line":62,"column":42}},"21":{"start":{"line":63,"column":4},"end":{"line":63,"column":35}},"22":{"start":{"line":65,"column":4},"end":{"line":65,"column":17}},"23":{"start":{"line":74,"column":18},"end":{"line":74,"column":47}},"24":{"start":{"line":75,"column":4},"end":{"line":75,"column":98}},"25":{"start":{"line":76,"column":4},"end":{"line":76,"column":35}},"26":{"start":{"line":77,"column":4},"end":{"line":77,"column":62}},"27":{"start":{"line":78,"column":4},"end":{"line":78,"column":82}},"28":{"start":{"line":80,"column":4},"end":{"line":80,"column":17}},"29":{"start":{"line":89,"column":25},"end":{"line":89,"column":54}},"30":{"start":{"line":90,"column":4},"end":{"line":90,"column":106}},"31":{"start":{"line":92,"column":4},"end":{"line":102,"column":6}},"32":{"start":{"line":104,"column":4},"end":{"line":104,"column":24}},"33":{"start":{"line":113,"column":25},"end":{"line":113,"column":61}},"34":{"start":{"line":114,"column":4},"end":{"line":114,"column":44}},"35":{"start":{"line":117,"column":4},"end":{"line":119,"column":11}},"36":{"start":{"line":118,"column":6},"end":{"line":118,"column":41}},"37":{"start":{"line":122,"column":4},"end":{"line":127,"column":17}},"38":{"start":{"line":123,"column":6},"end":{"line":123,"column":44}},"39":{"start":{"line":124,"column":6},"end":{"line":126,"column":14}},"40":{"start":{"line":125,"column":8},"end":{"line":125,"column":30}},"41":{"start":{"line":136,"column":4},"end":{"line":136,"column":53}},"42":{"start":{"line":145,"column":18},"end":{"line":145,"column":47}},"43":{"start":{"line":146,"column":4},"end":{"line":146,"column":42}},"44":{"start":{"line":149,"column":23},"end":{"line":149,"column":25}},"45":{"start":{"line":150,"column":4},"end":{"line":155,"column":7}},"46":{"start":{"line":151,"column":6},"end":{"line":153,"column":7}},"47":{"start":{"line":152,"column":8},"end":{"line":152,"column":46}},"48":{"start":{"line":154,"column":6},"end":{"line":154,"column":57}},"49":{"start":{"line":158,"column":4},"end":{"line":181,"column":7}},"50":{"start":{"line":159,"column":22},"end":{"line":159,"column":51}},"51":{"start":{"line":160,"column":6},"end":{"line":160,"column":57}},"52":{"start":{"line":162,"column":20},"end":{"line":162,"column":48}},"53":{"start":{"line":163,"column":6},"end":{"line":163,"column":53}},"54":{"start":{"line":164,"column":6},"end":{"line":164,"column":35}},"55":{"start":{"line":165,"column":6},"end":{"line":165,"column":33}},"56":{"start":{"line":167,"column":19},"end":{"line":167,"column":48}},"57":{"start":{"line":168,"column":6},"end":{"line":168,"column":42}},"58":{"start":{"line":170,"column":6},"end":{"line":177,"column":9}},"59":{"start":{"line":171,"column":22},"end":{"line":175,"column":9}},"60":{"start":{"line":176,"column":8},"end":{"line":176,"column":32}},"61":{"start":{"line":179,"column":6},"end":{"line":179,"column":32}},"62":{"start":{"line":180,"column":6},"end":{"line":180,"column":33}},"63":{"start":{"line":183,"column":4},"end":{"line":183,"column":17}}},"fnMap":{"0":{"name":"(anonymous_0)","decl":{"start":{"line":15,"column":2},"end":{"line":15,"column":3}},"loc":{"start":{"line":15,"column":52},"end":{"line":30,"column":3}},"line":15},"1":{"name":"(anonymous_1)","decl":{"start":{"line":39,"column":2},"end":{"line":39,"column":3}},"loc":{"start":{"line":39,"column":74},"end":{"line":66,"column":3}},"line":39},"2":{"name":"(anonymous_2)","decl":{"start":{"line":73,"column":2},"end":{"line":73,"column":3}},"loc":{"start":{"line":73,"column":39},"end":{"line":81,"column":3}},"line":73},"3":{"name":"(anonymous_3)","decl":{"start":{"line":88,"column":2},"end":{"line":88,"column":3}},"loc":{"start":{"line":88,"column":41},"end":{"line":105,"column":3}},"line":88},"4":{"name":"(anonymous_4)","decl":{"start":{"line":112,"column":2},"end":{"line":112,"column":3}},"loc":{"start":{"line":112,"column":56},"end":{"line":128,"column":3}},"line":112},"5":{"name":"(anonymous_5)","decl":{"start":{"line":117,"column":15},"end":{"line":117,"column":16}},"loc":{"start":{"line":117,"column":21},"end":{"line":119,"column":5}},"line":117},"6":{"name":"(anonymous_6)","decl":{"start":{"line":122,"column":15},"end":{"line":122,"column":16}},"loc":{"start":{"line":122,"column":21},"end":{"line":127,"column":5}},"line":122},"7":{"name":"(anonymous_7)","decl":{"start":{"line":124,"column":17},"end":{"line":124,"column":18}},"loc":{"start":{"line":124,"column":23},"end":{"line":126,"column":7}},"line":124},"8":{"name":"(anonymous_8)","decl":{"start":{"line":135,"column":2},"end":{"line":135,"column":3}},"loc":{"start":{"line":135,"column":32},"end":{"line":137,"column":3}},"line":135},"9":{"name":"(anonymous_9)","decl":{"start":{"line":144,"column":2},"end":{"line":144,"column":3}},"loc":{"start":{"line":144,"column":46},"end":{"line":184,"column":3}},"line":144},"10":{"name":"(anonymous_10)","decl":{"start":{"line":150,"column":25},"end":{"line":150,"column":26}},"loc":{"start":{"line":150,"column":40},"end":{"line":155,"column":5}},"line":150},"11":{"name":"(anonymous_11)","decl":{"start":{"line":158,"column":39},"end":{"line":158,"column":40}},"loc":{"start":{"line":158,"column":77},"end":{"line":181,"column":5}},"line":158},"12":{"name":"(anonymous_12)","decl":{"start":{"line":170,"column":35},"end":{"line":170,"column":36}},"loc":{"start":{"line":170,"column":50},"end":{"line":177,"column":7}},"line":170}},"branchMap":{"0":{"loc":{"start":{"line":15,"column":34},"end":{"line":15,"column":50}},"type":"default-arg","locations":[{"start":{"line":15,"column":45},"end":{"line":15,"column":50}}],"line":15},"1":{"loc":{"start":{"line":17,"column":43},"end":{"line":17,"column":75}},"type":"cond-expr","locations":[{"start":{"line":17,"column":54},"end":{"line":17,"column":64}},{"start":{"line":17,"column":67},"end":{"line":17,"column":75}}],"line":17},"2":{"loc":{"start":{"line":26,"column":8},"end":{"line":26,"column":115}},"type":"cond-expr","locations":[{"start":{"line":26,"column":19},"end":{"line":26,"column":66}},{"start":{"line":26,"column":69},"end":{"line":26,"column":115}}],"line":26},"3":{"loc":{"start":{"line":39,"column":56},"end":{"line":39,"column":72}},"type":"default-arg","locations":[{"start":{"line":39,"column":67},"end":{"line":39,"column":72}}],"line":39},"4":{"loc":{"start":{"line":49,"column":34},"end":{"line":49,"column":58}},"type":"binary-expr","locations":[{"start":{"line":49,"column":34},"end":{"line":49,"column":53}},{"start":{"line":49,"column":57},"end":{"line":49,"column":58}}],"line":49},"5":{"loc":{"start":{"line":56,"column":4},"end":{"line":59,"column":5}},"type":"if","locations":[{"start":{"line":56,"column":4},"end":{"line":59,"column":5}},{"start":{},"end":{}}],"line":56},"6":{"loc":{"start":{"line":56,"column":8},"end":{"line":56,"column":38}},"type":"binary-expr","locations":[{"start":{"line":56,"column":8},"end":{"line":56,"column":16}},{"start":{"line":56,"column":20},"end":{"line":56,"column":38}}],"line":56},"7":{"loc":{"start":{"line":112,"column":39},"end":{"line":112,"column":54}},"type":"default-arg","locations":[{"start":{"line":112,"column":50},"end":{"line":112,"column":54}}],"line":112},"8":{"loc":{"start":{"line":151,"column":6},"end":{"line":153,"column":7}},"type":"if","locations":[{"start":{"line":151,"column":6},"end":{"line":153,"column":7}},{"start":{},"end":{}}],"line":151}},"s":{"0":0,"1":0,"2":0,"3":0,"4":0,"5":0,"6":0,"7":0,"8":0,"9":0,"10":0,"11":0,"12":0,"13":0,"14":0,"15":0,"16":0,"17":0,"18":0,"19":0,"20":0,"21":0,"22":0,"23":0,"24":0,"25":0,"26":0,"27":0,"28":0,"29":0,"30":0,"31":0,"32":0,"33":0,"34":0,"35":0,"36":0,"37":0,"38":0,"39":0,"40":0,"41":0,"42":0,"43":0,"44":0,"45":0,"46":0,"47":0,"48":0,"49":0,"50":0,"51":0,"52":0,"53":0,"54":0,"55":0,"56":0,"57":0,"58":0,"59":0,"60":0,"61":0,"62":0,"63":0},"f":{"0":0,"1":0,"2":0,"3":0,"4":0,"5":0,"6":0,"7":0,"8":0,"9":0,"10":0,"11":0,"12":0},"b":{"0":[0],"1":[0,0],"2":[0,0],"3":[0],"4":[0,0],"5":[0,0],"6":[0,0],"7":[0],"8":[0,0]}}
,"C:\\source\\repos\\bpm\\internal\\python-skill-builder\\static\\js\\components\\achievement-notification.js": {"path":"C:\\source\\repos\\bpm\\internal\\python-skill-builder\\static\\js\\components\\achievement-notification.js","statementMap":{"0":{"start":{"line":10,"column":4},"end":{"line":10,"column":32}},"1":{"start":{"line":11,"column":4},"end":{"line":11,"column":27}},"2":{"start":{"line":12,"column":4},"end":{"line":12,"column":56}},"3":{"start":{"line":20,"column":22},"end":{"line":20,"column":51}},"4":{"start":{"line":21,"column":4},"end":{"line":21,"column":56}},"5":{"start":{"line":22,"column":4},"end":{"line":22,"column":63}},"6":{"start":{"line":23,"column":4},"end":{"line":23,"column":41}},"7":{"start":{"line":24,"column":4},"end":{"line":24,"column":21}},"8":{"start":{"line":34,"column":4},"end":{"line":37,"column":7}},"9":{"start":{"line":35,"column":6},"end":{"line":35,"column":70}},"10":{"start":{"line":36,"column":6},"end":{"line":36,"column":26}},"11":{"start":{"line":47,"column":4},"end":{"line":49,"column":5}},"12":{"start":{"line":48,"column":6},"end":{"line":48,"column":57}},"13":{"start":{"line":56,"column":4},"end":{"line":58,"column":5}},"14":{"start":{"line":57,"column":6},"end":{"line":57,"column":13}},"15":{"start":{"line":60,"column":4},"end":{"line":60,"column":26}},"16":{"start":{"line":61,"column":47},"end":{"line":61,"column":77}},"17":{"start":{"line":63,"column":25},"end":{"line":63,"column":82}},"18":{"start":{"line":64,"column":4},"end":{"line":64,"column":57}},"19":{"start":{"line":67,"column":4},"end":{"line":69,"column":11}},"20":{"start":{"line":68,"column":6},"end":{"line":68,"column":41}},"21":{"start":{"line":72,"column":4},"end":{"line":80,"column":17}},"22":{"start":{"line":73,"column":6},"end":{"line":73,"column":44}},"23":{"start":{"line":74,"column":6},"end":{"line":79,"column":14}},"24":{"start":{"line":75,"column":8},"end":{"line":75,"column":30}},"25":{"start":{"line":76,"column":8},"end":{"line":76,"column":31}},"26":{"start":{"line":77,"column":8},"end":{"line":77,"column":18}},"27":{"start":{"line":78,"column":8},"end":{"line":78,"column":28}},"28":{"start":{"line":87,"column":4},"end":{"line":87,"column":32}},"29":{"start":{"line":88,"column":4},"end":{"line":88,"column":46}},"30":{"start":{"line":89,"column":4},"end":{"line":89,"column":27}}},"fnMap":{"0":{"name":"(anonymous_0)","decl":{"start":{"line":9,"column":2},"end":{"line":9,"column":3}},"loc":{"start":{"line":9,"column":16},"end":{"line":13,"column":3}},"line":9},"1":{"name":"(anonymous_1)","decl":{"start":{"line":19,"column":2},"end":{"line":19,"column":3}},"loc":{"start":{"line":19,"column":20},"end":{"line":25,"column":3}},"line":19},"2":{"name":"(anonymous_2)","decl":{"start":{"line":33,"column":2},"end":{"line":33,"column":3}},"loc":{"start":{"line":33,"column":49},"end":{"line":38,"column":3}},"line":33},"3":{"name":"(anonymous_3)","decl":{"start":{"line":34,"column":23},"end":{"line":34,"column":24}},"loc":{"start":{"line":34,"column":36},"end":{"line":37,"column":5}},"line":34},"4":{"name":"(anonymous_4)","decl":{"start":{"line":46,"column":2},"end":{"line":46,"column":3}},"loc":{"start":{"line":46,"column":57},"end":{"line":50,"column":3}},"line":46},"5":{"name":"(anonymous_5)","decl":{"start":{"line":55,"column":2},"end":{"line":55,"column":3}},"loc":{"start":{"line":55,"column":17},"end":{"line":81,"column":3}},"line":55},"6":{"name":"(anonymous_6)","decl":{"start":{"line":67,"column":15},"end":{"line":67,"column":16}},"loc":{"start":{"line":67,"column":21},"end":{"line":69,"column":5}},"line":67},"7":{"name":"(anonymous_7)","decl":{"start":{"line":72,"column":15},"end":{"line":72,"column":16}},"loc":{"start":{"line":72,"column":21},"end":{"line":80,"column":5}},"line":72},"8":{"name":"(anonymous_8)","decl":{"start":{"line":74,"column":17},"end":{"line":74,"column":18}},"loc":{"start":{"line":74,"column":23},"end":{"line":79,"column":7}},"line":74},"9":{"name":"(anonymous_9)","decl":{"start":{"line":86,"column":2},"end":{"line":86,"column":3}},"loc":{"start":{"line":86,"column":13},"end":{"line":90,"column":3}},"line":86}},"branchMap":{"0":{"loc":{"start":{"line":33,"column":32},"end":{"line":33,"column":47}},"type":"default-arg","locations":[{"start":{"line":33,"column":43},"end":{"line":33,"column":47}}],"line":33},"1":{"loc":{"start":{"line":46,"column":40},"end":{"line":46,"column":55}},"type":"default-arg","locations":[{"start":{"line":46,"column":51},"end":{"line":46,"column":55}}],"line":46},"2":{"loc":{"start":{"line":56,"column":4},"end":{"line":58,"column":5}},"type":"if","locations":[{"start":{"line":56,"column":4},"end":{"line":58,"column":5}},{"start":{},"end":{}}],"line":56},"3":{"loc":{"start":{"line":56,"column":8},"end":{"line":56,"column":61}},"type":"binary-expr","locations":[{"start":{"line":56,"column":8},"end":{"line":56,"column":22}},{"start":{"line":56,"column":26},"end":{"line":56,"column":61}}],"line":56}},"s":{"0":0,"1":0,"2":0,"3":0,"4":0,"5":0,"6":0,"7":0,"8":0,"9":0,"10":0,"11":0,"12":0,"13":0,"14":0,"15":0,"16":0,"17":0,"18":0,"19":0,"20":0,"21":0,"22":0,"23":0,"24":0,"25":0,"26":0,"27":0,"28":0,"29":0,"30":0},"f":{"0":0,"1":0,"2":0,"3":0,"4":0,"5":0,"6":0,"7":0,"8":0,"9":0},"b":{"0":[0],"1":[0],"2":[0,0],"3":[0,0]}}
,"C:\\source\\repos\\bpm\\internal\\python-skill-builder\\static\\js\\components\\achievement-progress.js": {"path":"C:\\source\\repos\\bpm\\internal\\python-skill-builder\\static\\js\\components\\achievement-progress.js","statementMap":{"0":{"start":{"line":14,"column":22},"end":{"line":14,"column":51}},"1":{"start":{"line":15,"column":4},"end":{"line":15,"column":59}},"2":{"start":{"line":17,"column":18},"end":{"line":17,"column":46}},"3":{"start":{"line":18,"column":4},"end":{"line":18,"column":51}},"4":{"start":{"line":19,"column":4},"end":{"line":19,"column":41}},"5":{"start":{"line":20,"column":4},"end":{"line":20,"column":33}},"6":{"start":{"line":22,"column":24},"end":{"line":22,"column":51}},"7":{"start":{"line":23,"column":4},"end":{"line":23,"column":63}},"8":{"start":{"line":24,"column":4},"end":{"line":24,"column":54}},"9":{"start":{"line":25,"column":4},"end":{"line":25,"column":39}},"10":{"start":{"line":28,"column":4},"end":{"line":55,"column":7}},"11":{"start":{"line":29,"column":27},"end":{"line":29,"column":56}},"12":{"start":{"line":30,"column":6},"end":{"line":30,"column":47}},"13":{"start":{"line":32,"column":20},"end":{"line":32,"column":49}},"14":{"start":{"line":33,"column":6},"end":{"line":33,"column":41}},"15":{"start":{"line":34,"column":6},"end":{"line":37,"column":8}},"16":{"start":{"line":38,"column":6},"end":{"line":38,"column":38}},"17":{"start":{"line":40,"column":27},"end":{"line":40,"column":56}},"18":{"start":{"line":41,"column":6},"end":{"line":41,"column":56}},"19":{"start":{"line":43,"column":18},"end":{"line":43,"column":47}},"20":{"start":{"line":44,"column":6},"end":{"line":44,"column":37}},"21":{"start":{"line":45,"column":6},"end":{"line":45,"column":54}},"22":{"start":{"line":46,"column":6},"end":{"line":46,"column":36}},"23":{"start":{"line":48,"column":25},"end":{"line":48,"column":55}},"24":{"start":{"line":49,"column":6},"end":{"line":49,"column":51}},"25":{"start":{"line":50,"column":6},"end":{"line":50,"column":61}},"26":{"start":{"line":51,"column":6},"end":{"line":51,"column":43}},"27":{"start":{"line":53,"column":6},"end":{"line":53,"column":45}},"28":{"start":{"line":54,"column":6},"end":{"line":54,"column":42}},"29":{"start":{"line":57,"column":4},"end":{"line":57,"column":21}},"30":{"start":{"line":66,"column":17},"end":{"line":66,"column":46}},"31":{"start":{"line":67,"column":4},"end":{"line":67,"column":49}},"32":{"start":{"line":69,"column":18},"end":{"line":69,"column":46}},"33":{"start":{"line":70,"column":4},"end":{"line":70,"column":35}},"34":{"start":{"line":71,"column":4},"end":{"line":71,"column":47}},"35":{"start":{"line":72,"column":4},"end":{"line":72,"column":28}},"36":{"start":{"line":75,"column":23},"end":{"line":75,"column":74}},"37":{"start":{"line":75,"column":48},"end":{"line":75,"column":73}},"38":{"start":{"line":77,"column":4},"end":{"line":83,"column":5}},"39":{"start":{"line":78,"column":22},"end":{"line":78,"column":49}},"40":{"start":{"line":79,"column":6},"end":{"line":79,"column":40}},"41":{"start":{"line":80,"column":6},"end":{"line":80,"column":57}},"42":{"start":{"line":81,"column":6},"end":{"line":81,"column":32}},"43":{"start":{"line":82,"column":6},"end":{"line":82,"column":18}},"44":{"start":{"line":86,"column":19},"end":{"line":90,"column":6}},"45":{"start":{"line":87,"column":26},"end":{"line":87,"column":71}},"46":{"start":{"line":88,"column":26},"end":{"line":88,"column":71}},"47":{"start":{"line":89,"column":6},"end":{"line":89,"column":39}},"48":{"start":{"line":92,"column":4},"end":{"line":95,"column":7}},"49":{"start":{"line":93,"column":26},"end":{"line":93,"column":83}},"50":{"start":{"line":94,"column":6},"end":{"line":94,"column":36}},"51":{"start":{"line":97,"column":4},"end":{"line":97,"column":16}},"52":{"start":{"line":106,"column":22},"end":{"line":106,"column":51}},"53":{"start":{"line":107,"column":4},"end":{"line":107,"column":55}},"54":{"start":{"line":109,"column":26},"end":{"line":109,"column":69}},"55":{"start":{"line":109,"column":51},"end":{"line":109,"column":61}},"56":{"start":{"line":110,"column":23},"end":{"line":110,"column":42}},"57":{"start":{"line":111,"column":23},"end":{"line":111,"column":69}},"58":{"start":{"line":113,"column":4},"end":{"line":122,"column":6}},"59":{"start":{"line":124,"column":4},"end":{"line":124,"column":21}},"60":{"start":{"line":133,"column":22},"end":{"line":133,"column":51}},"61":{"start":{"line":134,"column":4},"end":{"line":134,"column":45}},"62":{"start":{"line":136,"column":20},"end":{"line":136,"column":43}},"63":{"start":{"line":137,"column":20},"end":{"line":137,"column":43}},"64":{"start":{"line":139,"column":4},"end":{"line":154,"column":6}},"65":{"start":{"line":156,"column":4},"end":{"line":156,"column":21}},"66":{"start":{"line":165,"column":4},"end":{"line":168,"column":14}},"67":{"start":{"line":167,"column":28},"end":{"line":167,"column":45}},"68":{"start":{"line":177,"column":20},"end":{"line":177,"column":49}},"69":{"start":{"line":178,"column":4},"end":{"line":178,"column":45}},"70":{"start":{"line":180,"column":18},"end":{"line":187,"column":5}},"71":{"start":{"line":189,"column":4},"end":{"line":197,"column":7}},"72":{"start":{"line":190,"column":23},"end":{"line":190,"column":52}},"73":{"start":{"line":191,"column":6},"end":{"line":191,"column":39}},"74":{"start":{"line":192,"column":6},"end":{"line":195,"column":8}},"75":{"start":{"line":196,"column":6},"end":{"line":196,"column":36}},"76":{"start":{"line":199,"column":4},"end":{"line":199,"column":19}}},"fnMap":{"0":{"name":"(anonymous_0)","decl":{"start":{"line":13,"column":2},"end":{"line":13,"column":3}},"loc":{"start":{"line":13,"column":50},"end":{"line":58,"column":3}},"line":13},"1":{"name":"(anonymous_1)","decl":{"start":{"line":28,"column":37},"end":{"line":28,"column":38}},"loc":{"start":{"line":28,"column":62},"end":{"line":55,"column":5}},"line":28},"2":{"name":"(anonymous_2)","decl":{"start":{"line":65,"column":2},"end":{"line":65,"column":3}},"loc":{"start":{"line":65,"column":42},"end":{"line":98,"column":3}},"line":65},"3":{"name":"(anonymous_3)","decl":{"start":{"line":75,"column":43},"end":{"line":75,"column":44}},"loc":{"start":{"line":75,"column":48},"end":{"line":75,"column":73}},"line":75},"4":{"name":"(anonymous_4)","decl":{"start":{"line":86,"column":35},"end":{"line":86,"column":36}},"loc":{"start":{"line":86,"column":45},"end":{"line":90,"column":5}},"line":86},"5":{"name":"(anonymous_5)","decl":{"start":{"line":92,"column":31},"end":{"line":92,"column":32}},"loc":{"start":{"line":92,"column":46},"end":{"line":95,"column":5}},"line":92},"6":{"name":"(anonymous_6)","decl":{"start":{"line":105,"column":2},"end":{"line":105,"column":3}},"loc":{"start":{"line":105,"column":43},"end":{"line":125,"column":3}},"line":105},"7":{"name":"(anonymous_7)","decl":{"start":{"line":109,"column":46},"end":{"line":109,"column":47}},"loc":{"start":{"line":109,"column":51},"end":{"line":109,"column":61}},"line":109},"8":{"name":"(anonymous_8)","decl":{"start":{"line":132,"column":2},"end":{"line":132,"column":3}},"loc":{"start":{"line":132,"column":43},"end":{"line":157,"column":3}},"line":132},"9":{"name":"(anonymous_9)","decl":{"start":{"line":164,"column":2},"end":{"line":164,"column":3}},"loc":{"start":{"line":164,"column":43},"end":{"line":169,"column":3}},"line":164},"10":{"name":"(anonymous_10)","decl":{"start":{"line":167,"column":21},"end":{"line":167,"column":22}},"loc":{"start":{"line":167,"column":28},"end":{"line":167,"column":45}},"line":167},"11":{"name":"(anonymous_11)","decl":{"start":{"line":176,"column":2},"end":{"line":176,"column":3}},"loc":{"start":{"line":176,"column":40},"end":{"line":200,"column":3}},"line":176},"12":{"name":"(anonymous_12)","decl":{"start":{"line":189,"column":18},"end":{"line":189,"column":19}},"loc":{"start":{"line":189,"column":26},"end":{"line":197,"column":5}},"line":189}},"branchMap":{"0":{"loc":{"start":{"line":75,"column":48},"end":{"line":75,"column":73}},"type":"binary-expr","locations":[{"start":{"line":75,"column":48},"end":{"line":75,"column":59}},{"start":{"line":75,"column":63},"end":{"line":75,"column":73}}],"line":75},"1":{"loc":{"start":{"line":77,"column":4},"end":{"line":83,"column":5}},"type":"if","locations":[{"start":{"line":77,"column":4},"end":{"line":83,"column":5}},{"start":{},"end":{}}],"line":77},"2":{"loc":{"start":{"line":87,"column":26},"end":{"line":87,"column":71}},"type":"binary-expr","locations":[{"start":{"line":87,"column":26},"end":{"line":87,"column":66}},{"start":{"line":87,"column":70},"end":{"line":87,"column":71}}],"line":87},"3":{"loc":{"start":{"line":88,"column":26},"end":{"line":88,"column":71}},"type":"binary-expr","locations":[{"start":{"line":88,"column":26},"end":{"line":88,"column":66}},{"start":{"line":88,"column":70},"end":{"line":88,"column":71}}],"line":88},"4":{"loc":{"start":{"line":136,"column":20},"end":{"line":136,"column":43}},"type":"binary-expr","locations":[{"start":{"line":136,"column":20},"end":{"line":136,"column":38}},{"start":{"line":136,"column":42},"end":{"line":136,"column":43}}],"line":136},"5":{"loc":{"start":{"line":137,"column":20},"end":{"line":137,"column":43}},"type":"binary-expr","locations":[{"start":{"line":137,"column":20},"end":{"line":137,"column":38}},{"start":{"line":137,"column":42},"end":{"line":137,"column":43}}],"line":137},"6":{"loc":{"start":{"line":181,"column":36},"end":{"line":181,"column":65}},"type":"binary-expr","locations":[{"start":{"line":181,"column":36},"end":{"line":181,"column":60}},{"start":{"line":181,"column":64},"end":{"line":181,"column":65}}],"line":181},"7":{"loc":{"start":{"line":182,"column":38},"end":{"line":182,"column":69}},"type":"binary-expr","locations":[{"start":{"line":182,"column":38},"end":{"line":182,"column":64}},{"start":{"line":182,"column":68},"end":{"line":182,"column":69}}],"line":182},"8":{"loc":{"start":{"line":183,"column":41},"end":{"line":183,"column":75}},"type":"binary-expr","locations":[{"start":{"line":183,"column":41},"end":{"line":183,"column":70}},{"start":{"line":183,"column":74},"end":{"line":183,"column":75}}],"line":183},"9":{"loc":{"start":{"line":184,"column":38},"end":{"line":184,"column":60}},"type":"binary-expr","locations":[{"start":{"line":184,"column":38},"end":{"line":184,"column":55}},{"start":{"line":184,"column":59},"end":{"line":184,"column":60}}],"line":184},"10":{"loc":{"start":{"line":185,"column":40},"end":{"line":185,"column":64}},"type":"binary-expr","locations":[{"start":{"line":185,"column":40},"end":{"line":185,"column":59}},{"start":{"line":185,"column":63},"end":{"line":185,"column":64}}],"line":185},"11":{"loc":{"start":{"line":186,"column":38},"end":{"line":186,"column":60}},"type":"binary-expr","locations":[{"start":{"line":186,"column":38},"end":{"line":186,"column":55}},{"start":{"line":186,"column":59},"end":{"line":186,"column":60}}],"line":186}},"s":{"0":0,"1":0,"2":0,"3":0,"4":0,"5":0,"6":0,"7":0,"8":0,"9":0,"10":0,"11":0,"12":0,"13":0,"14":0,"15":0,"16":0,"17":0,"18":0,"19":0,"20":0,"21":0,"22":0,"23":0,"24":0,"25":0,"26":0,"27":0,"28":0,"29":0,"30":0,"31":0,"32":0,"33":0,"34":0,"35":0,"36":0,"37":0,"38":0,"39":0,"40":0,"41":0,"42":0,"43":0,"44":0,"45":0,"46":0,"47":0,"48":0,"49":0,"50":0,"51":0,"52":0,"53":0,"54":0,"55":0,"56":0,"57":0,"58":0,"59":0,"60":0,"61":0,"62":0,"63":0,"64":0,"65":0,"66":0,"67":0,"68":0,"69":0,"70":0,"71":0,"72":0,"73":0,"74":0,"75":0,"76":0},"f":{"0":0,"1":0,"2":0,"3":0,"4":0,"5":0,"6":0,"7":0,"8":0,"9":0,"10":0,"11":0,"12":0},"b":{"0":[0,0],"1":[0,0],"2":[0,0],"3":[0,0],"4":[0,0],"5":[0,0],"6":[0,0],"7":[0,0],"8":[0,0],"9":[0,0],"10":[0,0],"11":[0,0]}}
,"C:\\source\\repos\\bpm\\internal\\python-skill-builder\\static\\js\\components\\achievements-panel.js": {"path":"C:\\source\\repos\\bpm\\internal\\python-skill-builder\\static\\js\\components\\achievements-panel.js","statementMap":{"0":{"start":{"line":11,"column":4},"end":{"line":11,"column":31}},"1":{"start":{"line":12,"column":4},"end":{"line":12,"column":35}},"2":{"start":{"line":13,"column":4},"end":{"line":13,"column":27}},"3":{"start":{"line":22,"column":4},"end":{"line":22,"column":37}},"4":{"start":{"line":24,"column":18},"end":{"line":24,"column":47}},"5":{"start":{"line":25,"column":4},"end":{"line":25,"column":43}},"6":{"start":{"line":28,"column":19},"end":{"line":28,"column":38}},"7":{"start":{"line":29,"column":4},"end":{"line":29,"column":30}},"8":{"start":{"line":32,"column":27},"end":{"line":32,"column":54}},"9":{"start":{"line":33,"column":4},"end":{"line":33,"column":38}},"10":{"start":{"line":36,"column":18},"end":{"line":36,"column":53}},"11":{"start":{"line":37,"column":4},"end":{"line":37,"column":29}},"12":{"start":{"line":40,"column":17},"end":{"line":40,"column":57}},"13":{"start":{"line":41,"column":4},"end":{"line":41,"column":28}},"14":{"start":{"line":43,"column":4},"end":{"line":43,"column":17}},"15":{"start":{"line":51,"column":19},"end":{"line":51,"column":48}},"16":{"start":{"line":52,"column":4},"end":{"line":52,"column":51}},"17":{"start":{"line":54,"column":4},"end":{"line":57,"column":6}},"18":{"start":{"line":59,"column":4},"end":{"line":59,"column":18}},"19":{"start":{"line":67,"column":21},"end":{"line":67,"column":50}},"20":{"start":{"line":68,"column":4},"end":{"line":68,"column":56}},"21":{"start":{"line":71,"column":27},"end":{"line":71,"column":56}},"22":{"start":{"line":72,"column":4},"end":{"line":72,"column":46}},"23":{"start":{"line":73,"column":4},"end":{"line":73,"column":58}},"24":{"start":{"line":75,"column":27},"end":{"line":75,"column":59}},"25":{"start":{"line":76,"column":4},"end":{"line":76,"column":49}},"26":{"start":{"line":77,"column":4},"end":{"line":77,"column":77}},"27":{"start":{"line":79,"column":4},"end":{"line":84,"column":7}},"28":{"start":{"line":80,"column":21},"end":{"line":80,"column":53}},"29":{"start":{"line":81,"column":6},"end":{"line":81,"column":30}},"30":{"start":{"line":82,"column":6},"end":{"line":82,"column":36}},"31":{"start":{"line":83,"column":6},"end":{"line":83,"column":41}},"32":{"start":{"line":86,"column":4},"end":{"line":90,"column":7}},"33":{"start":{"line":87,"column":6},"end":{"line":87,"column":73}},"34":{"start":{"line":88,"column":6},"end":{"line":88,"column":81}},"35":{"start":{"line":89,"column":6},"end":{"line":89,"column":24}},"36":{"start":{"line":92,"column":4},"end":{"line":92,"column":47}},"37":{"start":{"line":93,"column":4},"end":{"line":93,"column":41}},"38":{"start":{"line":96,"column":25},"end":{"line":96,"column":54}},"39":{"start":{"line":97,"column":4},"end":{"line":97,"column":44}},"40":{"start":{"line":98,"column":4},"end":{"line":98,"column":54}},"41":{"start":{"line":100,"column":25},"end":{"line":100,"column":57}},"42":{"start":{"line":101,"column":4},"end":{"line":101,"column":45}},"43":{"start":{"line":102,"column":4},"end":{"line":102,"column":73}},"44":{"start":{"line":104,"column":4},"end":{"line":109,"column":7}},"45":{"start":{"line":105,"column":21},"end":{"line":105,"column":53}},"46":{"start":{"line":106,"column":6},"end":{"line":106,"column":28}},"47":{"start":{"line":107,"column":6},"end":{"line":107,"column":34}},"48":{"start":{"line":108,"column":6},"end":{"line":108,"column":39}},"49":{"start":{"line":111,"column":4},"end":{"line":115,"column":7}},"50":{"start":{"line":112,"column":6},"end":{"line":112,"column":71}},"51":{"start":{"line":113,"column":6},"end":{"line":113,"column":81}},"52":{"start":{"line":114,"column":6},"end":{"line":114,"column":24}},"53":{"start":{"line":117,"column":4},"end":{"line":117,"column":43}},"54":{"start":{"line":118,"column":4},"end":{"line":118,"column":39}},"55":{"start":{"line":120,"column":4},"end":{"line":120,"column":20}},"56":{"start":{"line":129,"column":18},"end":{"line":129,"column":47}},"57":{"start":{"line":130,"column":4},"end":{"line":130,"column":48}},"58":{"start":{"line":132,"column":26},"end":{"line":132,"column":69}},"59":{"start":{"line":132,"column":51},"end":{"line":132,"column":61}},"60":{"start":{"line":133,"column":23},"end":{"line":133,"column":42}},"61":{"start":{"line":134,"column":33},"end":{"line":134,"column":79}},"62":{"start":{"line":136,"column":24},"end":{"line":138,"column":59}},"63":{"start":{"line":137,"column":19},"end":{"line":137,"column":29}},"64":{"start":{"line":138,"column":26},"end":{"line":138,"column":55}},"65":{"start":{"line":140,"column":4},"end":{"line":153,"column":6}},"66":{"start":{"line":155,"column":4},"end":{"line":155,"column":17}},"67":{"start":{"line":164,"column":17},"end":{"line":164,"column":46}},"68":{"start":{"line":165,"column":4},"end":{"line":165,"column":41}},"69":{"start":{"line":166,"column":4},"end":{"line":166,"column":34}},"70":{"start":{"line":168,"column":21},"end":{"line":168,"column":58}},"71":{"start":{"line":170,"column":4},"end":{"line":173,"column":5}},"72":{"start":{"line":171,"column":6},"end":{"line":171,"column":91}},"73":{"start":{"line":172,"column":6},"end":{"line":172,"column":18}},"74":{"start":{"line":175,"column":4},"end":{"line":182,"column":7}},"75":{"start":{"line":176,"column":20},"end":{"line":180,"column":7}},"76":{"start":{"line":181,"column":6},"end":{"line":181,"column":30}},"77":{"start":{"line":184,"column":4},"end":{"line":184,"column":16}},"78":{"start":{"line":193,"column":4},"end":{"line":195,"column":5}},"79":{"start":{"line":194,"column":6},"end":{"line":194,"column":26}},"80":{"start":{"line":197,"column":4},"end":{"line":199,"column":5}},"81":{"start":{"line":198,"column":6},"end":{"line":198,"column":78}},"82":{"start":{"line":198,"column":38},"end":{"line":198,"column":76}},"83":{"start":{"line":201,"column":4},"end":{"line":203,"column":5}},"84":{"start":{"line":202,"column":6},"end":{"line":202,"column":76}},"85":{"start":{"line":202,"column":38},"end":{"line":202,"column":74}},"86":{"start":{"line":205,"column":4},"end":{"line":205,"column":24}},"87":{"start":{"line":212,"column":26},"end":{"line":212,"column":70}},"88":{"start":{"line":213,"column":4},"end":{"line":213,"column":31}},"89":{"start":{"line":213,"column":24},"end":{"line":213,"column":31}},"90":{"start":{"line":215,"column":21},"end":{"line":215,"column":63}},"91":{"start":{"line":216,"column":4},"end":{"line":216,"column":33}},"92":{"start":{"line":218,"column":4},"end":{"line":221,"column":5}},"93":{"start":{"line":219,"column":6},"end":{"line":219,"column":100}},"94":{"start":{"line":220,"column":6},"end":{"line":220,"column":13}},"95":{"start":{"line":223,"column":4},"end":{"line":230,"column":7}},"96":{"start":{"line":224,"column":20},"end":{"line":228,"column":7}},"97":{"start":{"line":229,"column":6},"end":{"line":229,"column":39}}},"fnMap":{"0":{"name":"(anonymous_0)","decl":{"start":{"line":10,"column":2},"end":{"line":10,"column":3}},"loc":{"start":{"line":10,"column":16},"end":{"line":14,"column":3}},"line":10},"1":{"name":"(anonymous_1)","decl":{"start":{"line":21,"column":2},"end":{"line":21,"column":3}},"loc":{"start":{"line":21,"column":28},"end":{"line":44,"column":3}},"line":21},"2":{"name":"(anonymous_2)","decl":{"start":{"line":50,"column":2},"end":{"line":50,"column":3}},"loc":{"start":{"line":50,"column":17},"end":{"line":60,"column":3}},"line":50},"3":{"name":"(anonymous_3)","decl":{"start":{"line":66,"column":2},"end":{"line":66,"column":3}},"loc":{"start":{"line":66,"column":25},"end":{"line":121,"column":3}},"line":66},"4":{"name":"(anonymous_4)","decl":{"start":{"line":79,"column":50},"end":{"line":79,"column":51}},"loc":{"start":{"line":79,"column":62},"end":{"line":84,"column":5}},"line":79},"5":{"name":"(anonymous_5)","decl":{"start":{"line":86,"column":46},"end":{"line":86,"column":47}},"loc":{"start":{"line":86,"column":53},"end":{"line":90,"column":5}},"line":86},"6":{"name":"(anonymous_6)","decl":{"start":{"line":104,"column":46},"end":{"line":104,"column":47}},"loc":{"start":{"line":104,"column":56},"end":{"line":109,"column":5}},"line":104},"7":{"name":"(anonymous_7)","decl":{"start":{"line":111,"column":44},"end":{"line":111,"column":45}},"loc":{"start":{"line":111,"column":51},"end":{"line":115,"column":5}},"line":111},"8":{"name":"(anonymous_8)","decl":{"start":{"line":128,"column":2},"end":{"line":128,"column":3}},"loc":{"start":{"line":128,"column":33},"end":{"line":156,"column":3}},"line":128},"9":{"name":"(anonymous_9)","decl":{"start":{"line":132,"column":46},"end":{"line":132,"column":47}},"loc":{"start":{"line":132,"column":51},"end":{"line":132,"column":61}},"line":132},"10":{"name":"(anonymous_10)","decl":{"start":{"line":137,"column":14},"end":{"line":137,"column":15}},"loc":{"start":{"line":137,"column":19},"end":{"line":137,"column":29}},"line":137},"11":{"name":"(anonymous_11)","decl":{"start":{"line":138,"column":14},"end":{"line":138,"column":15}},"loc":{"start":{"line":138,"column":26},"end":{"line":138,"column":55}},"line":138},"12":{"name":"(anonymous_12)","decl":{"start":{"line":163,"column":2},"end":{"line":163,"column":3}},"loc":{"start":{"line":163,"column":38},"end":{"line":185,"column":3}},"line":163},"13":{"name":"(anonymous_13)","decl":{"start":{"line":175,"column":21},"end":{"line":175,"column":22}},"loc":{"start":{"line":175,"column":36},"end":{"line":182,"column":5}},"line":175},"14":{"name":"(anonymous_14)","decl":{"start":{"line":192,"column":2},"end":{"line":192,"column":3}},"loc":{"start":{"line":192,"column":35},"end":{"line":206,"column":3}},"line":192},"15":{"name":"(anonymous_15)","decl":{"start":{"line":198,"column":33},"end":{"line":198,"column":34}},"loc":{"start":{"line":198,"column":38},"end":{"line":198,"column":76}},"line":198},"16":{"name":"(anonymous_16)","decl":{"start":{"line":202,"column":33},"end":{"line":202,"column":34}},"loc":{"start":{"line":202,"column":38},"end":{"line":202,"column":74}},"line":202},"17":{"name":"(anonymous_17)","decl":{"start":{"line":211,"column":2},"end":{"line":211,"column":3}},"loc":{"start":{"line":211,"column":15},"end":{"line":231,"column":3}},"line":211},"18":{"name":"(anonymous_18)","decl":{"start":{"line":223,"column":21},"end":{"line":223,"column":22}},"loc":{"start":{"line":223,"column":36},"end":{"line":230,"column":5}},"line":223}},"branchMap":{"0":{"loc":{"start":{"line":87,"column":27},"end":{"line":87,"column":72}},"type":"cond-expr","locations":[{"start":{"line":87,"column":54},"end":{"line":87,"column":59}},{"start":{"line":87,"column":62},"end":{"line":87,"column":72}}],"line":87},"1":{"loc":{"start":{"line":88,"column":32},"end":{"line":88,"column":80}},"type":"cond-expr","locations":[{"start":{"line":88,"column":59},"end":{"line":88,"column":63}},{"start":{"line":88,"column":66},"end":{"line":88,"column":80}}],"line":88},"2":{"loc":{"start":{"line":112,"column":27},"end":{"line":112,"column":70}},"type":"cond-expr","locations":[{"start":{"line":112,"column":54},"end":{"line":112,"column":59}},{"start":{"line":112,"column":62},"end":{"line":112,"column":70}}],"line":112},"3":{"loc":{"start":{"line":113,"column":32},"end":{"line":113,"column":80}},"type":"cond-expr","locations":[{"start":{"line":113,"column":59},"end":{"line":113,"column":63}},{"start":{"line":113,"column":66},"end":{"line":113,"column":80}}],"line":113},"4":{"loc":{"start":{"line":138,"column":33},"end":{"line":138,"column":54}},"type":"binary-expr","locations":[{"start":{"line":138,"column":33},"end":{"line":138,"column":49}},{"start":{"line":138,"column":53},"end":{"line":138,"column":54}}],"line":138},"5":{"loc":{"start":{"line":170,"column":4},"end":{"line":173,"column":5}},"type":"if","locations":[{"start":{"line":170,"column":4},"end":{"line":173,"column":5}},{"start":{},"end":{}}],"line":170},"6":{"loc":{"start":{"line":193,"column":4},"end":{"line":195,"column":5}},"type":"if","locations":[{"start":{"line":193,"column":4},"end":{"line":195,"column":5}},{"start":{},"end":{}}],"line":193},"7":{"loc":{"start":{"line":197,"column":4},"end":{"line":199,"column":5}},"type":"if","locations":[{"start":{"line":197,"column":4},"end":{"line":199,"column":5}},{"start":{},"end":{}}],"line":197},"8":{"loc":{"start":{"line":201,"column":4},"end":{"line":203,"column":5}},"type":"if","locations":[{"start":{"line":201,"column":4},"end":{"line":203,"column":5}},{"start":{},"end":{}}],"line":201},"9":{"loc":{"start":{"line":213,"column":4},"end":{"line":213,"column":31}},"type":"if","locations":[{"start":{"line":213,"column":4},"end":{"line":213,"column":31}},{"start":{},"end":{}}],"line":213},"10":{"loc":{"start":{"line":218,"column":4},"end":{"line":221,"column":5}},"type":"if","locations":[{"start":{"line":218,"column":4},"end":{"line":221,"column":5}},{"start":{},"end":{}}],"line":218}},"s":{"0":0,"1":0,"2":0,"3":0,"4":0,"5":0,"6":0,"7":0,"8":0,"9":0,"10":0,"11":0,"12":0,"13":0,"14":0,"15":0,"16":0,"17":0,"18":0,"19":0,"20":0,"21":0,"22":0,"23":0,"24":0,"25":0,"26":0,"27":0,"28":0,"29":0,"30":0,"31":0,"32":0,"33":0,"34":0,"35":0,"36":0,"37":0,"38":0,"39":0,"40":0,"41":0,"42":0,"43":0,"44":0,"45":0,"46":0,"47":0,"48":0,"49":0,"50":0,"51":0,"52":0,"53":0,"54":0,"55":0,"56":0,"57":0,"58":0,"59":0,"60":0,"61":0,"62":0,"63":0,"64":0,"65":0,"66":0,"67":0,"68":0,"69":0,"70":0,"71":0,"72":0,"73":0,"74":0,"75":0,"76":0,"77":0,"78":0,"79":0,"80":0,"81":0,"82":0,"83":0,"84":0,"85":0,"86":0,"87":0,"88":0,"89":0,"90":0,"91":0,"92":0,"93":0,"94":0,"95":0,"96":0,"97":0},"f":{"0":0,"1":0,"2":0,"3":0,"4":0,"5":0,"6":0,"7":0,"8":0,"9":0,"10":0,"11":0,"12":0,"13":0,"14":0,"15":0,"16":0,"17":0,"18":0},"b":{"0":[0,0],"1":[0,0],"2":[0,0],"3":[0,0],"4":[0,0],"5":[0,0],"6":[0,0],"7":[0,0],"8":[0,0],"9":[0,0],"10":[0,0]}}
[...]
}},"line":157},"19":{"name":"(anonymous_19)","decl":{"start":{"line":166,"column":2},"end":{"line":166,"column":3}},"loc":{"start":{"line":166,"column":24},"end":{"line":168,"column":3}},"line":166},"20":{"name":"(anonymous_20)","decl":{"start":{"line":174,"column":2},"end":{"line":174,"column":3}},"loc":{"start":{"line":174,"column":20},"end":{"line":177,"column":3}},"line":174},"21":{"name":"(anonymous_21)","decl":{"start":{"line":183,"column":2},"end":{"line":183,"column":3}},"loc":{"start":{"line":183,"column":24},"end":{"line":186,"column":3}},"line":183},"22":{"name":"(anonymous_22)","decl":{"start":{"line":191,"column":2},"end":{"line":191,"column":3}},"loc":{"start":{"line":191,"column":25},"end":{"line":197,"column":3}},"line":191}},"branchMap":{"0":{"loc":{"start":{"line":39,"column":11},"end":{"line":39,"column":60}},"type":"binary-expr","locations":[{"start":{"line":39,"column":11},"end":{"line":39,"column":52}},{"start":{"line":39,"column":56},"end":{"line":39,"column":60}}],"line":39},"1":{"loc":{"start":{"line":118,"column":11},"end":{"line":120,"column":53}},"type":"binary-expr","locations":[{"start":{"line":118,"column":11},"end":{"line":118,"column":31}},{"start":{"line":119,"column":11},"end":{"line":119,"column":42}},{"start":{"line":120,"column":11},"end":{"line":120,"column":53}}],"line":118},"2":{"loc":{"start":{"line":128,"column":11},"end":{"line":128,"column":49}},"type":"binary-expr","locations":[{"start":{"line":128,"column":11},"end":{"line":128,"column":43}},{"start":{"line":128,"column":47},"end":{"line":128,"column":49}}],"line":128},"3":{"loc":{"start":{"line":158,"column":4},"end":{"line":158,"column":42}},"type":"if","locations":[{"start":{"line":158,"column":4},"end":{"line":158,"column":42}},{"start":{},"end":{}}],"line":158},"4":{"loc":{"start":{"line":175,"column":4},"end":{"line":175,"column":45}},"type":"if","locations":[{"start":{"line":175,"column":4},"end":{"line":175,"column":45}},{"start":{},"end":{}}],"line":175},"5":{"loc":{"start":{"line":184,"column":4},"end":{"line":184,"column":49}},"type":"if","locations":[{"start":{"line":184,"column":4},"end":{"line":184,"column":49}},{"start":{},"end":{}}],"line":184}},"s":{"0":0,"1":0,"2":0,"3":0,"4":0,"5":0,"6":0,"7":0,"8":0,"9":0,"10":0,"11":0,"12":0,"13":0,"14":0,"15":0,"16":0,"17":0,"18":0,"19":0,"20":0,"21":0,"22":0,"23":0,"24":0,"25":0,"26":0,"27":0,"28":0,"29":0,"30":0,"31":0,"32":0,"33":0,"34":0,"35":0,"36":0,"37":0,"38":0,"39":0,"40":0,"41":0,"42":0,"43":0},"f":{"0":0,"1":0,"2":0,"3":0,"4":0,"5":0,"6":0,"7":0,"8":0,"9":0,"10":0,"11":0,"12":0,"13":0,"14":0,"15":0,"16":0,"17":0,"18":0,"19":0,"20":0,"21":0,"22":0},"b":{"0":[0,0],"1":[0,0,0],"2":[0,0],"3":[0,0],"4":[0,0],"5":[0,0]}}
,"C:\\source\\repos\\bpm\\internal\\python-skill-builder\\static\\js\\visualizations\\index.js": {"path":"C:\\source\\repos\\bpm\\internal\\python-skill-builder\\static\\js\\visualizations\\index.js","statementMap":{"0":{"start":{"line":8,"column":4},"end":{"line":8,"column":24}},"1":{"start":{"line":9,"column":4},"end":{"line":9,"column":35}},"2":{"start":{"line":18,"column":4},"end":{"line":20,"column":5}},"3":{"start":{"line":19,"column":6},"end":{"line":19,"column":88}},"4":{"start":{"line":21,"column":4},"end":{"line":21,"column":36}},"5":{"start":{"line":30,"column":4},"end":{"line":30,"column":40}},"6":{"start":{"line":39,"column":4},"end":{"line":39,"column":34}},"7":{"start":{"line":47,"column":4},"end":{"line":47,"column":39}},"8":{"start":{"line":57,"column":4},"end":{"line":59,"column":5}},"9":{"start":{"line":58,"column":6},"end":{"line":58,"column":18}},"10":{"start":{"line":61,"column":21},"end":{"line":61,"column":53}},"11":{"start":{"line":62,"column":4},"end":{"line":65,"column":5}},"12":{"start":{"line":63,"column":6},"end":{"line":63,"column":82}},"13":{"start":{"line":64,"column":6},"end":{"line":64,"column":18}},"14":{"start":{"line":67,"column":4},"end":{"line":73,"column":5}},"15":{"start":{"line":68,"column":22},"end":{"line":68,"column":66}},"16":{"start":{"line":69,"column":6},"end":{"line":69,"column":21}},"17":{"start":{"line":71,"column":6},"end":{"line":71,"column":78}},"18":{"start":{"line":72,"column":6},"end":{"line":72,"column":18}},"19":{"start":{"line":83,"column":4},"end":{"line":83,"column":20}},"20":{"start":{"line":85,"column":4},"end":{"line":88,"column":5}},"21":{"start":{"line":86,"column":6},"end":{"line":86,"column":54}},"22":{"start":{"line":87,"column":6},"end":{"line":87,"column":13}},"23":{"start":{"line":90,"column":4},"end":{"line":90,"column":29}},"24":{"start":{"line":92,"column":4},"end":{"line":94,"column":5}},"25":{"start":{"line":93,"column":6},"end":{"line":93,"column":13}},"26":{"start":{"line":96,"column":4},"end":{"line":106,"column":5}},"27":{"start":{"line":97,"column":22},"end":{"line":97,"column":75}},"28":{"start":{"line":98,"column":6},"end":{"line":105,"column":7}},"29":{"start":{"line":99,"column":8},"end":{"line":99,"column":39}},"30":{"start":{"line":100,"column":8},"end":{"line":104,"column":11}},"31":{"start":{"line":113,"column":4},"end":{"line":124,"column":5}},"32":{"start":{"line":114,"column":6},"end":{"line":120,"column":7}},"33":{"start":{"line":115,"column":8},"end":{"line":119,"column":9}},"34":{"start":{"line":116,"column":10},"end":{"line":116,"column":29}},"35":{"start":{"line":118,"column":10},"end":{"line":118,"column":61}},"36":{"start":{"line":121,"column":6},"end":{"line":123,"column":7}},"37":{"start":{"line":122,"column":8},"end":{"line":122,"column":48}},"38":{"start":{"line":125,"column":4},"end":{"line":125,"column":35}},"39":{"start":{"line":133,"column":4},"end":{"line":133,"column":44}},"40":{"start":{"line":141,"column":4},"end":{"line":141,"column":48}},"41":{"start":{"line":149,"column":4},"end":{"line":149,"column":42}},"42":{"start":{"line":156,"column":4},"end":{"line":156,"column":20}},"43":{"start":{"line":157,"column":4},"end":{"line":157,"column":24}},"44":{"start":{"line":162,"column":36},"end":{"line":162,"column":62}}},"fnMap":{"0":{"name":"(anonymous_0)","decl":{"start":{"line":7,"column":2},"end":{"line":7,"column":3}},"loc":{"start":{"line":7,"column":16},"end":{"line":10,"column":3}},"line":7},"1":{"name":"(anonymous_1)","decl":{"start":{"line":17,"column":2},"end":{"line":17,"column":3}},"loc":{"start":{"line":17,"column":35},"end":{"line":22,"column":3}},"line":17},"2":{"name":"(anonymous_2)","decl":{"start":{"line":29,"column":2},"end":{"line":29,"column":3}},"loc":{"start":{"line":29,"column":20},"end":{"line":31,"column":3}},"line":29},"3":{"name":"(anonymous_3)","decl":{"start":{"line":38,"column":2},"end":{"line":38,"column":3}},"loc":{"start":{"line":38,"column":20},"end":{"line":40,"column":3}},"line":38},"4":{"name":"(anonymous_4)","decl":{"start":{"line":46,"column":2},"end":{"line":46,"column":3}},"loc":{"start":{"line":46,"column":21},"end":{"line":48,"column":3}},"line":46},"5":{"name":"(anonymous_5)","decl":{"start":{"line":56,"column":2},"end":{"line":56,"column":3}},"loc":{"start":{"line":56,"column":51},"end":{"line":74,"column":3}},"line":56},"6":{"name":"(anonymous_6)","decl":{"start":{"line":82,"column":2},"end":{"line":82,"column":3}},"loc":{"start":{"line":82,"column":57},"end":{"line":107,"column":3}},"line":82},"7":{"name":"(anonymous_7)","decl":{"start":{"line":112,"column":2},"end":{"line":112,"column":3}},"loc":{"start":{"line":112,"column":13},"end":{"line":126,"column":3}},"line":112},"8":{"name":"(anonymous_8)","decl":{"start":{"line":132,"column":2},"end":{"line":132,"column":3}},"loc":{"start":{"line":132,"column":19},"end":{"line":134,"column":3}},"line":132},"9":{"name":"(anonymous_9)","decl":{"start":{"line":140,"column":2},"end":{"line":140,"column":3}},"loc":{"start":{"line":140,"column":14},"end":{"line":142,"column":3}},"line":140},"10":{"name":"(anonymous_10)","decl":{"start":{"line":148,"column":2},"end":{"line":148,"column":3}},"loc":{"start":{"line":148,"column":14},"end":{"line":150,"column":3}},"line":148},"11":{"name":"(anonymous_11)","decl":{"start":{"line":155,"column":2},"end":{"line":155,"column":3}},"loc":{"start":{"line":155,"column":12},"end":{"line":158,"column":3}},"line":155}},"branchMap":{"0":{"loc":{"start":{"line":18,"column":4},"end":{"line":20,"column":5}},"type":"if","locations":[{"start":{"line":18,"column":4},"end":{"line":20,"column":5}},{"start":{},"end":{}}],"line":18},"1":{"loc":{"start":{"line":18,"column":8},"end":{"line":18,"column":58}},"type":"binary-expr","locations":[{"start":{"line":18,"column":8},"end":{"line":18,"column":17}},{"start":{"line":18,"column":21},"end":{"line":18,"column":58}}],"line":18},"2":{"loc":{"start":{"line":30,"column":11},"end":{"line":30,"column":39}},"type":"binary-expr","locations":[{"start":{"line":30,"column":11},"end":{"line":30,"column":31}},{"start":{"line":30,"column":35},"end":{"line":30,"column":39}}],"line":30},"3":{"loc":{"start":{"line":57,"column":4},"end":{"line":59,"column":5}},"type":"if","locations":[{"start":{"line":57,"column":4},"end":{"line":59,"column":5}},{"start":{},"end":{}}],"line":57},"4":{"loc":{"start":{"line":62,"column":4},"end":{"line":65,"column":5}},"type":"if","locations":[{"start":{"line":62,"column":4},"end":{"line":65,"column":5}},{"start":{},"end":{}}],"line":62},"5":{"loc":{"start":{"line":85,"column":4},"end":{"line":88,"column":5}},"type":"if","locations":[{"start":{"line":85,"column":4},"end":{"line":88,"column":5}},{"start":{},"end":{}}],"line":85},"6":{"loc":{"start":{"line":92,"column":4},"end":{"line":94,"column":5}},"type":"if","locations":[{"start":{"line":92,"column":4},"end":{"line":94,"column":5}},{"start":{},"end":{}}],"line":92},"7":{"loc":{"start":{"line":92,"column":8},"end":{"line":92,"column":54}},"type":"binary-expr","locations":[{"start":{"line":92,"column":8},"end":{"line":92,"column":23}},{"start":{"line":92,"column":27},"end":{"line":92,"column":54}}],"line":92},"8":{"loc":{"start":{"line":98,"column":6},"end":{"line":105,"column":7}},"type":"if","locations":[{"start":{"line":98,"column":6},"end":{"line":105,"column":7}},{"start":{},"end":{}}],"line":98},"9":{"loc":{"start":{"line":114,"column":6},"end":{"line":120,"column":7}},"type":"if","locations":[{"start":{"line":114,"column":6},"end":{"line":120,"column":7}},{"start":{},"end":{}}],"line":114},"10":{"loc":{"start":{"line":114,"column":10},"end":{"line":114,"column":60}},"type":"binary-expr","locations":[{"start":{"line":114,"column":10},"end":{"line":114,"column":18}},{"start":{"line":114,"column":22},"end":{"line":114,"column":60}}],"line":114},"11":{"loc":{"start":{"line":121,"column":6},"end":{"line":123,"column":7}},"type":"if","locations":[{"start":{"line":121,"column":6},"end":{"line":123,"column":7}},{"start":{},"end":{}}],"line":121},"12":{"loc":{"start":{"line":121,"column":10},"end":{"line":121,"column":39}},"type":"binary-expr","locations":[{"start":{"line":121,"column":10},"end":{"line":121,"column":17}},{"start":{"line":121,"column":21},"end":{"line":121,"column":39}}],"line":121}},"s":{"0":0,"1":0,"2":0,"3":0,"4":0,"5":0,"6":0,"7":0,"8":0,"9":0,"10":0,"11":0,"12":0,"13":0,"14":0,"15":0,"16":0,"17":0,"18":0,"19":0,"20":0,"21":0,"22":0,"23":0,"24":0,"25":0,"26":0,"27":0,"28":0,"29":0,"30":0,"31":0,"32":0,"33":0,"34":0,"35":0,"36":0,"37":0,"38":0,"39":0,"40":0,"41":0,"42":0,"43":0,"44":0},"f":{"0":0,"1":0,"2":0,"3":0,"4":0,"5":0,"6":0,"7":0,"8":0,"9":0,"10":0,"11":0},"b":{"0":[0,0],"1":[0,0],"2":[0,0],"3":[0,0],"4":[0,0],"5":[0,0],"6":[0,0],"7":[0,0],"8":[0,0],"9":[0,0],"10":[0,0],"11":[0,0],"12":[0,0]}}
,"C:\\source\\repos\\bpm\\internal\\python-skill-builder\\static\\js\\visualizations\\renderers\\base.js": {"path":"C:\\source\\repos\\bpm\\internal\\python-skill-builder\\static\\js\\visualizations\\renderers\\base.js","statementMap":{"0":{"start":{"line":15,"column":4},"end":{"line":15,"column":71}},"1":{"start":{"line":31,"column":4},"end":{"line":31,"column":48}},"2":{"start":{"line":40,"column":4},"end":{"line":40,"column":68}},"3":{"start":{"line":50,"column":22},"end":{"line":50,"column":51}},"4":{"start":{"line":51,"column":4},"end":{"line":51,"column":36}},"5":{"start":{"line":53,"column":4},"end":{"line":55,"column":5}},"6":{"start":{"line":54,"column":6},"end":{"line":54,"column":45}},"7":{"start":{"line":57,"column":4},"end":{"line":57,"column":21}},"8":{"start":{"line":66,"column":18},"end":{"line":66,"column":46}},"9":{"start":{"line":67,"column":4},"end":{"line":67,"column":29}},"10":{"start":{"line":68,"column":4},"end":{"line":68,"column":38}},"11":{"start":{"line":69,"column":4},"end":{"line":69,"column":17}},"12":{"start":{"line":79,"column":20},"end":{"line":79,"column":49}},"13":{"start":{"line":80,"column":4},"end":{"line":80,"column":40}},"14":{"start":{"line":82,"column":4},"end":{"line":85,"column":5}},"15":{"start":{"line":83,"column":22},"end":{"line":83,"column":45}},"16":{"start":{"line":84,"column":6},"end":{"line":84,"column":35}},"17":{"start":{"line":87,"column":4},"end":{"line":89,"column":5}},"18":{"start":{"line":88,"column":6},"end":{"line":88,"column":35}},"19":{"start":{"line":91,"column":4},"end":{"line":91,"column":19}},"20":{"start":{"line":100,"column":16},"end":{"line":100,"column":45}},"21":{"start":{"line":101,"column":4},"end":{"line":101,"column":27}},"22":{"start":{"line":102,"column":4},"end":{"line":102,"column":25}},"23":{"start":{"line":111,"column":4},"end":{"line":113,"column":5}},"24":{"start":{"line":112,"column":6},"end":{"line":112,"column":20}},"25":{"start":{"line":115,"column":4},"end":{"line":117,"column":5}},"26":{"start":{"line":116,"column":6},"end":{"line":116,"column":44}},"27":{"start":{"line":119,"column":4},"end":{"line":119,"column":25}},"28":{"start":{"line":130,"column":4},"end":{"line":132,"column":5}},"29":{"start":{"line":131,"column":6},"end":{"line":131,"column":26}},"30":{"start":{"line":134,"column":4},"end":{"line":134,"column":86}},"31":{"start":{"line":143,"column":4},"end":{"line":143,"column":69}},"32":{"start":{"line":152,"column":4},"end":{"line":152,"column":66}},"33":{"start":{"line":161,"column":4},"end":{"line":161,"column":67}}},"fnMap":{"0":{"name":"(anonymous_0)","decl":{"start":{"line":14,"column":2},"end":{"line":14,"column":3}},"loc":{"start":{"line":14,"column":11},"end":{"line":16,"column":3}},"line":14},"1":{"name":"(anonymous_1)","decl":{"start":{"line":21,"column":2},"end":{"line":21,"column":3}},"loc":{"start":{"line":21,"column":12},"end":{"line":23,"column":3}},"line":21},"2":{"name":"(anonymous_2)","decl":{"start":{"line":30,"column":2},"end":{"line":30,"column":3}},"loc":{"start":{"line":30,"column":25},"end":{"line":32,"column":3}},"line":30},"3":{"name":"(anonymous_3)","decl":{"start":{"line":39,"column":2},"end":{"line":39,"column":3}},"loc":{"start":{"line":39,"column":45},"end":{"line":41,"column":3}},"line":39},"4":{"name":"(anonymous_4)","decl":{"start":{"line":49,"column":2},"end":{"line":49,"column":3}},"loc":{"start":{"line":49,"column":42},"end":{"line":58,"column":3}},"line":49},"5":{"name":"(anonymous_5)","decl":{"start":{"line":65,"column":2},"end":{"line":65,"column":3}},"loc":{"start":{"line":65,"column":20},"end":{"line":70,"column":3}},"line":65},"6":{"name":"(anonymous_6)","decl":{"start":{"line":78,"column":2},"end":{"line":78,"column":3}},"loc":{"start":{"line":78,"column":32},"end":{"line":92,"column":3}},"line":78},"7":{"name":"(anonymous_7)","decl":{"start":{"line":99,"column":2},"end":{"line":99,"column":3}},"loc":{"start":{"line":99,"column":19},"end":{"line":103,"column":3}},"line":99},"8":{"name":"(anonymous_8)","decl":{"start":{"line":110,"column":2},"end":{"line":110,"column":3}},"loc":{"start":{"line":110,"column":21},"end":{"line":120,"column":3}},"line":110},"9":{"name":"(anonymous_9)","decl":{"start":{"line":129,"column":2},"end":{"line":129,"column":3}},"loc":{"start":{"line":129,"column":63},"end":{"line":135,"column":3}},"line":129},"10":{"name":"(anonymous_10)","decl":{"start":{"line":142,"column":2},"end":{"line":142,"column":3}},"loc":{"start":{"line":142,"column":42},"end":{"line":144,"column":3}},"line":142},"11":{"name":"(anonymous_11)","decl":{"start":{"line":151,"column":2},"end":{"line":151,"column":3}},"loc":{"start":{"line":151,"column":38},"end":{"line":153,"column":3}},"line":151},"12":{"name":"(anonymous_12)","decl":{"start":{"line":160,"column":2},"end":{"line":160,"column":3}},"loc":{"start":{"line":160,"column":39},"end":{"line":162,"column":3}},"line":160}},"branchMap":{"0":{"loc":{"start":{"line":31,"column":11},"end":{"line":31,"column":47}},"type":"binary-expr","locations":[{"start":{"line":31,"column":11},"end":{"line":31,"column":17}},{"start":{"line":31,"column":21},"end":{"line":31,"column":47}}],"line":31},"1":{"loc":{"start":{"line":40,"column":11},"end":{"line":40,"column":67}},"type":"binary-expr","locations":[{"start":{"line":40,"column":11},"end":{"line":40,"column":27}},{"start":{"line":40,"column":31},"end":{"line":40,"column":67}}],"line":40},"2":{"loc":{"start":{"line":49,"column":29},"end":{"line":49,"column":40}},"type":"default-arg","locations":[{"start":{"line":49,"column":38},"end":{"line":49,"column":40}}],"line":49},"3":{"loc":{"start":{"line":53,"column":4},"end":{"line":55,"column":5}},"type":"if","locations":[{"start":{"line":53,"column":4},"end":{"line":55,"column":5}},{"start":{},"end":{}}],"line":53},"4":{"loc":{"start":{"line":53,"column":8},"end":{"line":53,"column":44}},"type":"binary-expr","locations":[{"start":{"line":53,"column":8},"end":{"line":53,"column":14}},{"start":{"line":53,"column":18},"end":{"line":53,"column":44}}],"line":53},"5":{"loc":{"start":{"line":82,"column":4},"end":{"line":85,"column":5}},"type":"if","locations":[{"start":{"line":82,"column":4},"end":{"line":85,"column":5}},{"start":{},"end":{}}],"line":82},"6":{"loc":{"start":{"line":87,"column":4},"end":{"line":89,"column":5}},"type":"if","locations":[{"start":{"line":87,"column":4},"end":{"line":89,"column":5}},{"start":{},"end":{}}],"line":87},"7":{"loc":{"start":{"line":111,"column":4},"end":{"line":113,"column":5}},"type":"if","locations":[{"start":{"line":111,"column":4},"end":{"line":113,"column":5}},{"start":{},"end":{}}],"line":111},"8":{"loc":{"start":{"line":111,"column":8},"end":{"line":111,"column":45}},"type":"binary-expr","locations":[{"start":{"line":111,"column":8},"end":{"line":111,"column":22}},{"start":{"line":111,"column":26},"end":{"line":111,"column":45}}],"line":111},"9":{"loc":{"start":{"line":115,"column":4},"end":{"line":117,"column":5}},"type":"if","locations":[{"start":{"line":115,"column":4},"end":{"line":117,"column":5}},{"start":{},"end":{}}],"line":115},"10":{"loc":{"start":{"line":129,"column":42},"end":{"line":129,"column":61}},"type":"default-arg","locations":[{"start":{"line":129,"column":57},"end":{"line":129,"column":61}}],"line":129},"11":{"loc":{"start":{"line":130,"column":4},"end":{"line":132,"column":5}},"type":"if","locations":[{"start":{"line":130,"column":4},"end":{"line":132,"column":5}},{"start":{},"end":{}}],"line":130},"12":{"loc":{"start":{"line":130,"column":8},"end":{"line":130,"column":65}},"type":"binary-expr","locations":[{"start":{"line":130,"column":8},"end":{"line":130,"column":25}},{"start":{"line":130,"column":29},"end":{"line":130,"column":65}}],"line":130},"13":{"loc":{"start":{"line":134,"column":11},"end":{"line":134,"column":85}},"type":"cond-expr","locations":[{"start":{"line":134,"column":49},"end":{"line":134,"column":70}},{"start":{"line":134,"column":73},"end":{"line":134,"column":85}}],"line":134}},"s":{"0":0,"1":0,"2":0,"3":0,"4":0,"5":0,"6":0,"7":0,"8":0,"9":0,"10":0,"11":0,"12":0,"13":0,"14":0,"15":0,"16":0,"17":0,"18":0,"19":0,"20":0,"21":0,"22":0,"23":0,"24":0,"25":0,"26":0,"27":0,"28":0,"29":0,"30":0,"31":0,"32":0,"33":0},"f":{"0":0,"1":0,"2":0,"3":0,"4":0,"5":0,"6":0,"7":0,"8":0,"9":0,"10":0,"11":0,"12":0},"b":{"0":[0,0],"1":[0,0],"2":[0],"3":[0,0],"4":[0,0],"5":[0,0],"6":[0,0],"7":[0,0],"8":[0,0],"9":[0,0],"10":[0],"11":[0,0],"12":[0,0],"13":[0,0]}}
}
