TN:
SF:static\js\app.js
FN:42,(anonymous_0)
FN:51,(anonymous_1)
FN:78,(anonymous_2)
FN:93,(anonymous_3)
FN:95,(anonymous_4)
FN:103,(anonymous_5)
FN:120,(anonymous_6)
FN:151,(anonymous_7)
FN:160,(anonymous_8)
FN:178,(anonymous_9)
FN:187,(anonymous_10)
FN:194,(anonymous_11)
FN:200,(anonymous_12)
FN:240,(anonymous_13)
FN:247,(anonymous_14)
FN:251,(anonymous_15)
FN:259,(anonymous_16)
FN:275,(anonymous_17)
FN:293,(anonymous_18)
FN:298,(anonymous_19)
FN:303,(anonymous_20)
FN:329,(anonymous_21)
FN:338,(anonymous_22)
FN:340,(anonymous_23)
FN:349,(anonymous_24)
FN:352,(anonymous_25)
FN:360,(anonymous_26)
FN:370,(anonymous_27)
FN:416,(anonymous_28)
FN:431,(anonymous_29)
FN:444,(anonymous_30)
FN:457,(anonymous_31)
FN:466,(anonymous_32)
FN:477,(anonymous_33)
FN:482,(anonymous_34)
FN:484,(anonymous_35)
FN:493,(anonymous_36)
FN:509,(anonymous_37)
FN:516,(anonymous_38)
FN:517,(anonymous_39)
FN:518,(anonymous_40)
FN:519,(anonymous_41)
FN:520,(anonymous_42)
FN:525,(anonymous_43)
FNF:44
FNH:0
FNDA:0,(anonymous_0)
FNDA:0,(anonymous_1)
FNDA:0,(anonymous_2)
FNDA:0,(anonymous_3)
FNDA:0,(anonymous_4)
FNDA:0,(anonymous_5)
FNDA:0,(anonymous_6)
FNDA:0,(anonymous_7)
FNDA:0,(anonymous_8)
FNDA:0,(anonymous_9)
FNDA:0,(anonymous_10)
FNDA:0,(anonymous_11)
FNDA:0,(anonymous_12)
FNDA:0,(anonymous_13)
FNDA:0,(anonymous_14)
FNDA:0,(anonymous_15)
FNDA:0,(anonymous_16)
FNDA:0,(anonymous_17)
FNDA:0,(anonymous_18)
FNDA:0,(anonymous_19)
FNDA:0,(anonymous_20)
FNDA:0,(anonymous_21)
FNDA:0,(anonymous_22)
FNDA:0,(anonymous_23)
FNDA:0,(anonymous_24)
FNDA:0,(anonymous_25)
FNDA:0,(anonymous_26)
FNDA:0,(anonymous_27)
FNDA:0,(anonymous_28)
FNDA:0,(anonymous_29)
FNDA:0,(anonymous_30)
FNDA:0,(anonymous_31)
FNDA:0,(anonymous_32)
FNDA:0,(anonymous_33)
FNDA:0,(anonymous_34)
FNDA:0,(anonymous_35)
FNDA:0,(anonymous_36)
FNDA:0,(anonymous_37)
FNDA:0,(anonymous_38)
FNDA:0,(anonymous_39)
FNDA:0,(anonymous_40)
FNDA:0,(anonymous_41)
FNDA:0,(anonymous_42)
FNDA:0,(anonymous_43)
DA:43,0
DA:44,0
DA:45,0
DA:52,0
DA:54,0
DA:57,0
DA:60,0
DA:63,0
DA:64,0
DA:67,0
DA:68,0
DA:70,0
DA:71,0
DA:79,0
DA:80,0
DA:81,0
DA:82,0
DA:83,0
DA:85,0
DA:86,0
DA:94,0
DA:95,0
DA:96,0
DA:104,0
DA:105,0
DA:106,0
DA:108,0
DA:109,0
DA:112,0
DA:113,0
DA:121,0
DA:122,0
DA:125,0
DA:126,0
DA:129,0
DA:130,0
DA:131,0
DA:136,0
DA:137,0
DA:139,0
DA:143,0
DA:144,0
DA:147,0
DA:150,0
DA:151,0
DA:152,0
DA:161,0
DA:162,0
DA:168,0
DA:170,0
DA:171,0
DA:179,0
DA:180,0
DA:182,0
DA:184,0
DA:185,0
DA:187,0
DA:188,0
DA:189,0
DA:190,0
DA:191,0
DA:194,0
DA:201,0
DA:202,0
DA:203,0
DA:205,0
DA:207,0
DA:210,0
DA:211,0
DA:213,0
DA:214,0
DA:217,0
DA:223,0
DA:226,0
DA:227,0
DA:228,0
DA:231,0
DA:232,0
DA:233,0
DA:241,0
DA:242,0
DA:244,0
DA:245,0
DA:247,0
DA:248,0
DA:249,0
DA:250,0
DA:251,0
DA:252,0
DA:260,0
DA:261,0
DA:263,0
DA:264,0
DA:265,0
DA:266,0
DA:268,0
DA:269,0
DA:276,0
DA:277,0
DA:280,0
DA:283,0
DA:286,0
DA:287,0
DA:290,0
DA:291,0
DA:292,0
DA:293,0
DA:295,0
DA:296,0
DA:297,0
DA:298,0
DA:300,0
DA:301,0
DA:302,0
DA:303,0
DA:305,0
DA:306,0
DA:307,0
DA:309,0
DA:312,0
DA:313,0
DA:314,0
DA:316,0
DA:317,0
DA:318,0
DA:320,0
DA:321,0
DA:322,0
DA:324,0
DA:325,0
DA:326,0
DA:329,0
DA:330,0
DA:334,0
DA:335,0
DA:338,0
DA:340,0
DA:341,0
DA:351,0
DA:352,0
DA:354,0
DA:355,0
DA:356,0
DA:359,0
DA:360,0
DA:362,0
DA:363,0
DA:364,0
DA:371,0
DA:372,0
DA:373,0
DA:374,0
DA:376,0
DA:378,0
DA:379,0
DA:386,0
DA:389,0
DA:390,0
DA:391,0
DA:395,0
DA:396,0
DA:397,0
DA:398,0
DA:406,0
DA:407,0
DA:409,0
DA:417,0
DA:418,0
DA:420,0
DA:424,0
DA:425,0
DA:432,0
DA:434,0
DA:435,0
DA:436,0
DA:438,0
DA:445,0
DA:447,0
DA:448,0
DA:449,0
DA:451,0
DA:458,0
DA:459,0
DA:460,0
DA:467,0
DA:468,0
DA:469,0
DA:470,0
DA:471,0
DA:478,0
DA:479,0
DA:482,0
DA:483,0
DA:484,0
DA:485,0
DA:494,0
DA:495,0
DA:496,0
DA:497,0
DA:499,0
DA:501,0
DA:502,0
DA:503,0
DA:510,0
DA:511,0
DA:512,0
DA:513,0
DA:514,0
DA:516,0
DA:517,0
DA:518,0
DA:519,0
DA:520,0
DA:525,0
DA:526,0
DA:527,0
LF:216
LH:0
BRDA:63,0,0,0
BRDA:63,0,1,0
BRDA:103,1,0,0
BRDA:108,2,0,0
BRDA:108,2,1,0
BRDA:108,3,0,0
BRDA:108,3,1,0
BRDA:129,4,0,0
BRDA:129,4,1,0
BRDA:136,5,0,0
BRDA:136,5,1,0
BRDA:150,6,0,0
BRDA:150,6,1,0
BRDA:150,7,0,0
BRDA:150,7,1,0
BRDA:168,8,0,0
BRDA:168,8,1,0
BRDA:170,9,0,0
BRDA:170,9,1,0
BRDA:170,10,0,0
BRDA:170,10,1,0
BRDA:182,11,0,0
BRDA:182,11,1,0
BRDA:182,12,0,0
BRDA:182,12,1,0
BRDA:205,13,0,0
BRDA:205,13,1,0
BRDA:211,14,0,0
BRDA:211,14,1,0
BRDA:214,15,0,0
BRDA:214,15,1,0
BRDA:223,16,0,0
BRDA:223,16,1,0
BRDA:232,17,0,0
BRDA:232,17,1,0
BRDA:232,18,0,0
BRDA:232,18,1,0
BRDA:242,19,0,0
BRDA:242,19,1,0
BRDA:261,20,0,0
BRDA:261,20,1,0
BRDA:277,21,0,0
BRDA:277,21,1,0
BRDA:354,22,0,0
BRDA:354,22,1,0
BRDA:355,23,0,0
BRDA:355,23,1,0
BRDA:356,24,0,0
BRDA:356,24,1,0
BRDA:362,25,0,0
BRDA:362,25,1,0
BRDA:363,26,0,0
BRDA:363,26,1,0
BRDA:364,27,0,0
BRDA:364,27,1,0
BRDA:389,28,0,0
BRDA:389,28,1,0
BRDA:395,29,0,0
BRDA:395,29,1,0
BRDA:395,30,0,0
BRDA:395,30,1,0
BRDA:397,31,0,0
BRDA:397,31,1,0
BRDA:420,32,0,0
BRDA:420,32,1,0
BRDA:424,33,0,0
BRDA:424,33,1,0
BRDA:432,34,0,0
BRDA:432,34,1,0
BRDA:445,35,0,0
BRDA:445,35,1,0
BRDA:479,36,0,0
BRDA:479,36,1,0
BRDA:499,37,0,0
BRDA:499,37,1,0
BRDA:499,38,0,0
BRDA:499,38,1,0
BRDA:516,39,0,0
BRDA:516,39,1,0
BRDA:517,40,0,0
BRDA:517,40,1,0
BRDA:518,41,0,0
BRDA:518,41,1,0
BRDA:519,42,0,0
BRDA:519,42,1,0
BRDA:520,43,0,0
BRDA:520,43,1,0
BRF:87
BRH:0
end_of_record
TN:
SF:static\js\config.js
FN:10,(anonymous_0)
FNF:1
FNH:0
FNDA:0,(anonymous_0)
DA:6,1
DA:10,0
LF:2
LH:1
BRF:0
BRH:0
end_of_record
TN:
SF:static\js\components\achievement-badge.js
FN:15,(anonymous_0)
FN:39,(anonymous_1)
FN:73,(anonymous_2)
FN:88,(anonymous_3)
FN:112,(anonymous_4)
FN:117,(anonymous_5)
FN:122,(anonymous_6)
FN:124,(anonymous_7)
FN:135,(anonymous_8)
FN:144,(anonymous_9)
FN:150,(anonymous_10)
FN:158,(anonymous_11)
FN:170,(anonymous_12)
FNF:13
FNH:0
FNDA:0,(anonymous_0)
FNDA:0,(anonymous_1)
FNDA:0,(anonymous_2)
FNDA:0,(anonymous_3)
FNDA:0,(anonymous_4)
FNDA:0,(anonymous_5)
FNDA:0,(anonymous_6)
FNDA:0,(anonymous_7)
FNDA:0,(anonymous_8)
FNDA:0,(anonymous_9)
FNDA:0,(anonymous_10)
FNDA:0,(anonymous_11)
FNDA:0,(anonymous_12)
DA:16,0
DA:17,0
DA:18,0
DA:19,0
DA:22,0
DA:29,0
DA:40,0
DA:41,0
DA:44,0
DA:45,0
DA:47,0
DA:48,0
DA:49,0
DA:51,0
DA:52,0
DA:55,0
DA:56,0
DA:57,0
DA:58,0
DA:61,0
DA:62,0
DA:63,0
DA:65,0
DA:74,0
DA:75,0
DA:76,0
DA:77,0
DA:78,0
DA:80,0
DA:89,0
DA:90,0
DA:92,0
DA:104,0
DA:113,0
DA:114,0
DA:117,0
DA:118,0
DA:122,0
DA:123,0
DA:124,0
DA:125,0
DA:136,0
DA:145,0
DA:146,0
DA:149,0
DA:150,0
DA:151,0
DA:152,0
DA:154,0
DA:158,0
DA:159,0
DA:160,0
DA:162,0
DA:163,0
DA:164,0
DA:165,0
DA:167,0
DA:168,0
DA:170,0
DA:171,0
DA:176,0
DA:179,0
DA:180,0
DA:183,0
LF:64
LH:0
BRDA:15,0,0,0
BRDA:17,1,0,0
BRDA:17,1,1,0
BRDA:26,2,0,0
BRDA:26,2,1,0
BRDA:39,3,0,0
BRDA:49,4,0,0
BRDA:49,4,1,0
BRDA:56,5,0,0
BRDA:56,5,1,0
BRDA:56,6,0,0
BRDA:56,6,1,0
BRDA:112,7,0,0
BRDA:151,8,0,0
BRDA:151,8,1,0
BRF:15
BRH:0
end_of_record
TN:
SF:static\js\components\achievement-notification.js
FN:9,(anonymous_0)
FN:19,(anonymous_1)
FN:33,(anonymous_2)
FN:34,(anonymous_3)
FN:46,(anonymous_4)
FN:55,(anonymous_5)
FN:67,(anonymous_6)
FN:72,(anonymous_7)
FN:74,(anonymous_8)
FN:86,(anonymous_9)
FNF:10
FNH:0
FNDA:0,(anonymous_0)
FNDA:0,(anonymous_1)
FNDA:0,(anonymous_2)
FNDA:0,(anonymous_3)
FNDA:0,(anonymous_4)
FNDA:0,(anonymous_5)
FNDA:0,(anonymous_6)
FNDA:0,(anonymous_7)
FNDA:0,(anonymous_8)
FNDA:0,(anonymous_9)
DA:10,0
DA:11,0
DA:12,0
DA:20,0
DA:21,0
DA:22,0
DA:23,0
DA:24,0
DA:34,0
DA:35,0
DA:36,0
DA:47,0
DA:48,0
DA:56,0
DA:57,0
DA:60,0
DA:61,0
DA:63,0
DA:64,0
DA:67,0
DA:68,0
DA:72,0
DA:73,0
DA:74,0
DA:75,0
DA:76,0
DA:77,0
DA:78,0
DA:87,0
DA:88,0
DA:89,0
LF:31
LH:0
BRDA:33,0,0,0
BRDA:46,1,0,0
BRDA:56,2,0,0
BRDA:56,2,1,0
BRDA:56,3,0,0
BRDA:56,3,1,0
BRF:6
BRH:0
end_of_record
TN:
SF:static\js\components\achievement-progress.js
FN:13,(anonymous_0)
FN:28,(anonymous_1)
FN:65,(anonymous_2)
FN:75,(anonymous_3)
FN:86,(anonymous_4)
FN:92,(anonymous_5)
FN:105,(anonymous_6)
FN:109,(anonymous_7)
FN:132,(anonymous_8)
FN:164,(anonymous_9)
FN:167,(anonymous_10)
FN:176,(anonymous_11)
FN:189,(anonymous_12)
FNF:13
FNH:0
FNDA:0,(anonymous_0)
FNDA:0,(anonymous_1)
FNDA:0,(anonymous_2)
FNDA:0,(anonymous_3)
FNDA:0,(anonymous_4)
FNDA:0,(anonymous_5)
FNDA:0,(anonymous_6)
FNDA:0,(anonymous_7)
FNDA:0,(anonymous_8)
FNDA:0,(anonymous_9)
FNDA:0,(anonymous_10)
FNDA:0,(anonymous_11)
FNDA:0,(anonymous_12)
DA:14,0
DA:15,0
DA:17,0
DA:18,0
DA:19,0
DA:20,0
DA:22,0
DA:23,0
DA:24,0
DA:25,0
DA:28,0
DA:29,0
DA:30,0
DA:32,0
DA:33,0
DA:34,0
DA:38,0
DA:40,0
DA:41,0
DA:43,0
DA:44,0
DA:45,0
DA:46,0
DA:48,0
DA:49,0
DA:50,0
DA:51,0
DA:53,0
DA:54,0
DA:57,0
DA:66,0
DA:67,0
DA:69,0
DA:70,0
DA:71,0
DA:72,0
DA:75,0
DA:77,0
DA:78,0
DA:79,0
DA:80,0
DA:81,0
DA:82,0
DA:86,0
DA:87,0
DA:88,0
DA:89,0
DA:92,0
DA:93,0
DA:94,0
DA:97,0
DA:106,0
DA:107,0
DA:109,0
DA:110,0
DA:111,0
DA:113,0
DA:124,0
DA:133,0
DA:134,0
DA:136,0
DA:137,0
DA:139,0
DA:156,0
DA:165,0
DA:167,0
DA:177,0
DA:178,0
DA:180,0
DA:189,0
DA:190,0
DA:191,0
DA:192,0
DA:196,0
DA:199,0
LF:75
LH:0
BRDA:75,0,0,0
BRDA:75,0,1,0
BRDA:77,1,0,0
BRDA:77,1,1,0
BRDA:87,2,0,0
BRDA:87,2,1,0
BRDA:88,3,0,0
BRDA:88,3,1,0
BRDA:136,4,0,0
BRDA:136,4,1,0
BRDA:137,5,0,0
BRDA:137,5,1,0
BRDA:181,6,0,0
BRDA:181,6,1,0
BRDA:182,7,0,0
BRDA:182,7,1,0
BRDA:183,8,0,0
BRDA:183,8,1,0
BRDA:184,9,0,0
BRDA:184,9,1,0
BRDA:185,10,0,0
BRDA:185,10,1,0
BRDA:186,11,0,0
BRDA:186,11,1,0
BRF:24
BRH:0
end_of_record
TN:
SF:static\js\components\achievements-panel.js
FN:10,(anonymous_0)
FN:21,(anonymous_1)
FN:50,(anonymous_2)
FN:66,(anonymous_3)
FN:79,(anonymous_4)
FN:86,(anonymous_5)
FN:104,(anonymous_6)
FN:111,(anonymous_7)
FN:128,(anonymous_8)
FN:132,(anonymous_9)
FN:137,(anonymous_10)
FN:138,(anonymous_11)
FN:163,(anonymous_12)
FN:175,(anonymous_13)
FN:192,(anonymous_14)
FN:198,(anonymous_15)
FN:202,(anonymous_16)
FN:211,(anonymous_17)
FN:223,(anonymous_18)
FNF:19
FNH:0
FNDA:0,(anonymous_0)
FNDA:0,(anonymous_1)
FNDA:0,(anonymous_2)
FNDA:0,(anonymous_3)
FNDA:0,(anonymous_4)
FNDA:0,(anonymous_5)
FNDA:0,(anonymous_6)
FNDA:0,(anonymous_7)
FNDA:0,(anonymous_8)
FNDA:0,(anonymous_9)
FNDA:0,(anonymous_10)
FNDA:0,(anonymous_11)
FNDA:0,(anonymous_12)
FNDA:0,(anonymous_13)
FNDA:0,(anonymous_14)
FNDA:0,(anonymous_15)
FNDA:0,(anonymous_16)
FNDA:0,(anonymous_17)
FNDA:0,(anonymous_18)
DA:11,0
DA:12,0
DA:13,0
DA:22,0
DA:24,0
DA:25,0
DA:28,0
DA:29,0
DA:32,0
DA:33,0
DA:36,0
DA:37,0
DA:40,0
DA:41,0
DA:43,0
DA:51,0
DA:52,0
DA:54,0
DA:59,0
DA:67,0
DA:68,0
DA:71,0
DA:72,0
DA:73,0
DA:75,0
DA:76,0
DA:77,0
DA:79,0
DA:80,0
DA:81,0
DA:82,0
DA:83,0
DA:86,0
DA:87,0
DA:88,0
DA:89,0
DA:92,0
DA:93,0
DA:96,0
DA:97,0
DA:98,0
DA:100,0
DA:101,0
DA:102,0
DA:104,0
DA:105,0
DA:106,0
DA:107,0
DA:108,0
DA:111,0
DA:112,0
DA:113,0
DA:114,0
DA:117,0
DA:118,0
DA:120,0
DA:129,0
DA:130,0
DA:132,0
DA:133,0
DA:134,0
DA:136,0
DA:137,0
DA:138,0
DA:140,0
DA:155,0
DA:164,0
DA:165,0
DA:166,0
DA:168,0
DA:170,0
DA:171,0
DA:172,0
DA:175,0
DA:176,0
DA:181,0
DA:184,0
DA:193,0
DA:194,0
DA:197,0
DA:198,0
DA:201,0
DA:202,0
DA:205,0
DA:212,0
DA:213,0
DA:215,0
DA:216,0
DA:218,0
DA:219,0
DA:220,0
DA:223,0
DA:224,0
DA:229,0
LF:94
LH:0
BRDA:87,0,0,0
BRDA:87,0,1,0
BRDA:88,1,0,0
BRDA:88,1,1,0
BRDA:112,2,0,0
BRDA:112,2,1,0
BRDA:113,3,0,0
BRDA:113,3,1,0
BRDA:138,4,0,0
BRDA:138,4,1,0
BRDA:170,5,0,0
BRDA:170,5,1,0
BRDA:193,6,0,0
BRDA:193,6,1,0
BRDA:197,7,0,0
BRDA:197,7,1,0
BRDA:201,8,0,0
BRDA:201,8,1,0
BRDA:213,9,0,0
BRDA:213,9,1,0
BRDA:218,10,0,0
BRDA:218,10,1,0
BRF:22
BRH:0
end_of_record
TN:
SF:static\js\components\assertion-display.js
FN:12,(anonymous_0)
FN:51,(anonymous_1)
FN:83,(anonymous_2)
FN:90,(anonymous_3)
FN:104,(anonymous_4)
FN:153,(anonymous_5)
FN:164,(anonymous_6)
FNF:7
FNH:0
FNDA:0,(anonymous_0)
FNDA:0,(anonymous_1)
FNDA:0,(anonymous_2)
FNDA:0,(anonymous_3)
FNDA:0,(anonymous_4)
FNDA:0,(anonymous_5)
FNDA:0,(anonymous_6)
DA:13,0
DA:14,0
DA:18,0
DA:30,0
DA:31,0
DA:32,0
DA:33,0
DA:41,0
DA:52,0
DA:54,0
DA:55,0
DA:56,0
DA:58,0
DA:59,0
DA:60,0
DA:61,0
DA:62,0
DA:63,0
DA:65,0
DA:66,0
DA:67,0
DA:68,0
DA:69,0
DA:71,0
DA:74,0
DA:75,0
DA:84,0
DA:85,0
DA:86,0
DA:87,0
DA:88,0
DA:89,0
DA:90,0
DA:92,0
DA:93,0
DA:95,0
DA:105,0
DA:106,0
DA:117,0
DA:118,0
DA:119,0
DA:131,0
DA:132,0
DA:133,0
DA:145,0
DA:154,0
DA:155,0
DA:156,0
DA:165,0
DA:166,0
DA:168,0
DA:178,0
LF:52
LH:0
BRDA:13,0,0,0
BRDA:13,0,1,0
BRDA:32,1,0,0
BRDA:32,1,1,0
BRDA:58,2,0,0
BRDA:58,2,1,0
BRDA:65,3,0,0
BRDA:65,3,1,0
BRDA:84,4,0,0
BRDA:84,4,1,0
BRDA:85,5,0,0
BRDA:85,5,1,0
BRDA:86,6,0,0
BRDA:86,6,1,0
BRDA:87,7,0,0
BRDA:87,7,1,0
BRDA:88,8,0,0
BRDA:88,8,1,0
BRDA:89,9,0,0
BRDA:89,9,1,0
BRDA:92,10,0,0
BRDA:92,10,1,0
BRDA:105,11,0,0
BRDA:105,11,1,0
BRDA:117,12,0,0
BRDA:117,12,1,0
BRDA:117,13,0,0
BRDA:117,13,1,0
BRDA:118,14,0,0
BRDA:118,14,1,0
BRDA:131,15,0,0
BRDA:131,15,1,0
BRDA:131,16,0,0
BRDA:131,16,1,0
BRDA:132,17,0,0
BRDA:132,17,1,0
BRDA:170,18,0,0
BRDA:170,18,1,0
BRDA:174,19,0,0
BRDA:174,19,1,0
BRDA:174,20,0,0
BRDA:174,20,1,0
BRF:42
BRH:0
end_of_record
TN:
SF:static\js\components\code-metrics.js
FN:12,(anonymous_0)
FN:93,(anonymous_1)
FN:116,(anonymous_2)
FNF:3
FNH:0
FNDA:0,(anonymous_0)
FNDA:0,(anonymous_1)
FNDA:0,(anonymous_2)
DA:13,0
DA:15,0
DA:16,0
DA:17,0
DA:20,0
DA:21,0
DA:22,0
DA:26,0
DA:29,0
DA:30,0
DA:33,0
DA:34,0
DA:35,0
DA:40,0
DA:43,0
DA:44,0
DA:45,0
DA:52,0
DA:55,0
DA:56,0
DA:57,0
DA:61,0
DA:64,0
DA:65,0
DA:66,0
DA:70,0
DA:73,0
DA:74,0
DA:75,0
DA:80,0
DA:82,0
DA:85,0
DA:86,0
DA:87,0
DA:88,0
DA:90,0
DA:91,0
DA:93,0
DA:94,0
DA:95,0
DA:96,0
DA:101,0
DA:104,0
DA:105,0
DA:108,0
DA:117,0
DA:118,0
DA:126,0
DA:127,0
DA:128,0
DA:130,0
LF:51
LH:0
BRDA:13,0,0,0
BRDA:13,0,1,0
BRDA:13,1,0,0
BRDA:13,1,1,0
BRDA:37,2,0,0
BRDA:37,2,1,0
BRDA:38,3,0,0
BRDA:38,3,1,0
BRDA:47,4,0,0
BRDA:47,4,1,0
BRDA:49,5,0,0
BRDA:49,5,1,0
BRDA:59,6,0,0
BRDA:59,6,1,0
BRDA:68,7,0,0
BRDA:68,7,1,0
BRDA:77,8,0,0
BRDA:77,8,1,0
BRDA:78,9,0,0
BRDA:78,9,1,0
BRDA:85,10,0,0
BRDA:85,10,1,0
BRDA:85,11,0,0
BRDA:85,11,1,0
BRDA:117,12,0,0
BRDA:117,12,1,0
BRDA:127,13,0,0
BRDA:127,13,1,0
BRDA:128,14,0,0
BRDA:128,14,1,0
BRF:30
BRH:0
end_of_record
TN:
SF:static\js\components\dashboard.js
FN:15,(anonymous_0)
FN:24,(anonymous_1)
FN:33,(anonymous_2)
FN:47,(anonymous_3)
FN:75,(anonymous_4)
FN:85,(anonymous_5)
FN:95,(anonymous_6)
FN:108,(anonymous_7)
FNF:8
FNH:0
FNDA:0,(anonymous_0)
FNDA:0,(anonymous_1)
FNDA:0,(anonymous_2)
FNDA:0,(anonymous_3)
FNDA:0,(anonymous_4)
FNDA:0,(anonymous_5)
FNDA:0,(anonymous_6)
FNDA:0,(anonymous_7)
DA:16,0
DA:17,0
DA:18,0
DA:19,0
DA:22,0
DA:24,0
DA:25,0
DA:26,0
DA:30,0
DA:32,0
DA:33,0
DA:34,0
DA:48,0
DA:49,0
DA:51,0
DA:55,0
DA:68,0
DA:76,0
DA:77,0
DA:79,0
DA:86,0
DA:87,0
DA:89,0
DA:96,0
DA:97,0
DA:99,0
DA:109,0
DA:110,0
DA:111,0
LF:29
LH:0
BRDA:17,0,0,0
BRDA:17,0,1,0
BRDA:51,1,0,0
BRDA:51,1,1,0
BRDA:77,2,0,0
BRDA:77,2,1,0
BRDA:87,3,0,0
BRDA:87,3,1,0
BRDA:97,4,0,0
BRDA:97,4,1,0
BRF:10
BRH:0
end_of_record
TN:
SF:static\js\components\feedback.js
FN:13,(anonymous_0)
FN:30,(anonymous_1)
FN:70,(anonymous_2)
FN:96,(anonymous_3)
FN:104,(anonymous_4)
FN:112,(anonymous_5)
FN:124,(anonymous_6)
FNF:7
FNH:0
FNDA:0,(anonymous_0)
FNDA:0,(anonymous_1)
FNDA:0,(anonymous_2)
FNDA:0,(anonymous_3)
FNDA:0,(anonymous_4)
FNDA:0,(anonymous_5)
FNDA:0,(anonymous_6)
DA:14,0
DA:15,0
DA:17,0
DA:19,0
DA:20,0
DA:21,0
DA:31,0
DA:34,0
DA:35,0
DA:37,0
DA:41,0
DA:42,0
DA:43,0
DA:47,0
DA:48,0
DA:52,0
DA:53,0
DA:57,0
DA:58,0
DA:61,0
DA:71,0
DA:73,0
DA:74,0
DA:77,0
DA:78,0
DA:81,0
DA:82,0
DA:85,0
DA:86,0
DA:89,0
DA:90,0
DA:97,0
DA:98,0
DA:105,0
DA:106,0
DA:113,0
DA:114,0
DA:115,0
DA:125,0
DA:126,0
DA:127,0
LF:41
LH:0
BRDA:17,0,0,0
BRDA:17,0,1,0
BRDA:17,1,0,0
BRDA:17,1,1,0
BRDA:34,2,0,0
BRDA:34,2,1,0
BRDA:41,3,0,0
BRDA:41,3,1,0
BRDA:41,4,0,0
BRDA:41,4,1,0
BRDA:47,5,0,0
BRDA:47,5,1,0
BRDA:52,6,0,0
BRDA:52,6,1,0
BRDA:57,7,0,0
BRDA:57,7,1,0
BRDA:73,8,0,0
BRDA:73,8,1,0
BRDA:77,9,0,0
BRDA:77,9,1,0
BRDA:81,10,0,0
BRDA:81,10,1,0
BRDA:85,11,0,0
BRDA:85,11,1,0
BRDA:98,12,0,0
BRDA:98,12,1,0
BRDA:106,13,0,0
BRDA:106,13,1,0
BRDA:114,14,0,0
BRDA:114,14,1,0
BRF:30
BRH:0
end_of_record
TN:
SF:static\js\components\mentor-solution.js
FN:13,(anonymous_0)
FN:67,(anonymous_1)
FN:98,(anonymous_2)
FN:121,(anonymous_3)
FN:159,(anonymous_4)
FN:162,(anonymous_5)
FN:171,(anonymous_6)
FN:179,(anonymous_7)
FNF:8
FNH:0
FNDA:0,(anonymous_0)
FNDA:0,(anonymous_1)
FNDA:0,(anonymous_2)
FNDA:0,(anonymous_3)
FNDA:0,(anonymous_4)
FNDA:0,(anonymous_5)
FNDA:0,(anonymous_6)
FNDA:0,(anonymous_7)
DA:14,0
DA:16,0
DA:17,0
DA:18,0
DA:21,0
DA:22,0
DA:23,0
DA:27,0
DA:30,0
DA:31,0
DA:34,0
DA:35,0
DA:36,0
DA:42,0
DA:45,0
DA:46,0
DA:47,0
DA:53,0
DA:55,0
DA:58,0
DA:59,0
DA:60,0
DA:61,0
DA:62,0
DA:64,0
DA:65,0
DA:67,0
DA:68,0
DA:69,0
DA:70,0
DA:71,0
DA:74,0
DA:75,0
DA:79,0
DA:80,0
DA:81,0
DA:82,0
DA:86,0
DA:90,0
DA:91,0
DA:92,0
DA:93,0
DA:95,0
DA:96,0
DA:98,0
DA:99,0
DA:100,0
DA:101,0
DA:105,0
DA:108,0
DA:109,0
DA:112,0
DA:122,0
DA:124,0
DA:125,0
DA:128,0
DA:129,0
DA:132,0
DA:133,0
DA:139,0
DA:140,0
DA:143,0
DA:144,0
DA:147,0
DA:148,0
DA:151,0
DA:160,0
DA:162,0
DA:172,0
DA:179,0
LF:70
LH:0
BRDA:14,0,0,0
BRDA:14,0,1,0
BRDA:14,1,0,0
BRDA:14,1,1,0
BRDA:39,2,0,0
BRDA:39,2,1,0
BRDA:50,3,0,0
BRDA:50,3,1,0
BRDA:59,4,0,0
BRDA:59,4,1,0
BRDA:79,5,0,0
BRDA:79,5,1,0
BRDA:90,6,0,0
BRDA:90,6,1,0
BRDA:124,7,0,0
BRDA:124,7,1,0
BRDA:124,8,0,0
BRDA:124,8,1,0
BRDA:132,9,0,0
BRDA:132,9,1,0
BRDA:139,10,0,0
BRDA:139,10,1,0
BRDA:139,11,0,0
BRDA:139,11,1,0
BRDA:143,12,0,0
BRDA:143,12,1,0
BRDA:147,13,0,0
BRDA:147,13,1,0
BRDA:147,14,0,0
BRDA:147,14,1,0
BRF:30
BRH:0
end_of_record
TN:
SF:static\js\components\mock-editor.js
FN:13,(anonymous_0)
FN:73,(anonymous_1)
FN:77,(anonymous_2)
FN:98,(anonymous_3)
FN:129,(anonymous_4)
FNF:5
FNH:0
FNDA:0,(anonymous_0)
FNDA:0,(anonymous_1)
FNDA:0,(anonymous_2)
FNDA:0,(anonymous_3)
FNDA:0,(anonymous_4)
DA:14,0
DA:16,0
DA:18,0
DA:19,0
DA:22,0
DA:23,0
DA:26,0
DA:27,0
DA:30,0
DA:31,0
DA:34,0
DA:35,0
DA:38,0
DA:39,0
DA:41,0
DA:42,0
DA:43,0
DA:44,0
DA:46,0
DA:47,0
DA:48,0
DA:49,0
DA:53,0
DA:55,0
DA:56,0
DA:57,0
DA:60,0
DA:61,0
DA:63,0
DA:64,0
DA:65,0
DA:66,0
DA:68,0
DA:69,0
DA:70,0
DA:71,0
DA:73,0
DA:74,0
DA:77,0
DA:78,0
DA:81,0
DA:82,0
DA:83,0
DA:85,0
DA:86,0
DA:99,0
DA:100,0
DA:102,0
DA:103,0
DA:104,0
DA:105,0
DA:106,0
DA:107,0
DA:110,0
DA:111,0
DA:112,0
DA:113,0
DA:114,0
DA:115,0
DA:117,0
DA:118,0
DA:120,0
DA:130,0
DA:131,0
DA:132,0
DA:133,0
DA:136,0
DA:137,0
DA:138,0
DA:143,0
DA:144,0
DA:145,0
DA:146,0
DA:149,0
DA:150,0
DA:154,0
DA:162,0
DA:163,0
DA:164,0
DA:165,0
DA:166,0
DA:167,0
DA:170,0
LF:83
LH:0
BRDA:14,0,0,0
BRDA:14,0,1,0
BRDA:106,1,0,0
BRDA:106,1,1,0
BRDA:136,2,0,0
BRDA:136,2,1,0
BRDA:136,3,0,0
BRDA:136,3,1,0
BRDA:136,3,2,0
BRDA:145,4,0,0
BRDA:145,4,1,0
BRDA:157,5,0,0
BRDA:157,5,1,0
BRDA:163,6,0,0
BRDA:163,6,1,0
BRDA:166,7,0,0
BRDA:166,7,1,0
BRF:17
BRH:0
end_of_record
TN:
SF:static\js\components\mock-preview.js
FN:12,(anonymous_0)
FN:39,(anonymous_1)
FN:54,(anonymous_2)
FN:93,(anonymous_3)
FN:110,(anonymous_4)
FN:116,(anonymous_5)
FN:137,(anonymous_6)
FN:148,(anonymous_7)
FNF:8
FNH:0
FNDA:0,(anonymous_0)
FNDA:0,(anonymous_1)
FNDA:0,(anonymous_2)
FNDA:0,(anonymous_3)
FNDA:0,(anonymous_4)
FNDA:0,(anonymous_5)
FNDA:0,(anonymous_6)
FNDA:0,(anonymous_7)
DA:13,0
DA:15,0
DA:17,0
DA:18,0
DA:19,0
DA:23,0
DA:24,0
DA:27,0
DA:28,0
DA:29,0
DA:33,0
DA:36,0
DA:37,0
DA:39,0
DA:40,0
DA:41,0
DA:44,0
DA:45,0
DA:55,0
DA:56,0
DA:57,0
DA:59,0
DA:60,0
DA:61,0
DA:66,0
DA:67,0
DA:70,0
DA:71,0
DA:72,0
DA:80,0
DA:81,0
DA:82,0
DA:89,0
DA:90,0
DA:93,0
DA:94,0
DA:95,0
DA:96,0
DA:99,0
DA:100,0
DA:102,0
DA:111,0
DA:112,0
DA:115,0
DA:117,0
DA:118,0
DA:119,0
DA:120,0
DA:121,0
DA:122,0
DA:123,0
DA:124,0
DA:126,0
DA:138,0
DA:139,0
DA:140,0
DA:149,0
LF:57
LH:0
BRDA:13,0,0,0
BRDA:13,0,1,0
BRDA:17,1,0,0
BRDA:17,1,1,0
BRDA:17,2,0,0
BRDA:17,2,1,0
BRDA:17,2,2,0
BRDA:96,3,0,0
BRDA:96,3,1,0
BRDA:111,4,0,0
BRDA:111,4,1,0
BRDA:117,5,0,0
BRDA:117,5,1,0
BRDA:119,6,0,0
BRDA:119,6,1,0
BRDA:121,7,0,0
BRDA:121,7,1,0
BRDA:123,8,0,0
BRDA:123,8,1,0
BRF:19
BRH:0
end_of_record
TN:
SF:static\js\components\mock-selector.js
FN:13,(anonymous_0)
FN:31,(anonymous_1)
FN:46,(anonymous_2)
FN:94,(anonymous_3)
FN:96,(anonymous_4)
FN:106,(anonymous_5)
FNF:6
FNH:0
FNDA:0,(anonymous_0)
FNDA:0,(anonymous_1)
FNDA:0,(anonymous_2)
FNDA:0,(anonymous_3)
FNDA:0,(anonymous_4)
FNDA:0,(anonymous_5)
DA:14,0
DA:16,0
DA:18,0
DA:19,0
DA:21,0
DA:22,0
DA:23,0
DA:27,0
DA:28,0
DA:31,0
DA:32,0
DA:33,0
DA:35,0
DA:36,0
DA:38,0
DA:39,0
DA:40,0
DA:41,0
DA:42,0
DA:43,0
DA:44,0
DA:46,0
DA:47,0
DA:48,0
DA:49,0
DA:50,0
DA:55,0
DA:56,0
DA:57,0
DA:59,0
DA:60,0
DA:62,0
DA:63,0
DA:64,0
DA:66,0
DA:67,0
DA:68,0
DA:70,0
DA:71,0
DA:72,0
DA:74,0
DA:75,0
DA:76,0
DA:78,0
DA:80,0
DA:81,0
DA:83,0
DA:86,0
DA:95,0
DA:96,0
DA:97,0
DA:107,0
DA:108,0
LF:53
LH:0
BRDA:14,0,0,0
BRDA:14,0,1,0
BRDA:21,1,0,0
BRDA:21,1,1,0
BRDA:47,2,0,0
BRDA:47,2,1,0
BRDA:49,3,0,0
BRDA:49,3,1,0
BRDA:68,4,0,0
BRDA:68,4,1,0
BRDA:108,5,0,0
BRDA:108,5,1,0
BRF:12
BRH:0
end_of_record
TN:
SF:static\js\components\navigation.js
FN:14,(anonymous_0)
FN:30,(anonymous_1)
FN:38,(anonymous_2)
FN:46,(anonymous_3)
FN:54,(anonymous_4)
FN:62,(anonymous_5)
FN:70,(anonymous_6)
FN:79,(anonymous_7)
FN:88,(anonymous_8)
FN:97,(anonymous_9)
FN:105,(anonymous_10)
FN:118,(anonymous_11)
FNF:12
FNH:0
FNDA:0,(anonymous_0)
FNDA:0,(anonymous_1)
FNDA:0,(anonymous_2)
FNDA:0,(anonymous_3)
FNDA:0,(anonymous_4)
FNDA:0,(anonymous_5)
FNDA:0,(anonymous_6)
FNDA:0,(anonymous_7)
FNDA:0,(anonymous_8)
FNDA:0,(anonymous_9)
FNDA:0,(anonymous_10)
FNDA:0,(anonymous_11)
DA:15,0
DA:16,0
DA:18,0
DA:19,0
DA:22,0
DA:23,0
DA:31,0
DA:32,0
DA:39,0
DA:40,0
DA:47,0
DA:48,0
DA:55,0
DA:56,0
DA:63,0
DA:64,0
DA:71,0
DA:72,0
DA:80,0
DA:81,0
DA:89,0
DA:90,0
DA:98,0
DA:99,0
DA:106,0
DA:107,0
DA:108,0
DA:110,0
DA:111,0
DA:112,0
DA:119,0
DA:120,0
DA:121,0
DA:123,0
DA:124,0
DA:125,0
LF:36
LH:0
BRDA:18,0,0,0
BRDA:18,0,1,0
BRDA:22,1,0,0
BRDA:22,1,1,0
BRDA:32,2,0,0
BRDA:32,2,1,0
BRDA:40,3,0,0
BRDA:40,3,1,0
BRDA:48,4,0,0
BRDA:48,4,1,0
BRDA:56,5,0,0
BRDA:56,5,1,0
BRDA:64,6,0,0
BRDA:64,6,1,0
BRDA:72,7,0,0
BRDA:72,7,1,0
BRDA:81,8,0,0
BRDA:81,8,1,0
BRDA:90,9,0,0
BRDA:90,9,1,0
BRDA:99,10,0,0
BRDA:99,10,1,0
BRDA:110,11,0,0
BRDA:110,11,1,0
BRDA:111,12,0,0
BRDA:111,12,1,0
BRDA:112,13,0,0
BRDA:112,13,1,0
BRDA:123,14,0,0
BRDA:123,14,1,0
BRDA:124,15,0,0
BRDA:124,15,1,0
BRDA:125,16,0,0
BRDA:125,16,1,0
BRF:34
BRH:0
end_of_record
TN:
SF:static\js\components\phase-indicator.js
FN:7,(anonymous_0)
FN:18,(anonymous_1)
FN:26,(anonymous_2)
FN:28,(anonymous_3)
FN:40,(anonymous_4)
FN:58,(anonymous_5)
FN:65,(anonymous_6)
FN:66,(anonymous_7)
FN:81,(anonymous_8)
FN:94,(anonymous_9)
FN:107,(anonymous_10)
FN:120,(anonymous_11)
FN:128,(anonymous_12)
FN:136,(anonymous_13)
FN:144,(anonymous_14)
FN:152,(anonymous_15)
FN:160,(anonymous_16)
FN:170,(anonymous_17)
FN:179,(anonymous_18)
FN:186,(anonymous_19)
FN:195,(anonymous_20)
FN:208,(anonymous_21)
FNF:22
FNH:0
FNDA:0,(anonymous_0)
FNDA:0,(anonymous_1)
FNDA:0,(anonymous_2)
FNDA:0,(anonymous_3)
FNDA:0,(anonymous_4)
FNDA:0,(anonymous_5)
FNDA:0,(anonymous_6)
FNDA:0,(anonymous_7)
FNDA:0,(anonymous_8)
FNDA:0,(anonymous_9)
FNDA:0,(anonymous_10)
FNDA:0,(anonymous_11)
FNDA:0,(anonymous_12)
FNDA:0,(anonymous_13)
FNDA:0,(anonymous_14)
FNDA:0,(anonymous_15)
FNDA:0,(anonymous_16)
FNDA:0,(anonymous_17)
FNDA:0,(anonymous_18)
FNDA:0,(anonymous_19)
FNDA:0,(anonymous_20)
FNDA:0,(anonymous_21)
DA:8,0
DA:9,0
DA:10,0
DA:11,0
DA:12,0
DA:19,0
DA:26,0
DA:27,0
DA:28,0
DA:33,0
DA:41,0
DA:42,0
DA:43,0
DA:46,0
DA:47,0
DA:49,0
DA:50,0
DA:59,0
DA:66,0
DA:67,0
DA:68,0
DA:69,0
DA:71,0
DA:82,0
DA:87,0
DA:95,0
DA:100,0
DA:108,0
DA:113,0
DA:121,0
DA:129,0
DA:137,0
DA:145,0
DA:153,0
DA:161,0
DA:162,0
DA:163,0
DA:171,0
DA:172,0
DA:173,0
DA:180,0
DA:187,0
DA:196,0
DA:201,0
DA:209,0
LF:45
LH:0
BRDA:27,0,0,0
BRDA:27,0,1,0
BRDA:41,1,0,0
BRDA:41,1,1,0
BRDA:49,2,0,0
BRDA:49,2,1,0
BRDA:67,3,0,0
BRDA:67,3,1,0
BRDA:68,4,0,0
BRDA:68,4,1,0
BRDA:87,5,0,0
BRDA:87,5,1,0
BRDA:100,6,0,0
BRDA:100,6,1,0
BRDA:113,7,0,0
BRDA:113,7,1,0
BRDA:201,8,0,0
BRDA:201,8,1,0
BRF:18
BRH:0
end_of_record
TN:
SF:static\js\components\refactor-guide.js
FN:12,(anonymous_0)
FN:32,(anonymous_1)
FN:89,(anonymous_2)
FN:97,(anonymous_3)
FN:105,(anonymous_4)
FN:112,(anonymous_5)
FN:142,(anonymous_6)
FN:148,(anonymous_7)
FN:168,(anonymous_8)
FNF:9
FNH:0
FNDA:0,(anonymous_0)
FNDA:0,(anonymous_1)
FNDA:0,(anonymous_2)
FNDA:0,(anonymous_3)
FNDA:0,(anonymous_4)
FNDA:0,(anonymous_5)
FNDA:0,(anonymous_6)
FNDA:0,(anonymous_7)
FNDA:0,(anonymous_8)
DA:13,0
DA:15,0
DA:16,0
DA:17,0
DA:20,0
DA:21,0
DA:22,0
DA:26,0
DA:29,0
DA:30,0
DA:32,0
DA:33,0
DA:34,0
DA:35,0
DA:37,0
DA:38,0
DA:39,0
DA:45,0
DA:47,0
DA:48,0
DA:51,0
DA:52,0
DA:53,0
DA:54,0
DA:57,0
DA:58,0
DA:59,0
DA:63,0
DA:66,0
DA:67,0
DA:68,0
DA:69,0
DA:73,0
DA:76,0
DA:77,0
DA:80,0
DA:81,0
DA:90,0
DA:97,0
DA:106,0
DA:108,0
DA:111,0
DA:112,0
DA:113,0
DA:114,0
DA:115,0
DA:127,0
DA:128,0
DA:129,0
DA:140,0
DA:141,0
DA:142,0
DA:143,0
DA:144,0
DA:148,0
DA:149,0
DA:150,0
DA:160,0
DA:169,0
DA:174,0
LF:60
LH:0
BRDA:13,0,0,0
BRDA:13,0,1,0
BRDA:13,1,0,0
BRDA:13,1,1,0
BRDA:66,2,0,0
BRDA:66,2,1,0
BRDA:106,3,0,0
BRDA:106,3,1,0
BRDA:111,4,0,0
BRDA:111,4,1,0
BRDA:114,5,0,0
BRDA:114,5,1,0
BRDA:127,6,0,0
BRDA:127,6,1,0
BRDA:128,7,0,0
BRDA:128,7,1,0
BRDA:143,8,0,0
BRDA:143,8,1,0
BRDA:144,9,0,0
BRDA:144,9,1,0
BRDA:149,10,0,0
BRDA:149,10,1,0
BRDA:174,11,0,0
BRDA:174,11,1,0
BRF:24
BRH:0
end_of_record
TN:
SF:static\js\components\test-panel.js
FN:13,(anonymous_0)
FN:23,(anonymous_1)
FN:35,(anonymous_2)
FN:81,(anonymous_3)
FN:98,(anonymous_4)
FN:114,(anonymous_5)
FN:118,(anonymous_6)
FN:129,(anonymous_7)
FN:142,(anonymous_8)
FN:190,(anonymous_9)
FN:192,(anonymous_10)
FNF:11
FNH:0
FNDA:0,(anonymous_0)
FNDA:0,(anonymous_1)
FNDA:0,(anonymous_2)
FNDA:0,(anonymous_3)
FNDA:0,(anonymous_4)
FNDA:0,(anonymous_5)
FNDA:0,(anonymous_6)
FNDA:0,(anonymous_7)
FNDA:0,(anonymous_8)
FNDA:0,(anonymous_9)
FNDA:0,(anonymous_10)
DA:14,0
DA:16,0
DA:18,0
DA:19,0
DA:20,0
DA:23,0
DA:24,0
DA:25,0
DA:36,0
DA:37,0
DA:38,0
DA:39,0
DA:42,0
DA:43,0
DA:44,0
DA:53,0
DA:54,0
DA:55,0
DA:81,0
DA:82,0
DA:83,0
DA:84,0
DA:87,0
DA:88,0
DA:90,0
DA:99,0
DA:101,0
DA:103,0
DA:105,0
DA:115,0
DA:117,0
DA:118,0
DA:121,0
DA:130,0
DA:131,0
DA:132,0
DA:143,0
DA:144,0
DA:147,0
DA:150,0
DA:151,0
DA:152,0
DA:156,0
DA:157,0
DA:158,0
DA:159,0
DA:164,0
DA:165,0
DA:166,0
DA:167,0
DA:172,0
DA:173,0
DA:174,0
DA:175,0
DA:176,0
DA:180,0
DA:191,0
DA:192,0
DA:193,0
DA:194,0
DA:195,0
DA:196,0
DA:198,0
DA:199,0
DA:200,0
LF:65
LH:0
BRDA:14,0,0,0
BRDA:14,0,1,0
BRDA:18,1,0,0
BRDA:18,1,1,0
BRDA:18,2,0,0
BRDA:18,2,1,0
BRDA:37,3,0,0
BRDA:37,3,1,0
BRDA:58,4,0,0
BRDA:58,4,1,0
BRDA:70,5,0,0
BRDA:70,5,1,0
BRDA:72,6,0,0
BRDA:72,6,1,0
BRDA:84,7,0,0
BRDA:84,7,1,0
BRDA:99,8,0,0
BRDA:99,8,1,0
BRDA:99,8,2,0
BRDA:115,9,0,0
BRDA:115,9,1,0
BRDA:117,10,0,0
BRDA:117,10,1,0
BRDA:142,11,0,0
BRDA:144,12,0,0
BRDA:144,12,1,0
BRDA:151,13,0,0
BRDA:151,13,1,0
BRDA:156,14,0,0
BRDA:156,14,1,0
BRDA:158,15,0,0
BRDA:158,15,1,0
BRDA:164,16,0,0
BRDA:164,16,1,0
BRDA:166,17,0,0
BRDA:166,17,1,0
BRDA:173,18,0,0
BRDA:173,18,1,0
BRDA:195,19,0,0
BRDA:195,19,1,0
BRDA:199,20,0,0
BRDA:199,20,1,0
BRF:42
BRH:0
end_of_record
TN:
SF:static\js\components\test-progress.js
FN:12,(anonymous_0)
FN:26,(anonymous_1)
FN:27,(anonymous_2)
FN:28,(anonymous_3)
FN:51,(anonymous_4)
FN:95,(anonymous_5)
FN:107,(anonymous_6)
FN:126,(anonymous_7)
FN:140,(anonymous_8)
FN:160,(anonymous_9)
FNF:10
FNH:0
FNDA:0,(anonymous_0)
FNDA:0,(anonymous_1)
FNDA:0,(anonymous_2)
FNDA:0,(anonymous_3)
FNDA:0,(anonymous_4)
FNDA:0,(anonymous_5)
FNDA:0,(anonymous_6)
FNDA:0,(anonymous_7)
FNDA:0,(anonymous_8)
FNDA:0,(anonymous_9)
DA:13,0
DA:14,0
DA:25,0
DA:26,0
DA:27,0
DA:28,0
DA:30,0
DA:31,0
DA:32,0
DA:34,0
DA:52,0
DA:54,0
DA:56,0
DA:96,0
DA:97,0
DA:98,0
DA:108,0
DA:110,0
DA:112,0
DA:113,0
DA:114,0
DA:115,0
DA:118,0
DA:127,0
DA:129,0
DA:130,0
DA:131,0
DA:132,0
DA:141,0
DA:143,0
DA:145,0
DA:147,0
DA:149,0
DA:151,0
DA:161,0
DA:162,0
DA:163,0
DA:164,0
DA:166,0
DA:167,0
DA:174,0
LF:41
LH:0
BRDA:13,0,0,0
BRDA:13,0,1,0
BRDA:13,1,0,0
BRDA:13,1,1,0
BRDA:28,2,0,0
BRDA:28,2,1,0
BRDA:30,3,0,0
BRDA:30,3,1,0
BRDA:31,4,0,0
BRDA:31,4,1,0
BRDA:32,5,0,0
BRDA:32,5,1,0
BRDA:52,6,0,0
BRDA:52,6,1,0
BRDA:64,7,0,0
BRDA:64,7,1,0
BRDA:65,8,0,0
BRDA:65,8,1,0
BRDA:66,9,0,0
BRDA:66,9,1,0
BRDA:97,10,0,0
BRDA:97,10,1,0
BRDA:112,11,0,0
BRDA:112,11,1,0
BRDA:114,12,0,0
BRDA:114,12,1,0
BRDA:129,13,0,0
BRDA:129,13,1,0
BRDA:130,14,0,0
BRDA:130,14,1,0
BRDA:131,15,0,0
BRDA:131,15,1,0
BRDA:143,16,0,0
BRDA:143,16,1,0
BRDA:143,16,2,0
BRDA:143,16,3,0
BRF:36
BRH:0
end_of_record
TN:
SF:static\js\components\timer.js
FN:9,(anonymous_0)
FN:20,(anonymous_1)
FN:26,(anonymous_2)
FN:44,(anonymous_3)
FN:54,(anonymous_4)
FN:76,(anonymous_5)
FN:84,(anonymous_6)
FN:94,(anonymous_7)
FN:102,(anonymous_8)
FN:109,(anonymous_9)
FN:119,(anonymous_10)
FN:121,(anonymous_11)
FN:138,(anonymous_12)
FN:148,(anonymous_13)
FNF:14
FNH:0
FNDA:0,(anonymous_0)
FNDA:0,(anonymous_1)
FNDA:0,(anonymous_2)
FNDA:0,(anonymous_3)
FNDA:0,(anonymous_4)
FNDA:0,(anonymous_5)
FNDA:0,(anonymous_6)
FNDA:0,(anonymous_7)
FNDA:0,(anonymous_8)
FNDA:0,(anonymous_9)
FNDA:0,(anonymous_10)
FNDA:0,(anonymous_11)
FNDA:0,(anonymous_12)
FNDA:0,(anonymous_13)
DA:10,0
DA:11,0
DA:12,0
DA:21,0
DA:22,0
DA:23,0
DA:24,0
DA:26,0
DA:27,0
DA:28,0
DA:30,0
DA:31,0
DA:32,0
DA:33,0
DA:35,0
DA:45,0
DA:46,0
DA:47,0
DA:55,0
DA:56,0
DA:58,0
DA:59,0
DA:60,0
DA:62,0
DA:65,0
DA:66,0
DA:68,0
DA:77,0
DA:85,0
DA:86,0
DA:87,0
DA:95,0
DA:103,0
DA:110,0
DA:111,0
DA:112,0
DA:120,0
DA:121,0
DA:122,0
DA:123,0
DA:125,0
DA:126,0
DA:127,0
DA:128,0
DA:139,0
DA:140,0
DA:141,0
DA:149,0
LF:48
LH:0
BRDA:20,0,0,0
BRDA:30,1,0,0
BRDA:30,1,1,0
BRDA:32,2,0,0
BRDA:32,2,1,0
BRDA:45,3,0,0
BRDA:45,3,1,0
BRDA:56,4,0,0
BRDA:56,4,1,0
BRDA:65,5,0,0
BRDA:65,5,1,0
BRDA:110,6,0,0
BRDA:110,6,1,0
BRDA:120,7,0,0
BRDA:120,7,1,0
BRDA:120,8,0,0
BRDA:120,8,1,0
BRDA:125,9,0,0
BRDA:125,9,1,0
BRDA:127,10,0,0
BRDA:127,10,1,0
BRF:21
BRH:0
end_of_record
TN:
SF:static\js\components\workshop.js
FN:14,(anonymous_0)
FN:25,(anonymous_1)
FN:36,(anonymous_2)
FN:56,(anonymous_3)
FN:67,(anonymous_4)
FN:75,(anonymous_5)
FN:82,(anonymous_6)
FN:90,(anonymous_7)
FN:98,(anonymous_8)
FN:107,(anonymous_9)
FN:117,(anonymous_10)
FN:128,(anonymous_11)
FN:139,(anonymous_12)
FN:147,(anonymous_13)
FN:156,(anonymous_14)
FN:167,(anonymous_15)
FN:177,(anonymous_16)
FN:181,(anonymous_17)
FN:192,(anonymous_18)
FNF:19
FNH:0
FNDA:0,(anonymous_0)
FNDA:0,(anonymous_1)
FNDA:0,(anonymous_2)
FNDA:0,(anonymous_3)
FNDA:0,(anonymous_4)
FNDA:0,(anonymous_5)
FNDA:0,(anonymous_6)
FNDA:0,(anonymous_7)
FNDA:0,(anonymous_8)
FNDA:0,(anonymous_9)
FNDA:0,(anonymous_10)
FNDA:0,(anonymous_11)
FNDA:0,(anonymous_12)
FNDA:0,(anonymous_13)
FNDA:0,(anonymous_14)
FNDA:0,(anonymous_15)
FNDA:0,(anonymous_16)
FNDA:0,(anonymous_17)
FNDA:0,(anonymous_18)
DA:15,0
DA:16,0
DA:18,0
DA:19,0
DA:26,0
DA:27,0
DA:37,0
DA:38,0
DA:39,0
DA:40,0
DA:42,0
DA:43,0
DA:44,0
DA:46,0
DA:47,0
DA:48,0
DA:57,0
DA:58,0
DA:59,0
DA:68,0
DA:69,0
DA:76,0
DA:83,0
DA:84,0
DA:91,0
DA:92,0
DA:99,0
DA:100,0
DA:108,0
DA:109,0
DA:110,0
DA:118,0
DA:119,0
DA:120,0
DA:121,0
DA:129,0
DA:130,0
DA:131,0
DA:132,0
DA:140,0
DA:141,0
DA:148,0
DA:149,0
DA:157,0
DA:158,0
DA:159,0
DA:168,0
DA:178,0
DA:179,0
DA:180,0
DA:181,0
DA:185,0
DA:193,0
LF:53
LH:0
BRDA:18,0,0,0
BRDA:18,0,1,0
BRDA:19,1,0,0
BRDA:19,1,1,0
BRDA:27,2,0,0
BRDA:27,2,1,0
BRDA:42,3,0,0
BRDA:42,3,1,0
BRDA:43,4,0,0
BRDA:43,4,1,0
BRDA:44,5,0,0
BRDA:44,5,1,0
BRDA:46,6,0,0
BRDA:46,6,1,0
BRDA:58,7,0,0
BRDA:58,7,1,0
BRDA:69,8,0,0
BRDA:69,8,1,0
BRDA:84,9,0,0
BRDA:84,9,1,0
BRDA:92,10,0,0
BRDA:92,10,1,0
BRDA:100,11,0,0
BRDA:100,11,1,0
BRDA:109,12,0,0
BRDA:109,12,1,0
BRDA:119,13,0,0
BRDA:119,13,1,0
BRDA:130,14,0,0
BRDA:130,14,1,0
BRDA:141,15,0,0
BRDA:141,15,1,0
BRDA:149,16,0,0
BRDA:149,16,1,0
BRDA:158,17,0,0
BRDA:158,17,1,0
BRDA:177,18,0,0
BRDA:180,19,0,0
BRDA:180,19,1,0
BRDA:183,20,0,0
BRDA:183,20,1,0
BRF:41
BRH:0
end_of_record
TN:
SF:static\js\config\achievements.js
FN:189,getAchievementById
FN:190,(anonymous_1)
FN:198,getAchievementsByCategory
FN:199,(anonymous_3)
FN:207,getAchievementsByRarity
FN:208,(anonymous_5)
FN:215,getAllAchievements
FNF:7
FNH:6
FNDA:55,getAchievementById
FNDA:411,(anonymous_1)
FNDA:1,getAchievementsByCategory
FNDA:15,(anonymous_3)
FNDA:1,getAchievementsByRarity
FNDA:15,(anonymous_5)
FNDA:0,getAllAchievements
DA:6,1
DA:14,1
DA:22,1
DA:190,411
DA:199,15
DA:208,15
DA:216,0
LF:7
LH:6
BRDA:190,0,0,55
BRDA:190,0,1,1
BRF:2
BRH:2
end_of_record
TN:
SF:static\js\logic\approaches.js
FN:12,(anonymous_0)
FN:24,(anonymous_1)
FN:37,(anonymous_2)
FN:41,(anonymous_3)
FN:49,(anonymous_4)
FN:59,(anonymous_5)
FN:69,(anonymous_6)
FN:83,(anonymous_7)
FN:85,(anonymous_8)
FN:94,(anonymous_9)
FN:106,(anonymous_10)
FN:118,(anonymous_11)
FN:128,(anonymous_12)
FN:137,(anonymous_13)
FN:146,(anonymous_14)
FNF:15
FNH:0
FNDA:0,(anonymous_0)
FNDA:0,(anonymous_1)
FNDA:0,(anonymous_2)
FNDA:0,(anonymous_3)
FNDA:0,(anonymous_4)
FNDA:0,(anonymous_5)
FNDA:0,(anonymous_6)
FNDA:0,(anonymous_7)
FNDA:0,(anonymous_8)
FNDA:0,(anonymous_9)
FNDA:0,(anonymous_10)
FNDA:0,(anonymous_11)
FNDA:0,(anonymous_12)
FNDA:0,(anonymous_13)
FNDA:0,(anonymous_14)
DA:13,0
DA:25,0
DA:26,0
DA:28,0
DA:38,0
DA:39,0
DA:41,0
DA:50,0
DA:51,0
DA:60,0
DA:70,0
DA:71,0
DA:72,0
DA:74,0
DA:84,0
DA:85,0
DA:95,0
DA:96,0
DA:97,0
DA:107,0
DA:108,0
DA:109,0
DA:119,0
DA:129,0
DA:138,0
DA:147,0
LF:26
LH:0
BRDA:13,0,0,0
BRDA:13,0,1,0
BRDA:13,0,2,0
BRDA:13,0,3,0
BRDA:25,1,0,0
BRDA:25,1,1,0
BRDA:38,2,0,0
BRDA:38,2,1,0
BRDA:41,3,0,0
BRDA:41,3,1,0
BRDA:51,4,0,0
BRDA:51,4,1,0
BRDA:71,5,0,0
BRDA:71,5,1,0
BRDA:71,6,0,0
BRDA:71,6,1,0
BRDA:96,7,0,0
BRDA:96,7,1,0
BRDA:108,8,0,0
BRDA:108,8,1,0
BRDA:147,9,0,0
BRDA:147,9,1,0
BRDA:147,9,2,0
BRDA:147,9,3,0
BRF:24
BRH:0
end_of_record
TN:
SF:static\js\logic\code.js
FN:15,(anonymous_0)
FN:59,(anonymous_1)
FN:104,(anonymous_2)
FN:119,(anonymous_3)
FN:145,(anonymous_4)
FN:148,(anonymous_5)
FN:152,(anonymous_6)
FN:171,(anonymous_7)
FNF:8
FNH:0
FNDA:0,(anonymous_0)
FNDA:0,(anonymous_1)
FNDA:0,(anonymous_2)
FNDA:0,(anonymous_3)
FNDA:0,(anonymous_4)
FNDA:0,(anonymous_5)
FNDA:0,(anonymous_6)
FNDA:0,(anonymous_7)
DA:16,0
DA:17,0
DA:20,0
DA:22,0
DA:23,0
DA:27,0
DA:29,0
DA:30,0
DA:34,0
DA:35,0
DA:38,0
DA:42,0
DA:43,0
DA:47,0
DA:61,0
DA:62,0
DA:72,0
DA:73,0
DA:77,0
DA:79,0
DA:80,0
DA:81,0
DA:84,0
DA:85,0
DA:88,0
DA:91,0
DA:94,0
DA:105,0
DA:106,0
DA:108,0
DA:121,0
DA:122,0
DA:132,0
DA:133,0
DA:136,0
DA:137,0
DA:146,0
DA:148,0
DA:149,0
DA:151,0
DA:152,0
DA:160,0
DA:172,0
DA:173,0
DA:176,0
DA:177,0
DA:178,0
DA:181,0
DA:184,0
LF:49
LH:0
BRDA:15,0,0,0
BRDA:16,1,0,0
BRDA:16,1,1,0
BRDA:16,2,0,0
BRDA:16,2,1,0
BRDA:22,3,0,0
BRDA:22,3,1,0
BRDA:27,4,0,0
BRDA:27,4,1,0
BRDA:29,5,0,0
BRDA:29,5,1,0
BRDA:29,6,0,0
BRDA:29,6,1,0
BRDA:30,7,0,0
BRDA:30,7,1,0
BRDA:34,8,0,0
BRDA:34,8,1,0
BRDA:42,9,0,0
BRDA:42,9,1,0
BRDA:59,10,0,0
BRDA:61,11,0,0
BRDA:61,11,1,0
BRDA:72,12,0,0
BRDA:72,12,1,0
BRDA:77,13,0,0
BRDA:77,13,1,0
BRDA:79,14,0,0
BRDA:79,14,1,0
BRDA:84,15,0,0
BRDA:84,15,1,0
BRDA:105,16,0,0
BRDA:105,16,1,0
BRDA:105,17,0,0
BRDA:105,17,1,0
BRDA:108,18,0,0
BRDA:108,18,1,0
BRDA:121,19,0,0
BRDA:121,19,1,0
BRDA:132,20,0,0
BRDA:132,20,1,0
BRDA:151,21,0,0
BRDA:151,21,1,0
BRDA:171,22,0,0
BRDA:172,23,0,0
BRDA:172,23,1,0
BRDA:172,24,0,0
BRDA:172,24,1,0
BRDA:176,25,0,0
BRDA:176,25,1,0
BRDA:177,26,0,0
BRDA:177,26,1,0
BRF:51
BRH:0
end_of_record
TN:
SF:static\js\logic\hints.js
FN:12,(anonymous_0)
FN:24,(anonymous_1)
FN:37,(anonymous_2)
FN:50,(anonymous_3)
FN:60,(anonymous_4)
FN:70,(anonymous_5)
FN:83,(anonymous_6)
FN:94,(anonymous_7)
FN:105,(anonymous_8)
FN:114,(anonymous_9)
FN:124,(anonymous_10)
FN:134,(anonymous_11)
FN:146,(anonymous_12)
FNF:13
FNH:0
FNDA:0,(anonymous_0)
FNDA:0,(anonymous_1)
FNDA:0,(anonymous_2)
FNDA:0,(anonymous_3)
FNDA:0,(anonymous_4)
FNDA:0,(anonymous_5)
FNDA:0,(anonymous_6)
FNDA:0,(anonymous_7)
FNDA:0,(anonymous_8)
FNDA:0,(anonymous_9)
FNDA:0,(anonymous_10)
FNDA:0,(anonymous_11)
FNDA:0,(anonymous_12)
DA:13,0
DA:25,0
DA:26,0
DA:28,0
DA:38,0
DA:39,0
DA:40,0
DA:42,0
DA:51,0
DA:61,0
DA:71,0
DA:72,0
DA:74,0
DA:84,0
DA:85,0
DA:95,0
DA:96,0
DA:106,0
DA:115,0
DA:125,0
DA:135,0
DA:136,0
DA:137,0
DA:147,0
DA:148,0
LF:25
LH:0
BRDA:13,0,0,0
BRDA:13,0,1,0
BRDA:13,0,2,0
BRDA:13,0,3,0
BRDA:25,1,0,0
BRDA:25,1,1,0
BRDA:39,2,0,0
BRDA:39,2,1,0
BRDA:39,3,0,0
BRDA:39,3,1,0
BRDA:71,4,0,0
BRDA:71,4,1,0
BRDA:136,5,0,0
BRDA:136,5,1,0
BRF:14
BRH:0
end_of_record
TN:
SF:static\js\logic\progress.js
FN:15,(anonymous_0)
FN:25,(anonymous_1)
FN:34,(anonymous_2)
FN:36,(anonymous_3)
FN:46,(anonymous_4)
FN:56,(anonymous_5)
FN:67,(anonymous_6)
FN:68,(anonymous_7)
FN:77,(anonymous_8)
FN:87,(anonymous_9)
FN:99,(anonymous_10)
FNF:11
FNH:0
FNDA:0,(anonymous_0)
FNDA:0,(anonymous_1)
FNDA:0,(anonymous_2)
FNDA:0,(anonymous_3)
FNDA:0,(anonymous_4)
FNDA:0,(anonymous_5)
FNDA:0,(anonymous_6)
FNDA:0,(anonymous_7)
FNDA:0,(anonymous_8)
FNDA:0,(anonymous_9)
FNDA:0,(anonymous_10)
DA:6,0
DA:16,0
DA:17,0
DA:26,0
DA:35,0
DA:36,0
DA:37,0
DA:47,0
DA:48,0
DA:57,0
DA:58,0
DA:59,0
DA:68,0
DA:78,0
DA:79,0
DA:88,0
DA:89,0
DA:90,0
DA:91,0
DA:100,0
DA:101,0
DA:102,0
DA:103,0
LF:23
LH:0
BRDA:16,0,0,0
BRDA:16,0,1,0
BRDA:35,1,0,0
BRDA:35,1,1,0
BRDA:47,2,0,0
BRDA:47,2,1,0
BRDA:58,3,0,0
BRDA:58,3,1,0
BRDA:78,4,0,0
BRDA:78,4,1,0
BRDA:79,5,0,0
BRDA:79,5,1,0
BRDA:88,6,0,0
BRDA:88,6,1,0
BRDA:89,7,0,0
BRDA:89,7,1,0
BRDA:90,8,0,0
BRDA:90,8,1,0
BRDA:100,9,0,0
BRDA:100,9,1,0
BRDA:101,10,0,0
BRDA:101,10,1,0
BRDA:102,11,0,0
BRDA:102,11,1,0
BRF:24
BRH:0
end_of_record
TN:
SF:static\js\services\achievement-service.js
FN:15,(anonymous_0)
FN:49,(anonymous_1)
FN:72,(anonymous_2)
FN:73,(anonymous_3)
FN:85,(anonymous_4)
FN:112,(anonymous_5)
FN:113,(anonymous_6)
FN:126,(anonymous_7)
FN:151,(anonymous_8)
FNF:9
FNH:9
FNDA:78,(anonymous_0)
FNDA:5,(anonymous_1)
FNDA:2,(anonymous_2)
FNDA:5,(anonymous_3)
FNDA:46,(anonymous_4)
FNDA:1,(anonymous_5)
FNDA:15,(anonymous_6)
FNDA:1,(anonymous_7)
FNDA:1,(anonymous_8)
DA:16,78
DA:19,78
DA:20,80
DA:22,80
DA:23,54
DA:27,26
DA:29,26
DA:30,7
DA:32,0
DA:34,0
DA:35,0
DA:40,17
DA:50,5
DA:52,5
DA:54,75
DA:55,1
DA:59,74
DA:60,15
DA:64,5
DA:73,2
DA:74,5
DA:75,5
DA:86,46
DA:87,46
DA:88,0
DA:91,46
DA:92,46
DA:94,46
DA:95,46
DA:96,46
DA:103,46
DA:113,15
DA:127,1
DA:129,1
DA:130,15
DA:131,15
DA:132,5
DA:135,15
DA:142,1
DA:152,1
DA:154,1
DA:155,15
DA:156,15
DA:157,5
DA:160,15
DA:167,1
LF:46
LH:42
BRDA:22,0,0,54
BRDA:22,0,1,26
BRDA:27,1,0,26
BRDA:27,1,1,0
BRDA:29,2,0,7
BRDA:29,2,1,19
BRDA:32,3,0,0
BRDA:32,3,1,0
BRDA:34,4,0,0
BRDA:34,4,1,0
BRDA:49,5,0,0
BRDA:54,6,0,1
BRDA:54,6,1,74
BRDA:59,7,0,15
BRDA:59,7,1,59
BRDA:75,8,0,5
BRDA:75,8,1,0
BRDA:87,9,0,0
BRDA:87,9,1,46
BRDA:95,10,0,46
BRDA:95,10,1,36
BRDA:112,11,0,0
BRDA:126,12,0,1
BRDA:131,13,0,5
BRDA:131,13,1,10
BRDA:151,14,0,1
BRDA:156,15,0,5
BRDA:156,15,1,10
BRF:28
BRH:19
end_of_record
TN:
SF:static\js\services\api.js
FN:13,(anonymous_0)
FN:35,(anonymous_1)
FN:63,(anonymous_2)
FN:90,(anonymous_3)
FNF:4
FNH:0
FNDA:0,(anonymous_0)
FNDA:0,(anonymous_1)
FNDA:0,(anonymous_2)
FNDA:0,(anonymous_3)
DA:14,0
DA:15,0
DA:17,0
DA:18,0
DA:21,0
DA:23,0
DA:24,0
DA:36,0
DA:37,0
DA:45,0
DA:46,0
DA:49,0
DA:51,0
DA:52,0
DA:64,0
DA:65,0
DA:73,0
DA:74,0
DA:77,0
DA:79,0
DA:80,0
DA:91,0
DA:92,0
DA:96,0
DA:97,0
DA:100,0
DA:102,0
DA:103,0
LF:28
LH:0
BRDA:17,0,0,0
BRDA:17,0,1,0
BRDA:45,1,0,0
BRDA:45,1,1,0
BRDA:73,2,0,0
BRDA:73,2,1,0
BRDA:96,3,0,0
BRDA:96,3,1,0
BRF:8
BRH:0
end_of_record
TN:
SF:static\js\services\complexity-calculator.js
FN:12,(anonymous_0)
FN:37,(anonymous_1)
FN:72,(anonymous_2)
FN:113,(anonymous_3)
FN:127,(anonymous_4)
FN:140,(anonymous_5)
FNF:6
FNH:0
FNDA:0,(anonymous_0)
FNDA:0,(anonymous_1)
FNDA:0,(anonymous_2)
FNDA:0,(anonymous_3)
FNDA:0,(anonymous_4)
FNDA:0,(anonymous_5)
DA:13,0
DA:15,0
DA:18,0
DA:19,0
DA:20,0
DA:21,0
DA:22,0
DA:23,0
DA:24,0
DA:26,0
DA:27,0
DA:29,0
DA:38,0
DA:40,0
DA:41,0
DA:44,0
DA:45,0
DA:46,0
DA:47,0
DA:48,0
DA:52,0
DA:54,0
DA:55,0
DA:64,0
DA:73,0
DA:75,0
DA:76,0
DA:79,0
DA:80,0
DA:88,0
DA:89,0
DA:97,0
DA:98,0
DA:106,0
DA:114,0
DA:128,0
DA:129,0
DA:130,0
DA:131,0
DA:132,0
DA:141,0
DA:142,0
DA:151,0
DA:152,0
DA:154,0
LF:45
LH:0
BRDA:13,0,0,0
BRDA:13,0,1,0
BRDA:18,1,0,0
BRDA:18,1,1,0
BRDA:19,2,0,0
BRDA:19,2,1,0
BRDA:20,3,0,0
BRDA:20,3,1,0
BRDA:21,4,0,0
BRDA:21,4,1,0
BRDA:22,5,0,0
BRDA:22,5,1,0
BRDA:23,6,0,0
BRDA:23,6,1,0
BRDA:24,7,0,0
BRDA:24,7,1,0
BRDA:38,8,0,0
BRDA:38,8,1,0
BRDA:48,9,0,0
BRDA:48,9,1,0
BRDA:54,10,0,0
BRDA:54,10,1,0
BRDA:59,11,0,0
BRDA:59,11,1,0
BRDA:59,12,0,0
BRDA:59,12,1,0
BRDA:75,13,0,0
BRDA:75,13,1,0
BRDA:75,14,0,0
BRDA:75,14,1,0
BRDA:79,15,0,0
BRDA:79,15,1,0
BRDA:88,16,0,0
BRDA:88,16,1,0
BRDA:97,17,0,0
BRDA:97,17,1,0
BRDA:128,18,0,0
BRDA:128,18,1,0
BRDA:129,19,0,0
BRDA:129,19,1,0
BRDA:130,20,0,0
BRDA:130,20,1,0
BRDA:131,21,0,0
BRDA:131,21,1,0
BRDA:141,22,0,0
BRDA:141,22,1,0
BRF:46
BRH:0
end_of_record
TN:
SF:static\js\services\coverage-analyzer.js
FN:14,(anonymous_0)
FN:26,(anonymous_1)
FN:38,(anonymous_2)
FN:82,(anonymous_3)
FN:90,(anonymous_4)
FN:97,(anonymous_5)
FN:105,(anonymous_6)
FN:127,(anonymous_7)
FNF:8
FNH:0
FNDA:0,(anonymous_0)
FNDA:0,(anonymous_1)
FNDA:0,(anonymous_2)
FNDA:0,(anonymous_3)
FNDA:0,(anonymous_4)
FNDA:0,(anonymous_5)
FNDA:0,(anonymous_6)
FNDA:0,(anonymous_7)
DA:7,0
DA:15,0
DA:16,0
DA:18,0
DA:27,0
DA:28,0
DA:30,0
DA:39,0
DA:41,0
DA:42,0
DA:45,0
DA:46,0
DA:55,0
DA:56,0
DA:65,0
DA:66,0
DA:75,0
DA:83,0
DA:91,0
DA:98,0
DA:106,0
DA:107,0
DA:110,0
DA:111,0
DA:112,0
DA:114,0
DA:115,0
DA:116,0
DA:117,0
DA:119,0
DA:128,0
DA:129,0
DA:136,0
LF:33
LH:0
BRDA:15,0,0,0
BRDA:15,0,1,0
BRDA:15,1,0,0
BRDA:15,1,1,0
BRDA:15,1,2,0
BRDA:27,2,0,0
BRDA:27,2,1,0
BRDA:27,3,0,0
BRDA:27,3,1,0
BRDA:41,4,0,0
BRDA:41,4,1,0
BRDA:45,5,0,0
BRDA:45,5,1,0
BRDA:55,6,0,0
BRDA:55,6,1,0
BRDA:65,7,0,0
BRDA:65,7,1,0
BRDA:65,8,0,0
BRDA:65,8,1,0
BRDA:106,9,0,0
BRDA:106,9,1,0
BRDA:114,10,0,0
BRDA:114,10,1,0
BRDA:116,11,0,0
BRDA:116,11,1,0
BRDA:128,12,0,0
BRDA:128,12,1,0
BRDA:138,13,0,0
BRDA:138,13,1,0
BRF:29
BRH:0
end_of_record
TN:
SF:static\js\services\grading.js
FN:19,(anonymous_0)
FN:45,(anonymous_1)
FN:54,(anonymous_2)
FN:69,(anonymous_3)
FN:88,(anonymous_4)
FN:97,(anonymous_5)
FN:106,(anonymous_6)
FN:116,(anonymous_7)
FN:134,(anonymous_8)
FNF:9
FNH:0
FNDA:0,(anonymous_0)
FNDA:0,(anonymous_1)
FNDA:0,(anonymous_2)
FNDA:0,(anonymous_3)
FNDA:0,(anonymous_4)
FNDA:0,(anonymous_5)
FNDA:0,(anonymous_6)
FNDA:0,(anonymous_7)
FNDA:0,(anonymous_8)
DA:20,0
DA:21,0
DA:28,0
DA:29,0
DA:32,0
DA:33,0
DA:35,0
DA:36,0
DA:46,0
DA:55,0
DA:57,0
DA:58,0
DA:61,0
DA:70,0
DA:72,0
DA:73,0
DA:76,0
DA:77,0
DA:80,0
DA:89,0
DA:98,0
DA:107,0
DA:108,0
DA:117,0
DA:118,0
DA:121,0
DA:135,0
LF:27
LH:0
BRDA:19,0,0,0
BRDA:28,1,0,0
BRDA:28,1,1,0
BRDA:46,2,0,0
BRDA:46,2,1,0
BRDA:55,3,0,0
BRDA:55,3,1,0
BRDA:57,4,0,0
BRDA:57,4,1,0
BRDA:58,5,0,0
BRDA:58,5,1,0
BRDA:70,6,0,0
BRDA:70,6,1,0
BRDA:72,7,0,0
BRDA:72,7,1,0
BRDA:76,8,0,0
BRDA:76,8,1,0
BRDA:89,9,0,0
BRDA:89,9,1,0
BRDA:98,10,0,0
BRDA:98,10,1,0
BRDA:108,11,0,0
BRDA:108,11,1,0
BRDA:117,12,0,0
BRDA:117,12,1,0
BRDA:117,13,0,0
BRDA:117,13,1,0
BRDA:122,14,0,0
BRDA:122,14,1,0
BRDA:123,15,0,0
BRDA:123,15,1,0
BRDA:124,16,0,0
BRDA:124,16,1,0
BRDA:125,17,0,0
BRDA:125,17,1,0
BRF:35
BRH:0
end_of_record
TN:
SF:static\js\services\mock-manager.js
FN:7,(anonymous_0)
FN:18,(anonymous_1)
FN:32,(anonymous_2)
FN:71,(anonymous_3)
FN:80,(anonymous_4)
FN:88,(anonymous_5)
FN:97,(anonymous_6)
FN:110,(anonymous_7)
FN:119,(anonymous_8)
FN:140,(anonymous_9)
FN:158,(anonymous_10)
FN:174,(anonymous_11)
FN:186,(anonymous_12)
FN:197,(anonymous_13)
FN:212,(anonymous_14)
FN:223,(anonymous_15)
FN:237,(anonymous_16)
FNF:17
FNH:0
FNDA:0,(anonymous_0)
FNDA:0,(anonymous_1)
FNDA:0,(anonymous_2)
FNDA:0,(anonymous_3)
FNDA:0,(anonymous_4)
FNDA:0,(anonymous_5)
FNDA:0,(anonymous_6)
FNDA:0,(anonymous_7)
FNDA:0,(anonymous_8)
FNDA:0,(anonymous_9)
FNDA:0,(anonymous_10)
FNDA:0,(anonymous_11)
FNDA:0,(anonymous_12)
FNDA:0,(anonymous_13)
FNDA:0,(anonymous_14)
FNDA:0,(anonymous_15)
FNDA:0,(anonymous_16)
DA:8,0
DA:9,0
DA:10,0
DA:11,0
DA:19,0
DA:20,0
DA:21,0
DA:24,0
DA:25,0
DA:33,0
DA:72,0
DA:81,0
DA:89,0
DA:98,0
DA:99,0
DA:100,0
DA:102,0
DA:103,0
DA:111,0
DA:120,0
DA:122,0
DA:123,0
DA:124,0
DA:127,0
DA:128,0
DA:131,0
DA:132,0
DA:135,0
DA:136,0
DA:137,0
DA:138,0
DA:140,0
DA:141,0
DA:142,0
DA:144,0
DA:145,0
DA:150,0
DA:159,0
DA:160,0
DA:161,0
DA:164,0
DA:165,0
DA:166,0
DA:175,0
DA:176,0
DA:177,0
DA:178,0
DA:180,0
DA:187,0
DA:188,0
DA:190,0
DA:198,0
DA:199,0
DA:200,0
DA:202,0
DA:203,0
DA:213,0
DA:214,0
DA:215,0
DA:224,0
DA:225,0
DA:226,0
DA:228,0
DA:238,0
DA:239,0
DA:241,0
LF:66
LH:0
BRDA:19,0,0,0
BRDA:19,0,1,0
BRDA:19,1,0,0
BRDA:19,1,1,0
BRDA:81,2,0,0
BRDA:81,2,1,0
BRDA:81,2,2,0
BRDA:98,3,0,0
BRDA:98,3,1,0
BRDA:122,4,0,0
BRDA:122,4,1,0
BRDA:127,5,0,0
BRDA:127,5,1,0
BRDA:127,6,0,0
BRDA:127,6,1,0
BRDA:131,7,0,0
BRDA:131,7,1,0
BRDA:131,8,0,0
BRDA:131,8,1,0
BRDA:135,9,0,0
BRDA:135,9,1,0
BRDA:137,10,0,0
BRDA:137,10,1,0
BRDA:141,11,0,0
BRDA:141,11,1,0
BRDA:144,12,0,0
BRDA:144,12,1,0
BRDA:160,13,0,0
BRDA:160,13,1,0
BRDA:175,14,0,0
BRDA:175,14,1,0
BRDA:200,15,0,0
BRDA:200,15,1,0
BRDA:214,16,0,0
BRDA:214,16,1,0
BRDA:239,17,0,0
BRDA:239,17,1,0
BRF:37
BRH:0
end_of_record
TN:
SF:static\js\services\modules.js
FN:15,(anonymous_0)
FN:31,(anonymous_1)
FN:48,(anonymous_2)
FN:60,(anonymous_3)
FN:70,(anonymous_4)
FN:74,(anonymous_5)
FN:82,(anonymous_6)
FN:94,(anonymous_7)
FN:106,(anonymous_8)
FNF:9
FNH:0
FNDA:0,(anonymous_0)
FNDA:0,(anonymous_1)
FNDA:0,(anonymous_2)
FNDA:0,(anonymous_3)
FNDA:0,(anonymous_4)
FNDA:0,(anonymous_5)
FNDA:0,(anonymous_6)
FNDA:0,(anonymous_7)
FNDA:0,(anonymous_8)
DA:16,0
DA:17,0
DA:18,0
DA:20,0
DA:21,0
DA:32,0
DA:33,0
DA:34,0
DA:35,0
DA:37,0
DA:38,0
DA:49,0
DA:50,0
DA:52,0
DA:61,0
DA:71,0
DA:72,0
DA:74,0
DA:83,0
DA:84,0
DA:86,0
DA:95,0
DA:107,0
LF:23
LH:0
BRDA:18,0,0,0
BRDA:18,0,1,0
BRDA:49,1,0,0
BRDA:49,1,1,0
BRDA:49,2,0,0
BRDA:49,2,1,0
BRDA:49,2,2,0
BRDA:49,2,3,0
BRDA:61,3,0,0
BRDA:61,3,1,0
BRDA:61,3,2,0
BRDA:71,4,0,0
BRDA:71,4,1,0
BRDA:74,5,0,0
BRDA:74,5,1,0
BRDA:83,6,0,0
BRDA:83,6,1,0
BRDA:95,7,0,0
BRDA:95,7,1,0
BRDA:95,7,2,0
BRDA:95,7,3,0
BRDA:107,8,0,0
BRDA:107,8,1,0
BRDA:107,8,2,0
BRDA:107,8,3,0
BRF:25
BRH:0
end_of_record
TN:
SF:static\js\state\index.js
FN:11,(anonymous_0)
FN:21,(anonymous_1)
FN:30,(anonymous_2)
FN:38,(anonymous_3)
FN:46,(anonymous_4)
FN:53,(anonymous_5)
FN:60,(anonymous_6)
FNF:7
FNH:0
FNDA:0,(anonymous_0)
FNDA:0,(anonymous_1)
FNDA:0,(anonymous_2)
FNDA:0,(anonymous_3)
FNDA:0,(anonymous_4)
FNDA:0,(anonymous_5)
FNDA:0,(anonymous_6)
DA:12,0
DA:13,0
DA:14,0
DA:31,0
DA:39,0
DA:47,0
DA:54,0
DA:61,0
DA:62,0
DA:67,0
LF:10
LH:0
BRF:0
BRH:0
end_of_record
TN:
SF:static\js\state\progress.js
FN:9,(anonymous_0)
FN:18,(anonymous_1)
FN:56,(anonymous_2)
FN:78,(anonymous_3)
FN:92,(anonymous_4)
FN:102,(anonymous_5)
FN:108,(anonymous_6)
FN:118,(anonymous_7)
FN:130,(anonymous_8)
FN:139,(anonymous_9)
FN:146,(anonymous_10)
FN:154,(anonymous_11)
FN:168,(anonymous_12)
FN:178,(anonymous_13)
FN:194,(anonymous_14)
FN:204,(anonymous_15)
FN:221,(anonymous_16)
FN:231,(anonymous_17)
FN:248,(anonymous_18)
FNF:19
FNH:12
FNDA:8,(anonymous_0)
FNDA:18,(anonymous_1)
FNDA:1,(anonymous_2)
FNDA:8,(anonymous_3)
FNDA:0,(anonymous_4)
FNDA:0,(anonymous_5)
FNDA:0,(anonymous_6)
FNDA:0,(anonymous_7)
FNDA:0,(anonymous_8)
FNDA:0,(anonymous_9)
FNDA:17,(anonymous_10)
FNDA:0,(anonymous_11)
FNDA:8,(anonymous_12)
FNDA:4,(anonymous_13)
FNDA:2,(anonymous_14)
FNDA:1,(anonymous_15)
FNDA:1,(anonymous_16)
FNDA:4,(anonymous_17)
FNDA:2,(anonymous_18)
DA:10,8
DA:19,18
DA:20,8
DA:57,1
DA:59,1
DA:60,1
DA:63,1
DA:64,1
DA:67,1
DA:68,1
DA:70,1
DA:79,8
DA:93,0
DA:94,0
DA:103,0
DA:104,0
DA:106,0
DA:108,0
DA:109,0
DA:119,0
DA:120,0
DA:121,0
DA:131,0
DA:132,0
DA:140,0
DA:147,17
DA:155,0
DA:156,0
DA:161,0
DA:169,8
DA:170,8
DA:179,4
DA:180,4
DA:182,4
DA:183,3
DA:184,3
DA:185,3
DA:195,2
DA:196,2
DA:205,1
DA:206,1
DA:208,1
DA:209,0
DA:212,1
DA:213,1
DA:222,1
DA:223,1
DA:232,4
DA:233,4
DA:235,4
DA:236,4
DA:237,3
DA:239,4
DA:240,4
DA:249,2
DA:250,2
LF:56
LH:39
BRDA:19,0,0,8
BRDA:19,0,1,10
BRDA:63,1,0,1
BRDA:63,1,1,0
BRDA:63,2,0,1
BRDA:63,2,1,1
BRDA:79,3,0,8
BRDA:79,3,1,0
BRDA:94,4,0,0
BRDA:94,4,1,0
BRDA:106,5,0,0
BRDA:106,5,1,0
BRDA:120,6,0,0
BRDA:120,6,1,0
BRDA:132,7,0,0
BRDA:132,7,1,0
BRDA:155,8,0,0
BRDA:155,8,1,0
BRDA:182,9,0,3
BRDA:182,9,1,1
BRDA:196,10,0,2
BRDA:196,10,1,0
BRDA:208,11,0,0
BRDA:208,11,1,1
BRDA:223,12,0,1
BRDA:223,12,1,0
BRDA:236,13,0,3
BRDA:236,13,1,1
BRDA:236,14,0,4
BRDA:236,14,1,2
BRDA:251,15,0,2
BRDA:251,15,1,0
BRDA:252,16,0,2
BRDA:252,16,1,0
BRDA:253,17,0,2
BRDA:253,17,1,0
BRF:36
BRH:18
end_of_record
TN:
SF:static\js\state\storage.js
FN:13,(anonymous_0)
FN:29,(anonymous_1)
FN:45,(anonymous_2)
FN:62,(anonymous_3)
FN:78,(anonymous_4)
FN:94,(anonymous_5)
FN:107,(anonymous_6)
FN:124,(anonymous_7)
FNF:8
FNH:2
FNDA:8,(anonymous_0)
FNDA:17,(anonymous_1)
FNDA:0,(anonymous_2)
FNDA:0,(anonymous_3)
FNDA:0,(anonymous_4)
FNDA:0,(anonymous_5)
FNDA:0,(anonymous_6)
FNDA:0,(anonymous_7)
DA:14,8
DA:15,8
DA:16,8
DA:17,7
DA:20,0
DA:22,1
DA:30,17
DA:31,17
DA:33,0
DA:34,0
DA:46,0
DA:47,0
DA:48,0
DA:50,0
DA:51,0
DA:63,0
DA:64,0
DA:65,0
DA:67,0
DA:68,0
DA:79,0
DA:80,0
DA:81,0
DA:83,0
DA:84,0
DA:95,0
DA:96,0
DA:97,0
DA:99,0
DA:100,0
DA:108,0
DA:109,0
DA:111,0
DA:112,0
DA:125,0
DA:126,0
DA:128,0
LF:37
LH:7
BRDA:16,0,0,7
BRDA:16,0,1,1
BRDA:125,1,0,0
BRDA:125,1,1,0
BRF:4
BRH:2
end_of_record
TN:
SF:static\js\state\workshop.js
FN:7,(anonymous_0)
FN:21,(anonymous_1)
FN:29,(anonymous_2)
FN:38,(anonymous_3)
FN:39,(anonymous_4)
FN:46,(anonymous_5)
FN:54,(anonymous_6)
FN:63,(anonymous_7)
FN:75,(anonymous_8)
FN:83,(anonymous_9)
FN:92,(anonymous_10)
FN:101,(anonymous_11)
FN:109,(anonymous_12)
FN:117,(anonymous_13)
FN:127,(anonymous_14)
FN:134,(anonymous_15)
FN:142,(anonymous_16)
FN:149,(anonymous_17)
FN:157,(anonymous_18)
FN:166,(anonymous_19)
FN:174,(anonymous_20)
FN:183,(anonymous_21)
FN:191,(anonymous_22)
FNF:23
FNH:0
FNDA:0,(anonymous_0)
FNDA:0,(anonymous_1)
FNDA:0,(anonymous_2)
FNDA:0,(anonymous_3)
FNDA:0,(anonymous_4)
FNDA:0,(anonymous_5)
FNDA:0,(anonymous_6)
FNDA:0,(anonymous_7)
FNDA:0,(anonymous_8)
FNDA:0,(anonymous_9)
FNDA:0,(anonymous_10)
FNDA:0,(anonymous_11)
FNDA:0,(anonymous_12)
FNDA:0,(anonymous_13)
FNDA:0,(anonymous_14)
FNDA:0,(anonymous_15)
FNDA:0,(anonymous_16)
FNDA:0,(anonymous_17)
FNDA:0,(anonymous_18)
FNDA:0,(anonymous_19)
FNDA:0,(anonymous_20)
FNDA:0,(anonymous_21)
FNDA:0,(anonymous_22)
DA:8,0
DA:9,0
DA:10,0
DA:11,0
DA:12,0
DA:13,0
DA:14,0
DA:22,0
DA:30,0
DA:39,0
DA:47,0
DA:55,0
DA:64,0
DA:65,0
DA:66,0
DA:67,0
DA:68,0
DA:76,0
DA:84,0
DA:93,0
DA:94,0
DA:102,0
DA:110,0
DA:118,0
DA:128,0
DA:135,0
DA:143,0
DA:150,0
DA:158,0
DA:159,0
DA:167,0
DA:175,0
DA:176,0
DA:184,0
DA:185,0
DA:192,0
DA:193,0
DA:194,0
DA:195,0
DA:196,0
LF:40
LH:0
BRDA:39,0,0,0
BRDA:39,0,1,0
BRDA:118,1,0,0
BRDA:118,1,1,0
BRDA:118,1,2,0
BRDA:128,2,0,0
BRDA:128,2,1,0
BRDA:158,3,0,0
BRDA:158,3,1,0
BRDA:175,4,0,0
BRDA:175,4,1,0
BRDA:184,5,0,0
BRDA:184,5,1,0
BRF:13
BRH:0
end_of_record
TN:
SF:static\js\visualizations\index.js
FN:7,(anonymous_0)
FN:17,(anonymous_1)
FN:29,(anonymous_2)
FN:38,(anonymous_3)
FN:46,(anonymous_4)
FN:56,(anonymous_5)
FN:82,(anonymous_6)
FN:112,(anonymous_7)
FN:132,(anonymous_8)
FN:140,(anonymous_9)
FN:148,(anonymous_10)
FN:155,(anonymous_11)
FNF:12
FNH:0
FNDA:0,(anonymous_0)
FNDA:0,(anonymous_1)
FNDA:0,(anonymous_2)
FNDA:0,(anonymous_3)
FNDA:0,(anonymous_4)
FNDA:0,(anonymous_5)
FNDA:0,(anonymous_6)
FNDA:0,(anonymous_7)
FNDA:0,(anonymous_8)
FNDA:0,(anonymous_9)
FNDA:0,(anonymous_10)
FNDA:0,(anonymous_11)
DA:8,0
DA:9,0
DA:18,0
DA:19,0
DA:21,0
DA:30,0
DA:39,0
DA:47,0
DA:57,0
DA:58,0
DA:61,0
DA:62,0
DA:63,0
DA:64,0
DA:67,0
DA:68,0
DA:69,0
DA:71,0
DA:72,0
DA:83,0
DA:85,0
DA:86,0
DA:87,0
DA:90,0
DA:92,0
DA:93,0
DA:96,0
DA:97,0
DA:98,0
DA:99,0
DA:100,0
DA:113,0
DA:114,0
DA:115,0
DA:116,0
DA:118,0
DA:121,0
DA:122,0
DA:125,0
DA:133,0
DA:141,0
DA:149,0
DA:156,0
DA:157,0
DA:162,0
LF:45
LH:0
BRDA:18,0,0,0
BRDA:18,0,1,0
BRDA:18,1,0,0
BRDA:18,1,1,0
BRDA:30,2,0,0
BRDA:30,2,1,0
BRDA:57,3,0,0
BRDA:57,3,1,0
BRDA:62,4,0,0
BRDA:62,4,1,0
BRDA:85,5,0,0
BRDA:85,5,1,0
BRDA:92,6,0,0
BRDA:92,6,1,0
BRDA:92,7,0,0
BRDA:92,7,1,0
BRDA:98,8,0,0
BRDA:98,8,1,0
BRDA:114,9,0,0
BRDA:114,9,1,0
BRDA:114,10,0,0
BRDA:114,10,1,0
BRDA:121,11,0,0
BRDA:121,11,1,0
BRDA:121,12,0,0
BRDA:121,12,1,0
BRF:26
BRH:0
end_of_record
TN:
SF:static\js\visualizations\renderers\base.js
FN:14,(anonymous_0)
FN:21,(anonymous_1)
FN:30,(anonymous_2)
FN:39,(anonymous_3)
FN:49,(anonymous_4)
FN:65,(anonymous_5)
FN:78,(anonymous_6)
FN:99,(anonymous_7)
FN:110,(anonymous_8)
FN:129,(anonymous_9)
FN:142,(anonymous_10)
FN:151,(anonymous_11)
FN:160,(anonymous_12)
FNF:13
FNH:0
FNDA:0,(anonymous_0)
FNDA:0,(anonymous_1)
FNDA:0,(anonymous_2)
FNDA:0,(anonymous_3)
FNDA:0,(anonymous_4)
FNDA:0,(anonymous_5)
FNDA:0,(anonymous_6)
FNDA:0,(anonymous_7)
FNDA:0,(anonymous_8)
FNDA:0,(anonymous_9)
FNDA:0,(anonymous_10)
FNDA:0,(anonymous_11)
FNDA:0,(anonymous_12)
DA:15,0
DA:31,0
DA:40,0
DA:50,0
DA:51,0
DA:53,0
DA:54,0
DA:57,0
DA:66,0
DA:67,0
DA:68,0
DA:69,0
DA:79,0
DA:80,0
DA:82,0
DA:83,0
DA:84,0
DA:87,0
DA:88,0
DA:91,0
DA:100,0
DA:101,0
DA:102,0
DA:111,0
DA:112,0
DA:115,0
DA:116,0
DA:119,0
DA:130,0
DA:131,0
DA:134,0
DA:143,0
DA:152,0
DA:161,0
LF:34
LH:0
BRDA:31,0,0,0
BRDA:31,0,1,0
BRDA:40,1,0,0
BRDA:40,1,1,0
BRDA:49,2,0,0
BRDA:53,3,0,0
BRDA:53,3,1,0
BRDA:53,4,0,0
BRDA:53,4,1,0
BRDA:82,5,0,0
BRDA:82,5,1,0
BRDA:87,6,0,0
BRDA:87,6,1,0
BRDA:111,7,0,0
BRDA:111,7,1,0
BRDA:111,8,0,0
BRDA:111,8,1,0
BRDA:115,9,0,0
BRDA:115,9,1,0
BRDA:129,10,0,0
BRDA:130,11,0,0
BRDA:130,11,1,0
BRDA:130,12,0,0
BRDA:130,12,1,0
BRDA:134,13,0,0
BRDA:134,13,1,0
BRF:26
BRH:0
end_of_record
